# callgrind format
version: 1
creator: callgrind-3.18.1
pid: 15850
cmd:  ./mdriver -f traces/amptjp-bal.rep
part: 1


desc: I1 cache: 
desc: D1 cache: 
desc: LL cache: 

desc: Timerange: Basic block 0 - 72757248
desc: Trigger: Program termination

positions: line
events: Ir
summary: 222576620


ob=(5) /home/marcin/UWr/SO/malloc-MarcinL1337-master/mdriver
fl=(158) /home/marcin/UWr/SO/malloc-MarcinL1337-master/mdriver.c
fn=(542) main
cfi=(198) /home/marcin/UWr/SO/malloc-MarcinL1337-master/mm.c
cfn=(822) mm_free
calls=2847 366 
717 17178025
cfi=(198)
cfn=(750) mm_malloc
calls=2847 341 
651 57014195
cfi=(198)
cfn=(822)
calls=2847 366 
797 17178025
cfi=(198)
cfn=(750)
calls=2847 341 
761 57014175
cfn=(826) fsecs
calls=1 184 
219 74192200

fn=(832) eval_mm_speed
cfi=(198)
cfn=(822)
calls=2847 366 
860 17178025
cfi=(198)
cfn=(750)
calls=2847 341 
839 57014175

fn=(826)
cfn=(832)
calls=1 821 
189 74192200

fl=(151) ???
fn=(510) (below main)
cob=(3) /usr/lib/x86_64-linux-gnu/libc.so.6
cfi=(152) ./csu/../csu/libc-start.c
cfn=(512) __libc_start_main@@GLIBC_2.34
calls=1 242 
0 222576620

fl=(178) /home/marcin/UWr/SO/malloc-MarcinL1337-master/memlib.c
fn=(748) mem_sbrk
55 2103
+1 2103
+2 10515
+6 2103
+2 2103

fl=(198)
fn=(802) coalesce
189 53220
fi=(203) /usr/include/x86_64-linux-gnu/bits/stdio2.h
-77 10644
fe=(198)
+77 10644
-54 10644
fi=(203)
-23 10644
cob=(2) ???
cfi=(51) ???
cfn=(788) 0x0000000000109250
calls=10644 0 
* 4513056
fe=(198)
-31 21288
+54 21288
+1 21288
-47 10638
-8 42552
+48 10638
+65 10638
-65 10638
+65 10638
-64 21276
-41 42552
197 21276
+4 21276
81 1518
+67 759
+55 759
-1 2277
-54 3036
+1 759
-1 759
+1 1518
+54 759
cfn=(810) del_from_seg_list
calls=759 -36 
* 2899830
81 759
+67 759
+56 759
81 759
+67 2277
+1 759
-1 759
+1 1518
+55 759
cfn=(810)
calls=759 -37 
* 2894187
81 1518
+13 759
205 759
-57 759
+58 759
-58 2277
+1 759
-1 759
fi=(203)
-36 1518
fe=(198)
+37 759
fi=(203)
-37 759
fe=(198)
+37 759
fi=(203)
-37 2277
cob=(2)
cfi=(51)
cfn=(752) 0x0000000000109360
calls=759 0 
* 1059564
fe=(198)
+37 3408
-1 3408
fi=(203)
-36 6816
fe=(198)
+37 3408
fi=(203)
-37 3408
fe=(198)
+37 3408
fi=(203)
-37 10224
cob=(2)
cfi=(51)
cfn=(752)
calls=3408 0 
* 4757568
fe=(198)
+42 20835
+1 2781
+1 2781
+1 2781
+1 2781
+69 35721
-65 1386
+65 1386
-64 1386
+64 8316
81 12
+48 12
+1 12
-41 6
191 6
-55 6
+61 18
+12 39540
81 3060
+67 3060
+1 3060
+62 3060
-1 6120
-62 15300
+1 6120
+62 3060
cfn=(810)
calls=3060 -44 
* 11650530
94 3060
212 3060
fi=(203)
112 3060
fe=(198)
213 3060
-65 3060
+1 3060
fi=(203)
-37 3060
fe=(198)
+36 3060
fi=(203)
-36 3060
fe=(198)
+36 6120
+1 6120
fi=(203)
-37 9180
cob=(2)
cfi=(51)
cfn=(752)
calls=3060 0 
* 4271760
fe=(198)
+42 15300
+1 8310
+1 4155
+1 4155
+70 4155
-69 4155
+69 45405
-12 13650
81 3408
+67 3408
+69 3408
81 3408
216 6816
-68 13632
+1 3408
-1 3408
+1 6816
+68 3408
cfn=(810)
calls=3408 -50 
* 12988203
81 6816
+13 3408
218 3408
+1 3408
-71 20466
+1 3417
fi=(203)
-37 3417
fe=(198)
+36 3417
fi=(203)
-36 3417
fe=(198)
+36 3417
fi=(203)
-36 3417
fe=(198)
+36 3417
+1 6834
fi=(203)
-37 10251
cob=(2)
cfi=(51)
cfn=(752)
calls=3417 0 
* 4770132
fe=(198)
+42 17085
+8 2322
+1 4644
+63 2322

fn=(800) morecore
229 8412
+1 2103
cfi=(178)
cfn=(748)
calls=2103 55 
* 18927
+2 4206
94 2103
+54 2103
fi=(203)
-36 4206
fe=(198)
235 2103
fi=(203)
112 2103
fe=(198)
-8 2103
+1 2103
+43 6309
+1 2103
-1 2103
+1 4206
fi=(203)
-37 4206
cob=(2)
cfi=(51)
cfn=(752)
calls=2103 0 
* 2913621
fe=(198)
-31 2103
246 2103
81 2103
+13 2103
240 2103
+2 4206
81 4206
+13 2103
243 4206
+4 6309
-1 2103
cfn=(802)
calls=2103 -57 
* 8060325

fn=(808) place
319 8541
148 8541
319 51246
fi=(203)
112 17082
cob=(2)
cfi=(51)
cfn=(788)
calls=8541 0 
* 3621384
fe=(198)
-31 8541
fi=(203)
+31 25623
fe=(198)
-31 8541
321 8541
fi=(203)
112 17082
cob=(2)
cfi=(51)
cfn=(752)
calls=8541 0 
* 8671242
fe=(198)
-31 8541
+67 8541
324 8541
81 8541
+67 25623
+1 8541
-1 8541
+1 17082
325 8541
-1 8541
cfn=(810)
calls=8541 167 
* 32396367
+1 17082
104 5886
fi=(203)
+8 11772
cob=(2)
cfi=(51)
cfn=(788)
calls=5886 0 
* 2495664
fe=(198)
-31 5886
+23 5886
+26 5886
-49 5886
+13 5886
+11 5886
-24 11772
+48 11772
+1 11772
-36 5886
+10 5886
fi=(203)
+8 11772
fe=(198)
-7 5886
+43 5886
+1 5886
-1 17658
+1 11772
-68 11772
fi=(203)
+31 5886
fe=(198)
+17 11772
+1 17658
fi=(203)
-18 11772
cob=(2)
cfi=(51)
cfn=(752)
calls=5886 0 
* 8216373
fe=(198)
+42 29430
+1 3444
+1 3444
+1 3444
+1 3444
335 20664
104 2655
fi=(203)
+8 5310
cob=(2)
cfi=(51)
cfn=(788)
calls=2655 0 
* 1125720
fe=(198)
-31 2655
+23 2655
-23 2655
+13 2655
+11 2655
335 15930
162 2442
+1 2442
335 14652

fn=(822)
366 17082
99 8541
fi=(203)
+13 17082
fe=(198)
366 8541
fi=(203)
112 8541
fe=(198)
366 8541
fi=(203)
112 8541
fe=(198)
366 8541
fi=(203)
112 8541
cob=(2)
cfi=(51)
cfn=(752)
calls=8541 0 
* 8677656
fe=(198)
370 34164
81 8541
376 8541
81 8541
373 8541
104 8541
+1 8541
377 25623
-1 8541
cfn=(802)
calls=8541 189 
* 42642894

fn=(750)
341 8541
+1 17082
-1 8541
144 8541
fi=(203)
-32 17082
fe=(198)
341 8541
144 8541
fi=(203)
-32 17082
fe=(198)
341 8541
fi=(203)
112 8541
cob=(2)
cfi=(51)
cfn=(752)
calls=8541 0 
* 8378327
fe=(198)
350 17082
cfn=(780) find_fit
calls=8541 -78 
* 75811710
* 8541
+2 17082
fi=(203)
112 42705
cob=(2)
cfi=(51)
cfn=(752)
calls=8541 0 
* 8600373
* 42705
cob=(2)
cfi=(51)
cfn=(752)
calls=8541 0 
* 8814312
fe=(198)
359 25623
cfn=(808)
calls=8541 -40 
* 57146961
+3 8541
124 8541
362 25623
fi=(203)
112 4206
cob=(2)
cfi=(51)
cfn=(788)
calls=2103 0 
* 891672
fe=(198)
354 4206
cfn=(800)
calls=2103 229 
* 11076993
* 6309

fn=(780)
272 8541
fi=(203)
112 8541
fe=(198)
272 59787
148 8541
272 8541
148 8541
fi=(203)
-36 8541
fe=(198)
+36 17082
+1 8541
-1 8541
+1 17082
274 17082
fi=(203)
112 59787
cob=(2)
cfi=(51)
cfn=(752)
calls=8541 0 
* 11760660
fe=(198)
278 34164
+2 83079
fi=(203)
112 273150
cob=(2)
cfi=(51)
cfn=(752)
calls=54630 0 
* 55285560
fe=(198)
-31 109260
282 163890
+4 96384
-6 119334
+9 38772
-11 58158
fi=(203)
112 2103
fe=(198)
292 2103
fi=(203)
112 2103
cob=(2)
cfi=(51)
cfn=(788)
calls=2103 0 
* 891672
fe=(198)
292 2103
fi=(203)
112 32190
cob=(2)
cfi=(51)
cfn=(752)
calls=6438 0 
* 6541008
fe=(198)
293 76869

fn=(810)
167 16527
fi=(203)
-55 49581
fe=(198)
+55 33054
fi=(203)
-55 16527
fe=(198)
+55 33054
fi=(203)
-55 33054
cob=(2)
cfi=(51)
cfn=(752)
calls=16527 0 
* 23071209
fe=(198)
+57 16527
fi=(203)
-57 33054
fe=(198)
+57 16527
fi=(203)
-57 49581
cob=(2)
cfi=(51)
cfn=(752)
calls=16527 0 
* 17055864
* 99162
cob=(2)
cfi=(51)
cfn=(752)
calls=16527 0 
* 22057266
fe=(198)
+60 68508
+3 324
+5 324
+6 648
-11 20436
+7 6432
+1 4824
+3 6432
-13 12294
+13 24588
-10 34440
+1 34440
+9 34440

ob=(3)
fl=(166) ./string/../sysdeps/x86_64/multiarch/strlen-avx2.S
fn=(784) __strnlen_avx2
50 1791
+7 1791
+2 1791
+2 1791
+2 1791
+1 1791
+1 1791
+3 1791
+2 1791
+1 1791
+3 1791
+1 1791
+3 1791
+1 1791
+26 1791
+1 1791
+5 3582

fn=(570) __strlen_avx2
50 31932
+13 31932
+1 31932
+1 31932
+3 31932
+2 31932
+1 31932
+3 31932
+1 31932
+8 31932
+1 31932
+1 31932
+5 63864

fl=(154) ./csu/../sysdeps/nptl/libc_start_call_main.h
fn=(534) (below main)
cob=(5)
cfi=(158)
cfn=(542)
calls=1 231 
58 222576620

fl=(199) ./debug/./debug/printf_chk.c
fn=(754) __printf_chk
25 1985808
+7 180528
-4 361056
+4 361056
-4 180528
+5 180528
-1 180528
+1 180528
-5 180528
+4 180528
+1 180528
-1 180528
+1 180528
cfi=(200) ./stdio-common/./stdio-common/vfprintf-internal.c
cfn=(756) __vfprintf_internal
calls=180532 1180 
* 199125599
+4 902640

fl=(161) ./libio/./libio/fileops.c
fn=(770) _IO_file_overflow@@GLIBC_2.2.5
731 1221960
+1 977568
+7 1221958
+37 244391
-2 488782
+3 63864
+3 95796
+1 95796
+5 31932
+1 127728
-45 2
+14 1
-2 2
+9 3
+5 3
+2 2
-3 2
+3 1
+1 1
-6 1
+1 1
+5 4
+1 1
+2 2
+13 212460
-12 212460
+1 212460
+11 424920
-12 212460
cfn=(772) _IO_do_write@@GLIBC_2.2.5
calls=212467 423 
* 1062300
+9 63864
-1 31932
+1 31932
-1 31932
cfn=(772)
calls=31933 423 
* 3448656
* 63864

fn=(768) _IO_file_xsputn@@GLIBC_2.2.5
1197 1062300
+7 212460
-7 637380
+6 849840
+9 424920
-2 849840
+17 637380
+40 1912140
-36 212460
+12 212460
fi=(163) ./libio/./libio/libioP.h
940 637380
+2 424920
+1 424920
fe=(161)
1243 637380
cfn=(770)
calls=212467 731 
* 5948901
* 424920
+6 424920
+1 637380
+2 424920
+11 637380
443 212460
-10 424920
+7 849840
fi=(163)
942 424920
+1 424920
fe=(161)
448 1062300
cfn=(776) _IO_file_write@@GLIBC_2.2.5
calls=212467 1173 
* 9773160
+1 212460
-1 212460
+1 1062300
+2 212460
+4 424920
-3 424920
-1 424920
+4 424920
-2 212460
1256 424920
-1 424920
454 424920

fn=(776)
1173 1710744
+2 1466352
+5 244392
cfi=(202) ./io/../sysdeps/unix/sysv/linux/write.c
cfn=(778) write
calls=244400 25 
* 2199528
+1 488784
+5 244392
+1 244392
-12 488784
+4 733176
+1 488784
+10 733176
+3 1466352
-4 733176

fn=(772)
423 244392
+2 733176
+1 212460
-3 31932
fi=(163)
940 31932
fe=(161)
423 63864
fi=(163)
940 31932
fe=(161)
423 31932
fi=(163)
940 63864
fe=(161)
423 159660
+20 31932
-10 63864
+7 127728
fi=(163)
942 63864
+1 63864
fe=(161)
448 127728
cfn=(776)
calls=31933 1173 
* 1468872
* 31932
+1 159660
+2 31932
+4 63864
-3 63864
-1 63864
+4 63864
-2 31932
-28 127728
+1 255456
+28 63864

fl=(201) ./stdio-common/./stdio-common/_itoa.c
fn=(766) _itoa_word
163 477930
+3 955860
+2 813006
+18 335076
-8 11785584
-1 2205390
+9 142854

fl=(204) ./libio/./libio/ioputs.c
fn=(790) puts
33 255456
+2 31932
cob=(2)
cfi=(51)
cfn=(568) 0x000000000487c490
calls=31933 -35 
* 510912
+1 31932
-1 31932
+1 383184
+3 31932
-3 31932
+3 31932
-3 31932
+3 63864
-1 63864
+2 31932
fi=(163)
940 95796
+2 63864
+1 63864
fe=(204)
40 95796
cfi=(161)
cfn=(768)
calls=31933 1197 
* 5364576
* 63864
+1 127728
+1 127728
fi=(163)
883 63864
+1 319320
fe=(204)
46 223524
-5 63864
cfi=(162) ./libio/./libio/genops.c
cfn=(792) __overflow
calls=31933 199 
* 5204916
* 63864

fl=(152)
fn=(512)
cfi=(154)
cfn=(534)
calls=1 29 
392 222576620

fl=(167) ./string/../sysdeps/x86_64/multiarch/strchr-avx2.S
fn=(762) __strchrnul_avx2
51 421284
+2 421284
+1 421284
+1 421284
+1 421284
+1 421284
+3 421284
+1 421284
+4 421284
+1 421284
+1 421284
+1 421284
+1 421284
+1 421284
+1 421284
+1 421284
+6 421284
+1 842568

fl=(175) ./string/../sysdeps/x86_64/multiarch/memmove-vec-unaligned-erms.S
fn=(806) __mempcpy_avx_unaligned_erms
294 87687
+1 87687
+1 87687
+1 87687
+17 87687
+1 87687
+42 87687
+1 87687
+36 87687
+1 87687
+1 87687
+1 87687
+2 87687

fl=(202)
fn=(778)
25 244392
+1 1710744
+1 244392

fl=(200)
fn=(756)
1180 2166336
+30 902640
+8 541585
+4 902640
+11 361056
-15 361054
+18 1263696
1612 1263696
1236 180528
cfn=(758) buffered_vfprintf
calls=180534 2229 
* 191182368

fn=(757) __vfprintf_internal'2
1180 2166336
+30 902640
+8 541584
+4 902640
+11 361056
+11 180528
fi=(207) ./stdio-common/./stdio-common/printf-parse.h
111 361056
fe=(200)
1244 902640
fi=(207)
111 180528
cob=(2)
cfi=(51)
cfn=(760) 0x000000000487c4d0
calls=180534 0 
* 3791088
fe=(200)
1259 180528
fi=(207)
111 180528
fe=(200)
1259 541584
239 180528
fi=(230) ./stdio-common/../libio/libioP.h
940 180528
fe=(200)
1263 180528
fi=(230)
942 180528
-2 180528
fe=(200)
1263 180528
fi=(230)
940 361056
+2 361056
+1 361056
fe=(200)
239 722112
cfi=(162)
cfn=(764) _IO_default_xsputn
calls=180534 371 
* 12675972
* 361056
127 1624752
1263 361056
+4 541584
+4 1444224
1532 180528
1214 180528
+34 180528
-8 180528
1532 541584
+23 180528
-39 180528
+39 180528
-39 180528
+39 361056
1313 3611340
+39 240756
-51 240756
-1 240756
-1 240756
-1 240756
+5 240756
1501 240756
fi=(207)
88 240756
fe=(200)
1352 240756
-46 240756
-4 240756
+50 240756
1501 240756
1295 240756
-1 240756
-1 240756
-1 240756
-1 240756
+16 481512
1608 361056
+1 361056
+3 2166336
1218 361056
1517 5373
cob=(2)
cfi=(51)
cfn=(782) 0x000000000487c390
calls=1791 0 
* 35820
* 7164
-33 62886
-5 503088
-1 62886
+1 503088
-87 66108
1516 3172653
cfi=(201)
cfn=(766)
calls=238967 163 
* 16715700
* 10429500
192 268968
1516 104481
192 208962
+47 238965
fi=(230)
942 716895
+1 477930
fe=(200)
239 955860
cfi=(162)
cfn=(764)
calls=238967 371 
* 15866190
* 477930
127 3119082
1517 481512
-1 2576688
-53 71427
+53 771714
+73 240756
fi=(207)
111 240756
fe=(200)
1583 240756
fi=(207)
111 481512
cob=(2)
cfi=(51)
cfn=(760)
calls=240773 0 
* 5055876
fe=(200)
239 240756
fi=(230)
942 240756
fe=(200)
1593 240756
fi=(207)
111 240756
fi=(230)
942 240756
fe=(200)
1593 240756
fi=(230)
942 240756
+1 481512
fe=(200)
239 963024
cfi=(162)
cfn=(764)
calls=240774 371 
* 15530454
* 481512
127 3129828
1593 481512
+2 662040
-79 4784886
192 477930
1516 429702
1392 17082
1516 452808
+1 3582
-1 85410
239 1791
fi=(230)
942 5373
+1 3582
fe=(200)
239 7164
cfi=(162)
cfn=(764)
calls=1794 371 
* 145071
* 3582
127 10746
1516 614802

fn=(758)
2229 2888448
+8 722112
+10 180528
+14 180528
-14 180528
+17 180528
-17 180528
+10 180528
-16 180528
+16 180528
+1 180528
-10 180528
+2 180528
+5 180528
+3 180528
+3 180528
cfn=(757)
calls=180534 1180 
* 139731867
+3 361056
-3 180528
+3 541584
cfi=(183) ./nptl/./nptl/libc-cleanup.c
cfn=(644) __libc_cleanup_push_defer
calls=180534 24 
* 1805280
+1 541584
+14 180528
fi=(230)
940 541584
+2 361056
+1 361056
fe=(200)
2279 541584
cfi=(161)
cfn=(768)
calls=180534 1197 
* 30328725
+1 541584
+5 1985808
+1 361056
cfi=(183)
cfn=(646) __libc_cleanup_pop_restore
calls=180534 39 
* 1444224
+3 1985808
-24 1624752
+12 361056
-12 180528
+12 722112
-40 361056

fl=(162)
fn=(792)
199 95796
+2 95796
+2 31932
fi=(163)
940 95796
+2 63864
+1 63864
fe=(162)
203 31932
+1 63864
-1 31932
cfi=(161)
cfn=(770)
calls=31933 731 
* 4630140

fn=(764)
371 662040
+3 1324080
-3 5296320
fi=(163)
940 662040
fe=(162)
371 662040
fi=(163)
940 662040
fe=(162)
371 662040
fi=(163)
940 662040
fe=(162)
371 1324080
+18 1148706
+8 662040
+2 1324080
-20 2648160
+2 1986120
+3 1324080
+2 350748
cob=(2)
cfi=(51)
cfn=(804) 0x000000000487c3e0
calls=87688 0 
* 1315305
+1 87687
-1 87687
+1 175374
+17 662040
-29 662040
+29 4634280
-11 5169930
+1 25623
-1 76869
+1 25623
-1 51246
+1 558024
-1 558024
+1 254892
-1 254892
+1 171696
-1 171696
+1 171696
-1 171696
+1 138642
-1 138642
+1 88506
-1 88506
+1 3383502
-1 1359390
+1 573600
-1 860400
+1 261090
-1 678435

fl=(183)
fn=(644)
24 180528
+3 361056
+3 722112
+1 180528
+2 180528
+1 180528

fn=(646)
39 180528
+3 361056
+2 361056
+1 361056
+2 180528

ob=(2)
fl=(51)
fn=(568)
0 63864
cob=(3)
cfi=(166)
cfn=(570)
calls=31952 50 
0 447048

fn=(804)
0 175374
cob=(3)
cfi=(175)
cfn=(806)
calls=87690 294 
0 1139931

fn=(788)
0 63864
cob=(3)
cfi=(204)
cfn=(790)
calls=31933 33 
0 13475304

fn=(752)
0 361056
cob=(3)
cfi=(199)
cfn=(754)
calls=180534 25 
0 204541439

fn=(782)
0 3582
cob=(3)
cfi=(166)
cfn=(784)
calls=1791 50 
0 32238

fn=(760)
0 842568
cob=(3)
cfi=(167)
cfn=(762)
calls=421308 51 
0 8004396

ob=(1) /usr/lib/x86_64-linux-gnu/ld-linux-x86-64.so.2
fl=(1) ???
fn=(0) 0x00000000000202b0
cob=(5)
cfi=(151)
cfn=(510)
calls=1 0 
0 222576620

totals: 222576620
