
zad1.elf:     file format elf32-avr

Sections:
Idx Name          Size      VMA       LMA       File off  Algn
  0 .data         0000009a  00800100  00000ecc  00000f60  2**0
                  CONTENTS, ALLOC, LOAD, DATA
  1 .text         00000ecc  00000000  00000000  00000094  2**1
                  CONTENTS, ALLOC, LOAD, READONLY, CODE
  2 .bss          00000014  0080019a  0080019a  00000ffa  2**0
                  ALLOC
  3 .stab         0000090c  00000000  00000000  00000ffc  2**2
                  CONTENTS, READONLY, DEBUGGING
  4 .stabstr      00000f14  00000000  00000000  00001908  2**0
                  CONTENTS, READONLY, DEBUGGING
  5 .comment      00000011  00000000  00000000  0000281c  2**0
                  CONTENTS, READONLY
  6 .note.gnu.avr.deviceinfo 00000040  00000000  00000000  00002830  2**2
                  CONTENTS, READONLY
  7 .debug_info   000005f4  00000000  00000000  00002870  2**0
                  CONTENTS, READONLY, DEBUGGING
  8 .debug_abbrev 000005a2  00000000  00000000  00002e64  2**0
                  CONTENTS, READONLY, DEBUGGING
  9 .debug_line   0000001a  00000000  00000000  00003406  2**0
                  CONTENTS, READONLY, DEBUGGING
 10 .debug_str    00000208  00000000  00000000  00003420  2**0
                  CONTENTS, READONLY, DEBUGGING

Disassembly of section .text:

00000000 <__vectors>:
   0:	0c 94 3a 00 	jmp	0x74	; 0x74 <__ctors_end>
   4:	0c 94 57 00 	jmp	0xae	; 0xae <__bad_interrupt>
   8:	0c 94 57 00 	jmp	0xae	; 0xae <__bad_interrupt>
   c:	0c 94 57 00 	jmp	0xae	; 0xae <__bad_interrupt>
  10:	0c 94 57 00 	jmp	0xae	; 0xae <__bad_interrupt>
  14:	0c 94 57 00 	jmp	0xae	; 0xae <__bad_interrupt>
  18:	0c 94 57 00 	jmp	0xae	; 0xae <__bad_interrupt>
  1c:	0c 94 57 00 	jmp	0xae	; 0xae <__bad_interrupt>
  20:	0c 94 57 00 	jmp	0xae	; 0xae <__bad_interrupt>
  24:	0c 94 57 00 	jmp	0xae	; 0xae <__bad_interrupt>
  28:	0c 94 57 00 	jmp	0xae	; 0xae <__bad_interrupt>
  2c:	0c 94 57 00 	jmp	0xae	; 0xae <__bad_interrupt>
  30:	0c 94 57 00 	jmp	0xae	; 0xae <__bad_interrupt>
  34:	0c 94 57 00 	jmp	0xae	; 0xae <__bad_interrupt>
  38:	0c 94 57 00 	jmp	0xae	; 0xae <__bad_interrupt>
  3c:	0c 94 57 00 	jmp	0xae	; 0xae <__bad_interrupt>
  40:	0c 94 57 00 	jmp	0xae	; 0xae <__bad_interrupt>
  44:	0c 94 57 00 	jmp	0xae	; 0xae <__bad_interrupt>
  48:	0c 94 57 00 	jmp	0xae	; 0xae <__bad_interrupt>
  4c:	0c 94 57 00 	jmp	0xae	; 0xae <__bad_interrupt>
  50:	0c 94 57 00 	jmp	0xae	; 0xae <__bad_interrupt>
  54:	0c 94 57 00 	jmp	0xae	; 0xae <__bad_interrupt>
  58:	0c 94 57 00 	jmp	0xae	; 0xae <__bad_interrupt>
  5c:	0c 94 57 00 	jmp	0xae	; 0xae <__bad_interrupt>
  60:	0c 94 57 00 	jmp	0xae	; 0xae <__bad_interrupt>
  64:	0c 94 57 00 	jmp	0xae	; 0xae <__bad_interrupt>

00000068 <__trampolines_end>:
  68:	63 64       	ori	r22, 0x43	; 67
  6a:	69 6e       	ori	r22, 0xE9	; 233
  6c:	6f 70       	andi	r22, 0x0F	; 15
  6e:	73 75       	andi	r23, 0x53	; 83
  70:	78 58       	subi	r23, 0x88	; 136
  72:	5b 00       	.word	0x005b	; ????

00000074 <__ctors_end>:
  74:	11 24       	eor	r1, r1
  76:	1f be       	out	0x3f, r1	; 63
  78:	cf ef       	ldi	r28, 0xFF	; 255
  7a:	d8 e0       	ldi	r29, 0x08	; 8
  7c:	de bf       	out	0x3e, r29	; 62
  7e:	cd bf       	out	0x3d, r28	; 61

00000080 <__do_copy_data>:
  80:	11 e0       	ldi	r17, 0x01	; 1
  82:	a0 e0       	ldi	r26, 0x00	; 0
  84:	b1 e0       	ldi	r27, 0x01	; 1
  86:	ec ec       	ldi	r30, 0xCC	; 204
  88:	fe e0       	ldi	r31, 0x0E	; 14
  8a:	02 c0       	rjmp	.+4      	; 0x90 <__do_copy_data+0x10>
  8c:	05 90       	lpm	r0, Z+
  8e:	0d 92       	st	X+, r0
  90:	aa 39       	cpi	r26, 0x9A	; 154
  92:	b1 07       	cpc	r27, r17
  94:	d9 f7       	brne	.-10     	; 0x8c <__do_copy_data+0xc>

00000096 <__do_clear_bss>:
  96:	21 e0       	ldi	r18, 0x01	; 1
  98:	aa e9       	ldi	r26, 0x9A	; 154
  9a:	b1 e0       	ldi	r27, 0x01	; 1
  9c:	01 c0       	rjmp	.+2      	; 0xa0 <.do_clear_bss_start>

0000009e <.do_clear_bss_loop>:
  9e:	1d 92       	st	X+, r1

000000a0 <.do_clear_bss_start>:
  a0:	ae 3a       	cpi	r26, 0xAE	; 174
  a2:	b2 07       	cpc	r27, r18
  a4:	e1 f7       	brne	.-8      	; 0x9e <.do_clear_bss_loop>
  a6:	0e 94 79 00 	call	0xf2	; 0xf2 <main>
  aa:	0c 94 64 07 	jmp	0xec8	; 0xec8 <_exit>

000000ae <__bad_interrupt>:
  ae:	0c 94 00 00 	jmp	0	; 0x0 <__vectors>

000000b2 <uart_transmit>:
  b2:	90 91 c0 00 	lds	r25, 0x00C0	; 0x8000c0 <__TEXT_REGION_LENGTH__+0x7f80c0>
  b6:	95 ff       	sbrs	r25, 5
  b8:	fc cf       	rjmp	.-8      	; 0xb2 <uart_transmit>
  ba:	80 93 c6 00 	sts	0x00C6, r24	; 0x8000c6 <__TEXT_REGION_LENGTH__+0x7f80c6>
  be:	80 e0       	ldi	r24, 0x00	; 0
  c0:	90 e0       	ldi	r25, 0x00	; 0
  c2:	08 95       	ret

000000c4 <uart_receive>:
  c4:	80 91 c0 00 	lds	r24, 0x00C0	; 0x8000c0 <__TEXT_REGION_LENGTH__+0x7f80c0>
  c8:	87 ff       	sbrs	r24, 7
  ca:	fc cf       	rjmp	.-8      	; 0xc4 <uart_receive>
  cc:	80 91 c6 00 	lds	r24, 0x00C6	; 0x8000c6 <__TEXT_REGION_LENGTH__+0x7f80c6>
  d0:	90 e0       	ldi	r25, 0x00	; 0
  d2:	08 95       	ret

000000d4 <uart_init>:
  d4:	87 e6       	ldi	r24, 0x67	; 103
  d6:	90 e0       	ldi	r25, 0x00	; 0
  d8:	90 93 c5 00 	sts	0x00C5, r25	; 0x8000c5 <__TEXT_REGION_LENGTH__+0x7f80c5>
  dc:	80 93 c4 00 	sts	0x00C4, r24	; 0x8000c4 <__TEXT_REGION_LENGTH__+0x7f80c4>
  e0:	10 92 c0 00 	sts	0x00C0, r1	; 0x8000c0 <__TEXT_REGION_LENGTH__+0x7f80c0>
  e4:	88 e1       	ldi	r24, 0x18	; 24
  e6:	80 93 c1 00 	sts	0x00C1, r24	; 0x8000c1 <__TEXT_REGION_LENGTH__+0x7f80c1>
  ea:	86 e0       	ldi	r24, 0x06	; 6
  ec:	80 93 c2 00 	sts	0x00C2, r24	; 0x8000c2 <__TEXT_REGION_LENGTH__+0x7f80c2>
  f0:	08 95       	ret

000000f2 <main>:
  f2:	cf 93       	push	r28
  f4:	df 93       	push	r29
  f6:	cd b7       	in	r28, 0x3d	; 61
  f8:	de b7       	in	r29, 0x3e	; 62
  fa:	c0 58       	subi	r28, 0x80	; 128
  fc:	d1 09       	sbc	r29, r1
  fe:	0f b6       	in	r0, 0x3f	; 63
 100:	f8 94       	cli
 102:	de bf       	out	0x3e, r29	; 62
 104:	0f be       	out	0x3f, r0	; 63
 106:	cd bf       	out	0x3d, r28	; 61
 108:	87 e6       	ldi	r24, 0x67	; 103
 10a:	90 e0       	ldi	r25, 0x00	; 0
 10c:	90 93 c5 00 	sts	0x00C5, r25	; 0x8000c5 <__TEXT_REGION_LENGTH__+0x7f80c5>
 110:	80 93 c4 00 	sts	0x00C4, r24	; 0x8000c4 <__TEXT_REGION_LENGTH__+0x7f80c4>
 114:	10 92 c0 00 	sts	0x00C0, r1	; 0x8000c0 <__TEXT_REGION_LENGTH__+0x7f80c0>
 118:	88 e1       	ldi	r24, 0x18	; 24
 11a:	80 93 c1 00 	sts	0x00C1, r24	; 0x8000c1 <__TEXT_REGION_LENGTH__+0x7f80c1>
 11e:	86 e0       	ldi	r24, 0x06	; 6
 120:	80 93 c2 00 	sts	0x00C2, r24	; 0x8000c2 <__TEXT_REGION_LENGTH__+0x7f80c2>
 124:	8a e9       	ldi	r24, 0x9A	; 154
 126:	91 e0       	ldi	r25, 0x01	; 1
 128:	29 e5       	ldi	r18, 0x59	; 89
 12a:	30 e0       	ldi	r19, 0x00	; 0
 12c:	30 93 a3 01 	sts	0x01A3, r19	; 0x8001a3 <__data_end+0x9>
 130:	20 93 a2 01 	sts	0x01A2, r18	; 0x8001a2 <__data_end+0x8>
 134:	22 e6       	ldi	r18, 0x62	; 98
 136:	30 e0       	ldi	r19, 0x00	; 0
 138:	30 93 a5 01 	sts	0x01A5, r19	; 0x8001a5 <__data_end+0xb>
 13c:	20 93 a4 01 	sts	0x01A4, r18	; 0x8001a4 <__data_end+0xa>
 140:	23 e0       	ldi	r18, 0x03	; 3
 142:	20 93 9d 01 	sts	0x019D, r18	; 0x80019d <__data_end+0x3>
 146:	10 92 a7 01 	sts	0x01A7, r1	; 0x8001a7 <__data_end+0xd>
 14a:	10 92 a6 01 	sts	0x01A6, r1	; 0x8001a6 <__data_end+0xc>
 14e:	90 93 ad 01 	sts	0x01AD, r25	; 0x8001ad <__iob+0x5>
 152:	80 93 ac 01 	sts	0x01AC, r24	; 0x8001ac <__iob+0x4>
 156:	90 93 ab 01 	sts	0x01AB, r25	; 0x8001ab <__iob+0x3>
 15a:	80 93 aa 01 	sts	0x01AA, r24	; 0x8001aa <__iob+0x2>
 15e:	90 93 a9 01 	sts	0x01A9, r25	; 0x8001a9 <__iob+0x1>
 162:	80 93 a8 01 	sts	0x01A8, r24	; 0x8001a8 <__iob>
 166:	9e 01       	movw	r18, r28
 168:	2f 5f       	subi	r18, 0xFF	; 255
 16a:	3f 4f       	sbci	r19, 0xFF	; 255
 16c:	49 01       	movw	r8, r18
 16e:	34 e3       	ldi	r19, 0x34	; 52
 170:	63 2e       	mov	r6, r19
 172:	31 e0       	ldi	r19, 0x01	; 1
 174:	73 2e       	mov	r7, r19
 176:	4d e3       	ldi	r20, 0x3D	; 61
 178:	44 2e       	mov	r4, r20
 17a:	41 e0       	ldi	r20, 0x01	; 1
 17c:	54 2e       	mov	r5, r20
 17e:	5d e4       	ldi	r21, 0x4D	; 77
 180:	e5 2e       	mov	r14, r21
 182:	51 e0       	ldi	r21, 0x01	; 1
 184:	f5 2e       	mov	r15, r21
 186:	9f 92       	push	r9
 188:	8f 92       	push	r8
 18a:	7f 92       	push	r7
 18c:	6f 92       	push	r6
 18e:	0e 94 6b 01 	call	0x2d6	; 0x2d6 <scanf>
 192:	9f 92       	push	r9
 194:	8f 92       	push	r8
 196:	5f 92       	push	r5
 198:	4f 92       	push	r4
 19a:	0e 94 55 01 	call	0x2aa	; 0x2aa <printf>
 19e:	89 81       	ldd	r24, Y+1	; 0x01
 1a0:	0f b6       	in	r0, 0x3f	; 63
 1a2:	f8 94       	cli
 1a4:	de bf       	out	0x3e, r29	; 62
 1a6:	0f be       	out	0x3f, r0	; 63
 1a8:	cd bf       	out	0x3d, r28	; 61
 1aa:	88 23       	and	r24, r24
 1ac:	09 f4       	brne	.+2      	; 0x1b0 <main+0xbe>
 1ae:	73 c0       	rjmp	.+230    	; 0x296 <main+0x1a4>
 1b0:	9e 01       	movw	r18, r28
 1b2:	2e 5f       	subi	r18, 0xFE	; 254
 1b4:	3f 4f       	sbci	r19, 0xFF	; 255
 1b6:	59 01       	movw	r10, r18
 1b8:	c8 2e       	mov	r12, r24
 1ba:	08 2e       	mov	r0, r24
 1bc:	00 0c       	add	r0, r0
 1be:	dd 08       	sbc	r13, r13
 1c0:	df 92       	push	r13
 1c2:	8f 93       	push	r24
 1c4:	ff 92       	push	r15
 1c6:	ef 92       	push	r14
 1c8:	0e 94 55 01 	call	0x2aa	; 0x2aa <printf>
 1cc:	c6 01       	movw	r24, r12
 1ce:	88 0f       	add	r24, r24
 1d0:	99 1f       	adc	r25, r25
 1d2:	fc 01       	movw	r30, r24
 1d4:	e2 58       	subi	r30, 0x82	; 130
 1d6:	ff 4f       	sbci	r31, 0xFF	; 255
 1d8:	a0 81       	ld	r26, Z
 1da:	b1 81       	ldd	r27, Z+1	; 0x01
 1dc:	3c 90       	ld	r3, X
 1de:	0f 90       	pop	r0
 1e0:	0f 90       	pop	r0
 1e2:	0f 90       	pop	r0
 1e4:	0f 90       	pop	r0
 1e6:	33 20       	and	r3, r3
 1e8:	09 f4       	brne	.+2      	; 0x1ec <main+0xfa>
 1ea:	47 c0       	rjmp	.+142    	; 0x27a <main+0x188>
 1ec:	00 e0       	ldi	r16, 0x00	; 0
 1ee:	10 e0       	ldi	r17, 0x00	; 0
 1f0:	6f 01       	movw	r12, r30
 1f2:	1d c0       	rjmp	.+58     	; 0x22e <main+0x13c>
	#else
		//round up by default
		__ticks_dc = (uint32_t)(ceil(fabs(__tmp)));
	#endif

	__builtin_avr_delay_cycles(__ticks_dc);
 1f4:	af ef       	ldi	r26, 0xFF	; 255
 1f6:	b5 ea       	ldi	r27, 0xA5	; 165
 1f8:	ee e0       	ldi	r30, 0x0E	; 14
 1fa:	a1 50       	subi	r26, 0x01	; 1
 1fc:	b0 40       	sbci	r27, 0x00	; 0
 1fe:	e0 40       	sbci	r30, 0x00	; 0
 200:	e1 f7       	brne	.-8      	; 0x1fa <main+0x108>
 202:	00 c0       	rjmp	.+0      	; 0x204 <main+0x112>
 204:	00 00       	nop
 206:	2d 98       	cbi	0x05, 5	; 5
 208:	ff ef       	ldi	r31, 0xFF	; 255
 20a:	25 ea       	ldi	r18, 0xA5	; 165
 20c:	3e e0       	ldi	r19, 0x0E	; 14
 20e:	f1 50       	subi	r31, 0x01	; 1
 210:	20 40       	sbci	r18, 0x00	; 0
 212:	30 40       	sbci	r19, 0x00	; 0
 214:	e1 f7       	brne	.-8      	; 0x20e <main+0x11c>
 216:	00 c0       	rjmp	.+0      	; 0x218 <main+0x126>
 218:	00 00       	nop
 21a:	0f 5f       	subi	r16, 0xFF	; 255
 21c:	1f 4f       	sbci	r17, 0xFF	; 255
 21e:	d6 01       	movw	r26, r12
 220:	ed 91       	ld	r30, X+
 222:	fc 91       	ld	r31, X
 224:	e0 0f       	add	r30, r16
 226:	f1 1f       	adc	r31, r17
 228:	30 80       	ld	r3, Z
 22a:	33 20       	and	r3, r3
 22c:	31 f1       	breq	.+76     	; 0x27a <main+0x188>
 22e:	83 2d       	mov	r24, r3
 230:	03 2c       	mov	r0, r3
 232:	00 0c       	add	r0, r0
 234:	99 0b       	sbc	r25, r25
 236:	9f 93       	push	r25
 238:	3f 92       	push	r3
 23a:	ff 92       	push	r15
 23c:	ef 92       	push	r14
 23e:	0e 94 55 01 	call	0x2aa	; 0x2aa <printf>
 242:	0f 90       	pop	r0
 244:	0f 90       	pop	r0
 246:	0f 90       	pop	r0
 248:	0f 90       	pop	r0
 24a:	bd e2       	ldi	r27, 0x2D	; 45
 24c:	2d 9a       	sbi	0x05, 5	; 5
 24e:	3b 12       	cpse	r3, r27
 250:	d1 cf       	rjmp	.-94     	; 0x1f4 <main+0x102>
 252:	ef ef       	ldi	r30, 0xFF	; 255
 254:	f3 ed       	ldi	r31, 0xD3	; 211
 256:	20 e3       	ldi	r18, 0x30	; 48
 258:	e1 50       	subi	r30, 0x01	; 1
 25a:	f0 40       	sbci	r31, 0x00	; 0
 25c:	20 40       	sbci	r18, 0x00	; 0
 25e:	e1 f7       	brne	.-8      	; 0x258 <main+0x166>
 260:	00 c0       	rjmp	.+0      	; 0x262 <main+0x170>
 262:	00 00       	nop
 264:	2d 98       	cbi	0x05, 5	; 5
 266:	3f ef       	ldi	r19, 0xFF	; 255
 268:	85 ea       	ldi	r24, 0xA5	; 165
 26a:	9e e0       	ldi	r25, 0x0E	; 14
 26c:	31 50       	subi	r19, 0x01	; 1
 26e:	80 40       	sbci	r24, 0x00	; 0
 270:	90 40       	sbci	r25, 0x00	; 0
 272:	e1 f7       	brne	.-8      	; 0x26c <main+0x17a>
 274:	00 c0       	rjmp	.+0      	; 0x276 <main+0x184>
 276:	00 00       	nop
 278:	d0 cf       	rjmp	.-96     	; 0x21a <main+0x128>
 27a:	3f ef       	ldi	r19, 0xFF	; 255
 27c:	81 ef       	ldi	r24, 0xF1	; 241
 27e:	9b e2       	ldi	r25, 0x2B	; 43
 280:	31 50       	subi	r19, 0x01	; 1
 282:	80 40       	sbci	r24, 0x00	; 0
 284:	90 40       	sbci	r25, 0x00	; 0
 286:	e1 f7       	brne	.-8      	; 0x280 <main+0x18e>
 288:	00 c0       	rjmp	.+0      	; 0x28a <main+0x198>
 28a:	00 00       	nop
 28c:	d5 01       	movw	r26, r10
 28e:	8d 91       	ld	r24, X+
 290:	5d 01       	movw	r10, r26
 292:	81 11       	cpse	r24, r1
 294:	91 cf       	rjmp	.-222    	; 0x1b8 <main+0xc6>
 296:	bf ef       	ldi	r27, 0xFF	; 255
 298:	e9 e8       	ldi	r30, 0x89	; 137
 29a:	f6 e6       	ldi	r31, 0x66	; 102
 29c:	b1 50       	subi	r27, 0x01	; 1
 29e:	e0 40       	sbci	r30, 0x00	; 0
 2a0:	f0 40       	sbci	r31, 0x00	; 0
 2a2:	e1 f7       	brne	.-8      	; 0x29c <main+0x1aa>
 2a4:	00 c0       	rjmp	.+0      	; 0x2a6 <main+0x1b4>
 2a6:	00 00       	nop
 2a8:	6e cf       	rjmp	.-292    	; 0x186 <main+0x94>

000002aa <printf>:
 2aa:	a0 e0       	ldi	r26, 0x00	; 0
 2ac:	b0 e0       	ldi	r27, 0x00	; 0
 2ae:	eb e5       	ldi	r30, 0x5B	; 91
 2b0:	f1 e0       	ldi	r31, 0x01	; 1
 2b2:	0c 94 3d 07 	jmp	0xe7a	; 0xe7a <__prologue_saves__+0x20>
 2b6:	ae 01       	movw	r20, r28
 2b8:	4b 5f       	subi	r20, 0xFB	; 251
 2ba:	5f 4f       	sbci	r21, 0xFF	; 255
 2bc:	fa 01       	movw	r30, r20
 2be:	61 91       	ld	r22, Z+
 2c0:	71 91       	ld	r23, Z+
 2c2:	af 01       	movw	r20, r30
 2c4:	80 91 aa 01 	lds	r24, 0x01AA	; 0x8001aa <__iob+0x2>
 2c8:	90 91 ab 01 	lds	r25, 0x01AB	; 0x8001ab <__iob+0x3>
 2cc:	0e 94 81 01 	call	0x302	; 0x302 <vfprintf>
 2d0:	e2 e0       	ldi	r30, 0x02	; 2
 2d2:	0c 94 59 07 	jmp	0xeb2	; 0xeb2 <__epilogue_restores__+0x20>

000002d6 <scanf>:
 2d6:	a0 e0       	ldi	r26, 0x00	; 0
 2d8:	b0 e0       	ldi	r27, 0x00	; 0
 2da:	e1 e7       	ldi	r30, 0x71	; 113
 2dc:	f1 e0       	ldi	r31, 0x01	; 1
 2de:	0c 94 3d 07 	jmp	0xe7a	; 0xe7a <__prologue_saves__+0x20>
 2e2:	ae 01       	movw	r20, r28
 2e4:	4b 5f       	subi	r20, 0xFB	; 251
 2e6:	5f 4f       	sbci	r21, 0xFF	; 255
 2e8:	fa 01       	movw	r30, r20
 2ea:	61 91       	ld	r22, Z+
 2ec:	71 91       	ld	r23, Z+
 2ee:	af 01       	movw	r20, r30
 2f0:	80 91 a8 01 	lds	r24, 0x01A8	; 0x8001a8 <__iob>
 2f4:	90 91 a9 01 	lds	r25, 0x01A9	; 0x8001a9 <__iob+0x1>
 2f8:	0e 94 fe 04 	call	0x9fc	; 0x9fc <vfscanf>
 2fc:	e2 e0       	ldi	r30, 0x02	; 2
 2fe:	0c 94 59 07 	jmp	0xeb2	; 0xeb2 <__epilogue_restores__+0x20>

00000302 <vfprintf>:
 302:	ab e0       	ldi	r26, 0x0B	; 11
 304:	b0 e0       	ldi	r27, 0x00	; 0
 306:	e7 e8       	ldi	r30, 0x87	; 135
 308:	f1 e0       	ldi	r31, 0x01	; 1
 30a:	0c 94 2d 07 	jmp	0xe5a	; 0xe5a <__prologue_saves__>
 30e:	6c 01       	movw	r12, r24
 310:	7b 01       	movw	r14, r22
 312:	8a 01       	movw	r16, r20
 314:	fc 01       	movw	r30, r24
 316:	17 82       	std	Z+7, r1	; 0x07
 318:	16 82       	std	Z+6, r1	; 0x06
 31a:	83 81       	ldd	r24, Z+3	; 0x03
 31c:	81 ff       	sbrs	r24, 1
 31e:	cc c1       	rjmp	.+920    	; 0x6b8 <__EEPROM_REGION_LENGTH__+0x2b8>
 320:	ce 01       	movw	r24, r28
 322:	01 96       	adiw	r24, 0x01	; 1
 324:	3c 01       	movw	r6, r24
 326:	f6 01       	movw	r30, r12
 328:	93 81       	ldd	r25, Z+3	; 0x03
 32a:	f7 01       	movw	r30, r14
 32c:	93 fd       	sbrc	r25, 3
 32e:	85 91       	lpm	r24, Z+
 330:	93 ff       	sbrs	r25, 3
 332:	81 91       	ld	r24, Z+
 334:	7f 01       	movw	r14, r30
 336:	88 23       	and	r24, r24
 338:	09 f4       	brne	.+2      	; 0x33c <vfprintf+0x3a>
 33a:	ba c1       	rjmp	.+884    	; 0x6b0 <__EEPROM_REGION_LENGTH__+0x2b0>
 33c:	85 32       	cpi	r24, 0x25	; 37
 33e:	39 f4       	brne	.+14     	; 0x34e <vfprintf+0x4c>
 340:	93 fd       	sbrc	r25, 3
 342:	85 91       	lpm	r24, Z+
 344:	93 ff       	sbrs	r25, 3
 346:	81 91       	ld	r24, Z+
 348:	7f 01       	movw	r14, r30
 34a:	85 32       	cpi	r24, 0x25	; 37
 34c:	29 f4       	brne	.+10     	; 0x358 <vfprintf+0x56>
 34e:	b6 01       	movw	r22, r12
 350:	90 e0       	ldi	r25, 0x00	; 0
 352:	0e 94 77 06 	call	0xcee	; 0xcee <fputc>
 356:	e7 cf       	rjmp	.-50     	; 0x326 <vfprintf+0x24>
 358:	91 2c       	mov	r9, r1
 35a:	21 2c       	mov	r2, r1
 35c:	31 2c       	mov	r3, r1
 35e:	ff e1       	ldi	r31, 0x1F	; 31
 360:	f3 15       	cp	r31, r3
 362:	d8 f0       	brcs	.+54     	; 0x39a <vfprintf+0x98>
 364:	8b 32       	cpi	r24, 0x2B	; 43
 366:	79 f0       	breq	.+30     	; 0x386 <vfprintf+0x84>
 368:	38 f4       	brcc	.+14     	; 0x378 <vfprintf+0x76>
 36a:	80 32       	cpi	r24, 0x20	; 32
 36c:	79 f0       	breq	.+30     	; 0x38c <vfprintf+0x8a>
 36e:	83 32       	cpi	r24, 0x23	; 35
 370:	a1 f4       	brne	.+40     	; 0x39a <vfprintf+0x98>
 372:	23 2d       	mov	r18, r3
 374:	20 61       	ori	r18, 0x10	; 16
 376:	1d c0       	rjmp	.+58     	; 0x3b2 <vfprintf+0xb0>
 378:	8d 32       	cpi	r24, 0x2D	; 45
 37a:	61 f0       	breq	.+24     	; 0x394 <vfprintf+0x92>
 37c:	80 33       	cpi	r24, 0x30	; 48
 37e:	69 f4       	brne	.+26     	; 0x39a <vfprintf+0x98>
 380:	23 2d       	mov	r18, r3
 382:	21 60       	ori	r18, 0x01	; 1
 384:	16 c0       	rjmp	.+44     	; 0x3b2 <vfprintf+0xb0>
 386:	83 2d       	mov	r24, r3
 388:	82 60       	ori	r24, 0x02	; 2
 38a:	38 2e       	mov	r3, r24
 38c:	e3 2d       	mov	r30, r3
 38e:	e4 60       	ori	r30, 0x04	; 4
 390:	3e 2e       	mov	r3, r30
 392:	2a c0       	rjmp	.+84     	; 0x3e8 <vfprintf+0xe6>
 394:	f3 2d       	mov	r31, r3
 396:	f8 60       	ori	r31, 0x08	; 8
 398:	1d c0       	rjmp	.+58     	; 0x3d4 <vfprintf+0xd2>
 39a:	37 fc       	sbrc	r3, 7
 39c:	2d c0       	rjmp	.+90     	; 0x3f8 <vfprintf+0xf6>
 39e:	20 ed       	ldi	r18, 0xD0	; 208
 3a0:	28 0f       	add	r18, r24
 3a2:	2a 30       	cpi	r18, 0x0A	; 10
 3a4:	40 f0       	brcs	.+16     	; 0x3b6 <vfprintf+0xb4>
 3a6:	8e 32       	cpi	r24, 0x2E	; 46
 3a8:	b9 f4       	brne	.+46     	; 0x3d8 <vfprintf+0xd6>
 3aa:	36 fc       	sbrc	r3, 6
 3ac:	81 c1       	rjmp	.+770    	; 0x6b0 <__EEPROM_REGION_LENGTH__+0x2b0>
 3ae:	23 2d       	mov	r18, r3
 3b0:	20 64       	ori	r18, 0x40	; 64
 3b2:	32 2e       	mov	r3, r18
 3b4:	19 c0       	rjmp	.+50     	; 0x3e8 <vfprintf+0xe6>
 3b6:	36 fe       	sbrs	r3, 6
 3b8:	06 c0       	rjmp	.+12     	; 0x3c6 <vfprintf+0xc4>
 3ba:	8a e0       	ldi	r24, 0x0A	; 10
 3bc:	98 9e       	mul	r9, r24
 3be:	20 0d       	add	r18, r0
 3c0:	11 24       	eor	r1, r1
 3c2:	92 2e       	mov	r9, r18
 3c4:	11 c0       	rjmp	.+34     	; 0x3e8 <vfprintf+0xe6>
 3c6:	ea e0       	ldi	r30, 0x0A	; 10
 3c8:	2e 9e       	mul	r2, r30
 3ca:	20 0d       	add	r18, r0
 3cc:	11 24       	eor	r1, r1
 3ce:	22 2e       	mov	r2, r18
 3d0:	f3 2d       	mov	r31, r3
 3d2:	f0 62       	ori	r31, 0x20	; 32
 3d4:	3f 2e       	mov	r3, r31
 3d6:	08 c0       	rjmp	.+16     	; 0x3e8 <vfprintf+0xe6>
 3d8:	8c 36       	cpi	r24, 0x6C	; 108
 3da:	21 f4       	brne	.+8      	; 0x3e4 <vfprintf+0xe2>
 3dc:	83 2d       	mov	r24, r3
 3de:	80 68       	ori	r24, 0x80	; 128
 3e0:	38 2e       	mov	r3, r24
 3e2:	02 c0       	rjmp	.+4      	; 0x3e8 <vfprintf+0xe6>
 3e4:	88 36       	cpi	r24, 0x68	; 104
 3e6:	41 f4       	brne	.+16     	; 0x3f8 <vfprintf+0xf6>
 3e8:	f7 01       	movw	r30, r14
 3ea:	93 fd       	sbrc	r25, 3
 3ec:	85 91       	lpm	r24, Z+
 3ee:	93 ff       	sbrs	r25, 3
 3f0:	81 91       	ld	r24, Z+
 3f2:	7f 01       	movw	r14, r30
 3f4:	81 11       	cpse	r24, r1
 3f6:	b3 cf       	rjmp	.-154    	; 0x35e <vfprintf+0x5c>
 3f8:	98 2f       	mov	r25, r24
 3fa:	9f 7d       	andi	r25, 0xDF	; 223
 3fc:	95 54       	subi	r25, 0x45	; 69
 3fe:	93 30       	cpi	r25, 0x03	; 3
 400:	28 f4       	brcc	.+10     	; 0x40c <__EEPROM_REGION_LENGTH__+0xc>
 402:	0c 5f       	subi	r16, 0xFC	; 252
 404:	1f 4f       	sbci	r17, 0xFF	; 255
 406:	9f e3       	ldi	r25, 0x3F	; 63
 408:	99 83       	std	Y+1, r25	; 0x01
 40a:	0d c0       	rjmp	.+26     	; 0x426 <__EEPROM_REGION_LENGTH__+0x26>
 40c:	83 36       	cpi	r24, 0x63	; 99
 40e:	31 f0       	breq	.+12     	; 0x41c <__EEPROM_REGION_LENGTH__+0x1c>
 410:	83 37       	cpi	r24, 0x73	; 115
 412:	71 f0       	breq	.+28     	; 0x430 <__EEPROM_REGION_LENGTH__+0x30>
 414:	83 35       	cpi	r24, 0x53	; 83
 416:	09 f0       	breq	.+2      	; 0x41a <__EEPROM_REGION_LENGTH__+0x1a>
 418:	59 c0       	rjmp	.+178    	; 0x4cc <__EEPROM_REGION_LENGTH__+0xcc>
 41a:	21 c0       	rjmp	.+66     	; 0x45e <__EEPROM_REGION_LENGTH__+0x5e>
 41c:	f8 01       	movw	r30, r16
 41e:	80 81       	ld	r24, Z
 420:	89 83       	std	Y+1, r24	; 0x01
 422:	0e 5f       	subi	r16, 0xFE	; 254
 424:	1f 4f       	sbci	r17, 0xFF	; 255
 426:	88 24       	eor	r8, r8
 428:	83 94       	inc	r8
 42a:	91 2c       	mov	r9, r1
 42c:	53 01       	movw	r10, r6
 42e:	13 c0       	rjmp	.+38     	; 0x456 <__EEPROM_REGION_LENGTH__+0x56>
 430:	28 01       	movw	r4, r16
 432:	f2 e0       	ldi	r31, 0x02	; 2
 434:	4f 0e       	add	r4, r31
 436:	51 1c       	adc	r5, r1
 438:	f8 01       	movw	r30, r16
 43a:	a0 80       	ld	r10, Z
 43c:	b1 80       	ldd	r11, Z+1	; 0x01
 43e:	36 fe       	sbrs	r3, 6
 440:	03 c0       	rjmp	.+6      	; 0x448 <__EEPROM_REGION_LENGTH__+0x48>
 442:	69 2d       	mov	r22, r9
 444:	70 e0       	ldi	r23, 0x00	; 0
 446:	02 c0       	rjmp	.+4      	; 0x44c <__EEPROM_REGION_LENGTH__+0x4c>
 448:	6f ef       	ldi	r22, 0xFF	; 255
 44a:	7f ef       	ldi	r23, 0xFF	; 255
 44c:	c5 01       	movw	r24, r10
 44e:	0e 94 2e 06 	call	0xc5c	; 0xc5c <strnlen>
 452:	4c 01       	movw	r8, r24
 454:	82 01       	movw	r16, r4
 456:	f3 2d       	mov	r31, r3
 458:	ff 77       	andi	r31, 0x7F	; 127
 45a:	3f 2e       	mov	r3, r31
 45c:	16 c0       	rjmp	.+44     	; 0x48a <__EEPROM_REGION_LENGTH__+0x8a>
 45e:	28 01       	movw	r4, r16
 460:	22 e0       	ldi	r18, 0x02	; 2
 462:	42 0e       	add	r4, r18
 464:	51 1c       	adc	r5, r1
 466:	f8 01       	movw	r30, r16
 468:	a0 80       	ld	r10, Z
 46a:	b1 80       	ldd	r11, Z+1	; 0x01
 46c:	36 fe       	sbrs	r3, 6
 46e:	03 c0       	rjmp	.+6      	; 0x476 <__EEPROM_REGION_LENGTH__+0x76>
 470:	69 2d       	mov	r22, r9
 472:	70 e0       	ldi	r23, 0x00	; 0
 474:	02 c0       	rjmp	.+4      	; 0x47a <__EEPROM_REGION_LENGTH__+0x7a>
 476:	6f ef       	ldi	r22, 0xFF	; 255
 478:	7f ef       	ldi	r23, 0xFF	; 255
 47a:	c5 01       	movw	r24, r10
 47c:	0e 94 23 06 	call	0xc46	; 0xc46 <strnlen_P>
 480:	4c 01       	movw	r8, r24
 482:	f3 2d       	mov	r31, r3
 484:	f0 68       	ori	r31, 0x80	; 128
 486:	3f 2e       	mov	r3, r31
 488:	82 01       	movw	r16, r4
 48a:	33 fc       	sbrc	r3, 3
 48c:	1b c0       	rjmp	.+54     	; 0x4c4 <__EEPROM_REGION_LENGTH__+0xc4>
 48e:	82 2d       	mov	r24, r2
 490:	90 e0       	ldi	r25, 0x00	; 0
 492:	88 16       	cp	r8, r24
 494:	99 06       	cpc	r9, r25
 496:	b0 f4       	brcc	.+44     	; 0x4c4 <__EEPROM_REGION_LENGTH__+0xc4>
 498:	b6 01       	movw	r22, r12
 49a:	80 e2       	ldi	r24, 0x20	; 32
 49c:	90 e0       	ldi	r25, 0x00	; 0
 49e:	0e 94 77 06 	call	0xcee	; 0xcee <fputc>
 4a2:	2a 94       	dec	r2
 4a4:	f4 cf       	rjmp	.-24     	; 0x48e <__EEPROM_REGION_LENGTH__+0x8e>
 4a6:	f5 01       	movw	r30, r10
 4a8:	37 fc       	sbrc	r3, 7
 4aa:	85 91       	lpm	r24, Z+
 4ac:	37 fe       	sbrs	r3, 7
 4ae:	81 91       	ld	r24, Z+
 4b0:	5f 01       	movw	r10, r30
 4b2:	b6 01       	movw	r22, r12
 4b4:	90 e0       	ldi	r25, 0x00	; 0
 4b6:	0e 94 77 06 	call	0xcee	; 0xcee <fputc>
 4ba:	21 10       	cpse	r2, r1
 4bc:	2a 94       	dec	r2
 4be:	21 e0       	ldi	r18, 0x01	; 1
 4c0:	82 1a       	sub	r8, r18
 4c2:	91 08       	sbc	r9, r1
 4c4:	81 14       	cp	r8, r1
 4c6:	91 04       	cpc	r9, r1
 4c8:	71 f7       	brne	.-36     	; 0x4a6 <__EEPROM_REGION_LENGTH__+0xa6>
 4ca:	e8 c0       	rjmp	.+464    	; 0x69c <__EEPROM_REGION_LENGTH__+0x29c>
 4cc:	84 36       	cpi	r24, 0x64	; 100
 4ce:	11 f0       	breq	.+4      	; 0x4d4 <__EEPROM_REGION_LENGTH__+0xd4>
 4d0:	89 36       	cpi	r24, 0x69	; 105
 4d2:	41 f5       	brne	.+80     	; 0x524 <__EEPROM_REGION_LENGTH__+0x124>
 4d4:	f8 01       	movw	r30, r16
 4d6:	37 fe       	sbrs	r3, 7
 4d8:	07 c0       	rjmp	.+14     	; 0x4e8 <__EEPROM_REGION_LENGTH__+0xe8>
 4da:	60 81       	ld	r22, Z
 4dc:	71 81       	ldd	r23, Z+1	; 0x01
 4de:	82 81       	ldd	r24, Z+2	; 0x02
 4e0:	93 81       	ldd	r25, Z+3	; 0x03
 4e2:	0c 5f       	subi	r16, 0xFC	; 252
 4e4:	1f 4f       	sbci	r17, 0xFF	; 255
 4e6:	08 c0       	rjmp	.+16     	; 0x4f8 <__EEPROM_REGION_LENGTH__+0xf8>
 4e8:	60 81       	ld	r22, Z
 4ea:	71 81       	ldd	r23, Z+1	; 0x01
 4ec:	07 2e       	mov	r0, r23
 4ee:	00 0c       	add	r0, r0
 4f0:	88 0b       	sbc	r24, r24
 4f2:	99 0b       	sbc	r25, r25
 4f4:	0e 5f       	subi	r16, 0xFE	; 254
 4f6:	1f 4f       	sbci	r17, 0xFF	; 255
 4f8:	f3 2d       	mov	r31, r3
 4fa:	ff 76       	andi	r31, 0x6F	; 111
 4fc:	3f 2e       	mov	r3, r31
 4fe:	97 ff       	sbrs	r25, 7
 500:	09 c0       	rjmp	.+18     	; 0x514 <__EEPROM_REGION_LENGTH__+0x114>
 502:	90 95       	com	r25
 504:	80 95       	com	r24
 506:	70 95       	com	r23
 508:	61 95       	neg	r22
 50a:	7f 4f       	sbci	r23, 0xFF	; 255
 50c:	8f 4f       	sbci	r24, 0xFF	; 255
 50e:	9f 4f       	sbci	r25, 0xFF	; 255
 510:	f0 68       	ori	r31, 0x80	; 128
 512:	3f 2e       	mov	r3, r31
 514:	2a e0       	ldi	r18, 0x0A	; 10
 516:	30 e0       	ldi	r19, 0x00	; 0
 518:	a3 01       	movw	r20, r6
 51a:	0e 94 cc 06 	call	0xd98	; 0xd98 <__ultoa_invert>
 51e:	88 2e       	mov	r8, r24
 520:	86 18       	sub	r8, r6
 522:	45 c0       	rjmp	.+138    	; 0x5ae <__EEPROM_REGION_LENGTH__+0x1ae>
 524:	85 37       	cpi	r24, 0x75	; 117
 526:	31 f4       	brne	.+12     	; 0x534 <__EEPROM_REGION_LENGTH__+0x134>
 528:	23 2d       	mov	r18, r3
 52a:	2f 7e       	andi	r18, 0xEF	; 239
 52c:	b2 2e       	mov	r11, r18
 52e:	2a e0       	ldi	r18, 0x0A	; 10
 530:	30 e0       	ldi	r19, 0x00	; 0
 532:	25 c0       	rjmp	.+74     	; 0x57e <__EEPROM_REGION_LENGTH__+0x17e>
 534:	93 2d       	mov	r25, r3
 536:	99 7f       	andi	r25, 0xF9	; 249
 538:	b9 2e       	mov	r11, r25
 53a:	8f 36       	cpi	r24, 0x6F	; 111
 53c:	c1 f0       	breq	.+48     	; 0x56e <__EEPROM_REGION_LENGTH__+0x16e>
 53e:	18 f4       	brcc	.+6      	; 0x546 <__EEPROM_REGION_LENGTH__+0x146>
 540:	88 35       	cpi	r24, 0x58	; 88
 542:	79 f0       	breq	.+30     	; 0x562 <__EEPROM_REGION_LENGTH__+0x162>
 544:	b5 c0       	rjmp	.+362    	; 0x6b0 <__EEPROM_REGION_LENGTH__+0x2b0>
 546:	80 37       	cpi	r24, 0x70	; 112
 548:	19 f0       	breq	.+6      	; 0x550 <__EEPROM_REGION_LENGTH__+0x150>
 54a:	88 37       	cpi	r24, 0x78	; 120
 54c:	21 f0       	breq	.+8      	; 0x556 <__EEPROM_REGION_LENGTH__+0x156>
 54e:	b0 c0       	rjmp	.+352    	; 0x6b0 <__EEPROM_REGION_LENGTH__+0x2b0>
 550:	e9 2f       	mov	r30, r25
 552:	e0 61       	ori	r30, 0x10	; 16
 554:	be 2e       	mov	r11, r30
 556:	b4 fe       	sbrs	r11, 4
 558:	0d c0       	rjmp	.+26     	; 0x574 <__EEPROM_REGION_LENGTH__+0x174>
 55a:	fb 2d       	mov	r31, r11
 55c:	f4 60       	ori	r31, 0x04	; 4
 55e:	bf 2e       	mov	r11, r31
 560:	09 c0       	rjmp	.+18     	; 0x574 <__EEPROM_REGION_LENGTH__+0x174>
 562:	34 fe       	sbrs	r3, 4
 564:	0a c0       	rjmp	.+20     	; 0x57a <__EEPROM_REGION_LENGTH__+0x17a>
 566:	29 2f       	mov	r18, r25
 568:	26 60       	ori	r18, 0x06	; 6
 56a:	b2 2e       	mov	r11, r18
 56c:	06 c0       	rjmp	.+12     	; 0x57a <__EEPROM_REGION_LENGTH__+0x17a>
 56e:	28 e0       	ldi	r18, 0x08	; 8
 570:	30 e0       	ldi	r19, 0x00	; 0
 572:	05 c0       	rjmp	.+10     	; 0x57e <__EEPROM_REGION_LENGTH__+0x17e>
 574:	20 e1       	ldi	r18, 0x10	; 16
 576:	30 e0       	ldi	r19, 0x00	; 0
 578:	02 c0       	rjmp	.+4      	; 0x57e <__EEPROM_REGION_LENGTH__+0x17e>
 57a:	20 e1       	ldi	r18, 0x10	; 16
 57c:	32 e0       	ldi	r19, 0x02	; 2
 57e:	f8 01       	movw	r30, r16
 580:	b7 fe       	sbrs	r11, 7
 582:	07 c0       	rjmp	.+14     	; 0x592 <__EEPROM_REGION_LENGTH__+0x192>
 584:	60 81       	ld	r22, Z
 586:	71 81       	ldd	r23, Z+1	; 0x01
 588:	82 81       	ldd	r24, Z+2	; 0x02
 58a:	93 81       	ldd	r25, Z+3	; 0x03
 58c:	0c 5f       	subi	r16, 0xFC	; 252
 58e:	1f 4f       	sbci	r17, 0xFF	; 255
 590:	06 c0       	rjmp	.+12     	; 0x59e <__EEPROM_REGION_LENGTH__+0x19e>
 592:	60 81       	ld	r22, Z
 594:	71 81       	ldd	r23, Z+1	; 0x01
 596:	80 e0       	ldi	r24, 0x00	; 0
 598:	90 e0       	ldi	r25, 0x00	; 0
 59a:	0e 5f       	subi	r16, 0xFE	; 254
 59c:	1f 4f       	sbci	r17, 0xFF	; 255
 59e:	a3 01       	movw	r20, r6
 5a0:	0e 94 cc 06 	call	0xd98	; 0xd98 <__ultoa_invert>
 5a4:	88 2e       	mov	r8, r24
 5a6:	86 18       	sub	r8, r6
 5a8:	fb 2d       	mov	r31, r11
 5aa:	ff 77       	andi	r31, 0x7F	; 127
 5ac:	3f 2e       	mov	r3, r31
 5ae:	36 fe       	sbrs	r3, 6
 5b0:	0d c0       	rjmp	.+26     	; 0x5cc <__EEPROM_REGION_LENGTH__+0x1cc>
 5b2:	23 2d       	mov	r18, r3
 5b4:	2e 7f       	andi	r18, 0xFE	; 254
 5b6:	a2 2e       	mov	r10, r18
 5b8:	89 14       	cp	r8, r9
 5ba:	58 f4       	brcc	.+22     	; 0x5d2 <__EEPROM_REGION_LENGTH__+0x1d2>
 5bc:	34 fe       	sbrs	r3, 4
 5be:	0b c0       	rjmp	.+22     	; 0x5d6 <__EEPROM_REGION_LENGTH__+0x1d6>
 5c0:	32 fc       	sbrc	r3, 2
 5c2:	09 c0       	rjmp	.+18     	; 0x5d6 <__EEPROM_REGION_LENGTH__+0x1d6>
 5c4:	83 2d       	mov	r24, r3
 5c6:	8e 7e       	andi	r24, 0xEE	; 238
 5c8:	a8 2e       	mov	r10, r24
 5ca:	05 c0       	rjmp	.+10     	; 0x5d6 <__EEPROM_REGION_LENGTH__+0x1d6>
 5cc:	b8 2c       	mov	r11, r8
 5ce:	a3 2c       	mov	r10, r3
 5d0:	03 c0       	rjmp	.+6      	; 0x5d8 <__EEPROM_REGION_LENGTH__+0x1d8>
 5d2:	b8 2c       	mov	r11, r8
 5d4:	01 c0       	rjmp	.+2      	; 0x5d8 <__EEPROM_REGION_LENGTH__+0x1d8>
 5d6:	b9 2c       	mov	r11, r9
 5d8:	a4 fe       	sbrs	r10, 4
 5da:	0f c0       	rjmp	.+30     	; 0x5fa <__EEPROM_REGION_LENGTH__+0x1fa>
 5dc:	fe 01       	movw	r30, r28
 5de:	e8 0d       	add	r30, r8
 5e0:	f1 1d       	adc	r31, r1
 5e2:	80 81       	ld	r24, Z
 5e4:	80 33       	cpi	r24, 0x30	; 48
 5e6:	21 f4       	brne	.+8      	; 0x5f0 <__EEPROM_REGION_LENGTH__+0x1f0>
 5e8:	9a 2d       	mov	r25, r10
 5ea:	99 7e       	andi	r25, 0xE9	; 233
 5ec:	a9 2e       	mov	r10, r25
 5ee:	09 c0       	rjmp	.+18     	; 0x602 <__EEPROM_REGION_LENGTH__+0x202>
 5f0:	a2 fe       	sbrs	r10, 2
 5f2:	06 c0       	rjmp	.+12     	; 0x600 <__EEPROM_REGION_LENGTH__+0x200>
 5f4:	b3 94       	inc	r11
 5f6:	b3 94       	inc	r11
 5f8:	04 c0       	rjmp	.+8      	; 0x602 <__EEPROM_REGION_LENGTH__+0x202>
 5fa:	8a 2d       	mov	r24, r10
 5fc:	86 78       	andi	r24, 0x86	; 134
 5fe:	09 f0       	breq	.+2      	; 0x602 <__EEPROM_REGION_LENGTH__+0x202>
 600:	b3 94       	inc	r11
 602:	a3 fc       	sbrc	r10, 3
 604:	11 c0       	rjmp	.+34     	; 0x628 <__EEPROM_REGION_LENGTH__+0x228>
 606:	a0 fe       	sbrs	r10, 0
 608:	06 c0       	rjmp	.+12     	; 0x616 <__EEPROM_REGION_LENGTH__+0x216>
 60a:	b2 14       	cp	r11, r2
 60c:	88 f4       	brcc	.+34     	; 0x630 <__EEPROM_REGION_LENGTH__+0x230>
 60e:	28 0c       	add	r2, r8
 610:	92 2c       	mov	r9, r2
 612:	9b 18       	sub	r9, r11
 614:	0e c0       	rjmp	.+28     	; 0x632 <__EEPROM_REGION_LENGTH__+0x232>
 616:	b2 14       	cp	r11, r2
 618:	60 f4       	brcc	.+24     	; 0x632 <__EEPROM_REGION_LENGTH__+0x232>
 61a:	b6 01       	movw	r22, r12
 61c:	80 e2       	ldi	r24, 0x20	; 32
 61e:	90 e0       	ldi	r25, 0x00	; 0
 620:	0e 94 77 06 	call	0xcee	; 0xcee <fputc>
 624:	b3 94       	inc	r11
 626:	f7 cf       	rjmp	.-18     	; 0x616 <__EEPROM_REGION_LENGTH__+0x216>
 628:	b2 14       	cp	r11, r2
 62a:	18 f4       	brcc	.+6      	; 0x632 <__EEPROM_REGION_LENGTH__+0x232>
 62c:	2b 18       	sub	r2, r11
 62e:	02 c0       	rjmp	.+4      	; 0x634 <__EEPROM_REGION_LENGTH__+0x234>
 630:	98 2c       	mov	r9, r8
 632:	21 2c       	mov	r2, r1
 634:	a4 fe       	sbrs	r10, 4
 636:	10 c0       	rjmp	.+32     	; 0x658 <__EEPROM_REGION_LENGTH__+0x258>
 638:	b6 01       	movw	r22, r12
 63a:	80 e3       	ldi	r24, 0x30	; 48
 63c:	90 e0       	ldi	r25, 0x00	; 0
 63e:	0e 94 77 06 	call	0xcee	; 0xcee <fputc>
 642:	a2 fe       	sbrs	r10, 2
 644:	17 c0       	rjmp	.+46     	; 0x674 <__EEPROM_REGION_LENGTH__+0x274>
 646:	a1 fc       	sbrc	r10, 1
 648:	03 c0       	rjmp	.+6      	; 0x650 <__EEPROM_REGION_LENGTH__+0x250>
 64a:	88 e7       	ldi	r24, 0x78	; 120
 64c:	90 e0       	ldi	r25, 0x00	; 0
 64e:	02 c0       	rjmp	.+4      	; 0x654 <__EEPROM_REGION_LENGTH__+0x254>
 650:	88 e5       	ldi	r24, 0x58	; 88
 652:	90 e0       	ldi	r25, 0x00	; 0
 654:	b6 01       	movw	r22, r12
 656:	0c c0       	rjmp	.+24     	; 0x670 <__EEPROM_REGION_LENGTH__+0x270>
 658:	8a 2d       	mov	r24, r10
 65a:	86 78       	andi	r24, 0x86	; 134
 65c:	59 f0       	breq	.+22     	; 0x674 <__EEPROM_REGION_LENGTH__+0x274>
 65e:	a1 fe       	sbrs	r10, 1
 660:	02 c0       	rjmp	.+4      	; 0x666 <__EEPROM_REGION_LENGTH__+0x266>
 662:	8b e2       	ldi	r24, 0x2B	; 43
 664:	01 c0       	rjmp	.+2      	; 0x668 <__EEPROM_REGION_LENGTH__+0x268>
 666:	80 e2       	ldi	r24, 0x20	; 32
 668:	a7 fc       	sbrc	r10, 7
 66a:	8d e2       	ldi	r24, 0x2D	; 45
 66c:	b6 01       	movw	r22, r12
 66e:	90 e0       	ldi	r25, 0x00	; 0
 670:	0e 94 77 06 	call	0xcee	; 0xcee <fputc>
 674:	89 14       	cp	r8, r9
 676:	38 f4       	brcc	.+14     	; 0x686 <__EEPROM_REGION_LENGTH__+0x286>
 678:	b6 01       	movw	r22, r12
 67a:	80 e3       	ldi	r24, 0x30	; 48
 67c:	90 e0       	ldi	r25, 0x00	; 0
 67e:	0e 94 77 06 	call	0xcee	; 0xcee <fputc>
 682:	9a 94       	dec	r9
 684:	f7 cf       	rjmp	.-18     	; 0x674 <__EEPROM_REGION_LENGTH__+0x274>
 686:	8a 94       	dec	r8
 688:	f3 01       	movw	r30, r6
 68a:	e8 0d       	add	r30, r8
 68c:	f1 1d       	adc	r31, r1
 68e:	80 81       	ld	r24, Z
 690:	b6 01       	movw	r22, r12
 692:	90 e0       	ldi	r25, 0x00	; 0
 694:	0e 94 77 06 	call	0xcee	; 0xcee <fputc>
 698:	81 10       	cpse	r8, r1
 69a:	f5 cf       	rjmp	.-22     	; 0x686 <__EEPROM_REGION_LENGTH__+0x286>
 69c:	22 20       	and	r2, r2
 69e:	09 f4       	brne	.+2      	; 0x6a2 <__EEPROM_REGION_LENGTH__+0x2a2>
 6a0:	42 ce       	rjmp	.-892    	; 0x326 <vfprintf+0x24>
 6a2:	b6 01       	movw	r22, r12
 6a4:	80 e2       	ldi	r24, 0x20	; 32
 6a6:	90 e0       	ldi	r25, 0x00	; 0
 6a8:	0e 94 77 06 	call	0xcee	; 0xcee <fputc>
 6ac:	2a 94       	dec	r2
 6ae:	f6 cf       	rjmp	.-20     	; 0x69c <__EEPROM_REGION_LENGTH__+0x29c>
 6b0:	f6 01       	movw	r30, r12
 6b2:	86 81       	ldd	r24, Z+6	; 0x06
 6b4:	97 81       	ldd	r25, Z+7	; 0x07
 6b6:	02 c0       	rjmp	.+4      	; 0x6bc <__EEPROM_REGION_LENGTH__+0x2bc>
 6b8:	8f ef       	ldi	r24, 0xFF	; 255
 6ba:	9f ef       	ldi	r25, 0xFF	; 255
 6bc:	2b 96       	adiw	r28, 0x0b	; 11
 6be:	e2 e1       	ldi	r30, 0x12	; 18
 6c0:	0c 94 49 07 	jmp	0xe92	; 0xe92 <__epilogue_restores__>

000006c4 <putval>:
 6c4:	20 fd       	sbrc	r18, 0
 6c6:	09 c0       	rjmp	.+18     	; 0x6da <putval+0x16>
 6c8:	fc 01       	movw	r30, r24
 6ca:	23 fd       	sbrc	r18, 3
 6cc:	05 c0       	rjmp	.+10     	; 0x6d8 <putval+0x14>
 6ce:	22 ff       	sbrs	r18, 2
 6d0:	02 c0       	rjmp	.+4      	; 0x6d6 <putval+0x12>
 6d2:	73 83       	std	Z+3, r23	; 0x03
 6d4:	62 83       	std	Z+2, r22	; 0x02
 6d6:	51 83       	std	Z+1, r21	; 0x01
 6d8:	40 83       	st	Z, r20
 6da:	08 95       	ret

000006dc <mulacc>:
 6dc:	44 fd       	sbrc	r20, 4
 6de:	17 c0       	rjmp	.+46     	; 0x70e <mulacc+0x32>
 6e0:	46 fd       	sbrc	r20, 6
 6e2:	17 c0       	rjmp	.+46     	; 0x712 <mulacc+0x36>
 6e4:	ab 01       	movw	r20, r22
 6e6:	bc 01       	movw	r22, r24
 6e8:	da 01       	movw	r26, r20
 6ea:	fb 01       	movw	r30, r22
 6ec:	aa 0f       	add	r26, r26
 6ee:	bb 1f       	adc	r27, r27
 6f0:	ee 1f       	adc	r30, r30
 6f2:	ff 1f       	adc	r31, r31
 6f4:	10 94       	com	r1
 6f6:	d1 f7       	brne	.-12     	; 0x6ec <mulacc+0x10>
 6f8:	4a 0f       	add	r20, r26
 6fa:	5b 1f       	adc	r21, r27
 6fc:	6e 1f       	adc	r22, r30
 6fe:	7f 1f       	adc	r23, r31
 700:	cb 01       	movw	r24, r22
 702:	ba 01       	movw	r22, r20
 704:	66 0f       	add	r22, r22
 706:	77 1f       	adc	r23, r23
 708:	88 1f       	adc	r24, r24
 70a:	99 1f       	adc	r25, r25
 70c:	09 c0       	rjmp	.+18     	; 0x720 <mulacc+0x44>
 70e:	33 e0       	ldi	r19, 0x03	; 3
 710:	01 c0       	rjmp	.+2      	; 0x714 <mulacc+0x38>
 712:	34 e0       	ldi	r19, 0x04	; 4
 714:	66 0f       	add	r22, r22
 716:	77 1f       	adc	r23, r23
 718:	88 1f       	adc	r24, r24
 71a:	99 1f       	adc	r25, r25
 71c:	31 50       	subi	r19, 0x01	; 1
 71e:	d1 f7       	brne	.-12     	; 0x714 <mulacc+0x38>
 720:	62 0f       	add	r22, r18
 722:	71 1d       	adc	r23, r1
 724:	81 1d       	adc	r24, r1
 726:	91 1d       	adc	r25, r1
 728:	08 95       	ret

0000072a <skip_spaces>:
 72a:	0f 93       	push	r16
 72c:	1f 93       	push	r17
 72e:	cf 93       	push	r28
 730:	df 93       	push	r29
 732:	8c 01       	movw	r16, r24
 734:	c8 01       	movw	r24, r16
 736:	0e 94 39 06 	call	0xc72	; 0xc72 <fgetc>
 73a:	ec 01       	movw	r28, r24
 73c:	97 fd       	sbrc	r25, 7
 73e:	08 c0       	rjmp	.+16     	; 0x750 <skip_spaces+0x26>
 740:	0e 94 0f 06 	call	0xc1e	; 0xc1e <isspace>
 744:	89 2b       	or	r24, r25
 746:	b1 f7       	brne	.-20     	; 0x734 <skip_spaces+0xa>
 748:	b8 01       	movw	r22, r16
 74a:	ce 01       	movw	r24, r28
 74c:	0e 94 b3 06 	call	0xd66	; 0xd66 <ungetc>
 750:	ce 01       	movw	r24, r28
 752:	df 91       	pop	r29
 754:	cf 91       	pop	r28
 756:	1f 91       	pop	r17
 758:	0f 91       	pop	r16
 75a:	08 95       	ret

0000075c <conv_int>:
 75c:	8f 92       	push	r8
 75e:	9f 92       	push	r9
 760:	af 92       	push	r10
 762:	bf 92       	push	r11
 764:	ef 92       	push	r14
 766:	ff 92       	push	r15
 768:	0f 93       	push	r16
 76a:	1f 93       	push	r17
 76c:	cf 93       	push	r28
 76e:	df 93       	push	r29
 770:	8c 01       	movw	r16, r24
 772:	d6 2f       	mov	r29, r22
 774:	7a 01       	movw	r14, r20
 776:	b2 2e       	mov	r11, r18
 778:	0e 94 39 06 	call	0xc72	; 0xc72 <fgetc>
 77c:	9c 01       	movw	r18, r24
 77e:	33 27       	eor	r19, r19
 780:	2b 32       	cpi	r18, 0x2B	; 43
 782:	31 05       	cpc	r19, r1
 784:	31 f0       	breq	.+12     	; 0x792 <conv_int+0x36>
 786:	2d 32       	cpi	r18, 0x2D	; 45
 788:	31 05       	cpc	r19, r1
 78a:	61 f4       	brne	.+24     	; 0x7a4 <conv_int+0x48>
 78c:	8b 2d       	mov	r24, r11
 78e:	80 68       	ori	r24, 0x80	; 128
 790:	b8 2e       	mov	r11, r24
 792:	d1 50       	subi	r29, 0x01	; 1
 794:	11 f4       	brne	.+4      	; 0x79a <conv_int+0x3e>
 796:	80 e0       	ldi	r24, 0x00	; 0
 798:	68 c0       	rjmp	.+208    	; 0x86a <__DATA_REGION_LENGTH__+0x6a>
 79a:	c8 01       	movw	r24, r16
 79c:	0e 94 39 06 	call	0xc72	; 0xc72 <fgetc>
 7a0:	97 fd       	sbrc	r25, 7
 7a2:	f9 cf       	rjmp	.-14     	; 0x796 <conv_int+0x3a>
 7a4:	cb 2d       	mov	r28, r11
 7a6:	cd 7f       	andi	r28, 0xFD	; 253
 7a8:	2b 2d       	mov	r18, r11
 7aa:	20 73       	andi	r18, 0x30	; 48
 7ac:	09 f5       	brne	.+66     	; 0x7f0 <conv_int+0x94>
 7ae:	80 33       	cpi	r24, 0x30	; 48
 7b0:	f9 f4       	brne	.+62     	; 0x7f0 <conv_int+0x94>
 7b2:	aa 24       	eor	r10, r10
 7b4:	aa 94       	dec	r10
 7b6:	ad 0e       	add	r10, r29
 7b8:	09 f4       	brne	.+2      	; 0x7bc <conv_int+0x60>
 7ba:	43 c0       	rjmp	.+134    	; 0x842 <__DATA_REGION_LENGTH__+0x42>
 7bc:	c8 01       	movw	r24, r16
 7be:	0e 94 39 06 	call	0xc72	; 0xc72 <fgetc>
 7c2:	97 fd       	sbrc	r25, 7
 7c4:	3e c0       	rjmp	.+124    	; 0x842 <__DATA_REGION_LENGTH__+0x42>
 7c6:	9c 01       	movw	r18, r24
 7c8:	2f 7d       	andi	r18, 0xDF	; 223
 7ca:	33 27       	eor	r19, r19
 7cc:	28 35       	cpi	r18, 0x58	; 88
 7ce:	31 05       	cpc	r19, r1
 7d0:	49 f4       	brne	.+18     	; 0x7e4 <conv_int+0x88>
 7d2:	c2 64       	ori	r28, 0x42	; 66
 7d4:	d2 50       	subi	r29, 0x02	; 2
 7d6:	a9 f1       	breq	.+106    	; 0x842 <__DATA_REGION_LENGTH__+0x42>
 7d8:	c8 01       	movw	r24, r16
 7da:	0e 94 39 06 	call	0xc72	; 0xc72 <fgetc>
 7de:	97 ff       	sbrs	r25, 7
 7e0:	07 c0       	rjmp	.+14     	; 0x7f0 <conv_int+0x94>
 7e2:	2f c0       	rjmp	.+94     	; 0x842 <__DATA_REGION_LENGTH__+0x42>
 7e4:	b6 fe       	sbrs	r11, 6
 7e6:	02 c0       	rjmp	.+4      	; 0x7ec <conv_int+0x90>
 7e8:	c2 60       	ori	r28, 0x02	; 2
 7ea:	01 c0       	rjmp	.+2      	; 0x7ee <conv_int+0x92>
 7ec:	c2 61       	ori	r28, 0x12	; 18
 7ee:	da 2d       	mov	r29, r10
 7f0:	81 2c       	mov	r8, r1
 7f2:	91 2c       	mov	r9, r1
 7f4:	54 01       	movw	r10, r8
 7f6:	20 ed       	ldi	r18, 0xD0	; 208
 7f8:	28 0f       	add	r18, r24
 7fa:	28 30       	cpi	r18, 0x08	; 8
 7fc:	80 f0       	brcs	.+32     	; 0x81e <__DATA_REGION_LENGTH__+0x1e>
 7fe:	c4 ff       	sbrs	r28, 4
 800:	04 c0       	rjmp	.+8      	; 0x80a <__DATA_REGION_LENGTH__+0xa>
 802:	b8 01       	movw	r22, r16
 804:	0e 94 b3 06 	call	0xd66	; 0xd66 <ungetc>
 808:	19 c0       	rjmp	.+50     	; 0x83c <__DATA_REGION_LENGTH__+0x3c>
 80a:	2a 30       	cpi	r18, 0x0A	; 10
 80c:	40 f0       	brcs	.+16     	; 0x81e <__DATA_REGION_LENGTH__+0x1e>
 80e:	c6 ff       	sbrs	r28, 6
 810:	f8 cf       	rjmp	.-16     	; 0x802 <__DATA_REGION_LENGTH__+0x2>
 812:	2f 7d       	andi	r18, 0xDF	; 223
 814:	3f ee       	ldi	r19, 0xEF	; 239
 816:	32 0f       	add	r19, r18
 818:	36 30       	cpi	r19, 0x06	; 6
 81a:	98 f7       	brcc	.-26     	; 0x802 <__DATA_REGION_LENGTH__+0x2>
 81c:	27 50       	subi	r18, 0x07	; 7
 81e:	4c 2f       	mov	r20, r28
 820:	c5 01       	movw	r24, r10
 822:	b4 01       	movw	r22, r8
 824:	0e 94 6e 03 	call	0x6dc	; 0x6dc <mulacc>
 828:	4b 01       	movw	r8, r22
 82a:	5c 01       	movw	r10, r24
 82c:	c2 60       	ori	r28, 0x02	; 2
 82e:	d1 50       	subi	r29, 0x01	; 1
 830:	59 f0       	breq	.+22     	; 0x848 <__DATA_REGION_LENGTH__+0x48>
 832:	c8 01       	movw	r24, r16
 834:	0e 94 39 06 	call	0xc72	; 0xc72 <fgetc>
 838:	97 ff       	sbrs	r25, 7
 83a:	dd cf       	rjmp	.-70     	; 0x7f6 <conv_int+0x9a>
 83c:	c1 fd       	sbrc	r28, 1
 83e:	04 c0       	rjmp	.+8      	; 0x848 <__DATA_REGION_LENGTH__+0x48>
 840:	aa cf       	rjmp	.-172    	; 0x796 <conv_int+0x3a>
 842:	81 2c       	mov	r8, r1
 844:	91 2c       	mov	r9, r1
 846:	54 01       	movw	r10, r8
 848:	c7 ff       	sbrs	r28, 7
 84a:	08 c0       	rjmp	.+16     	; 0x85c <__DATA_REGION_LENGTH__+0x5c>
 84c:	b0 94       	com	r11
 84e:	a0 94       	com	r10
 850:	90 94       	com	r9
 852:	80 94       	com	r8
 854:	81 1c       	adc	r8, r1
 856:	91 1c       	adc	r9, r1
 858:	a1 1c       	adc	r10, r1
 85a:	b1 1c       	adc	r11, r1
 85c:	2c 2f       	mov	r18, r28
 85e:	b5 01       	movw	r22, r10
 860:	a4 01       	movw	r20, r8
 862:	c7 01       	movw	r24, r14
 864:	0e 94 62 03 	call	0x6c4	; 0x6c4 <putval>
 868:	81 e0       	ldi	r24, 0x01	; 1
 86a:	df 91       	pop	r29
 86c:	cf 91       	pop	r28
 86e:	1f 91       	pop	r17
 870:	0f 91       	pop	r16
 872:	ff 90       	pop	r15
 874:	ef 90       	pop	r14
 876:	bf 90       	pop	r11
 878:	af 90       	pop	r10
 87a:	9f 90       	pop	r9
 87c:	8f 90       	pop	r8
 87e:	08 95       	ret

00000880 <conv_brk>:
 880:	a0 e2       	ldi	r26, 0x20	; 32
 882:	b0 e0       	ldi	r27, 0x00	; 0
 884:	e6 e4       	ldi	r30, 0x46	; 70
 886:	f4 e0       	ldi	r31, 0x04	; 4
 888:	0c 94 30 07 	jmp	0xe60	; 0xe60 <__prologue_saves__+0x6>
 88c:	5c 01       	movw	r10, r24
 88e:	96 2e       	mov	r9, r22
 890:	7a 01       	movw	r14, r20
 892:	f9 01       	movw	r30, r18
 894:	8e 01       	movw	r16, r28
 896:	0f 5f       	subi	r16, 0xFF	; 255
 898:	1f 4f       	sbci	r17, 0xFF	; 255
 89a:	68 01       	movw	r12, r16
 89c:	80 e2       	ldi	r24, 0x20	; 32
 89e:	d8 01       	movw	r26, r16
 8a0:	1d 92       	st	X+, r1
 8a2:	8a 95       	dec	r24
 8a4:	e9 f7       	brne	.-6      	; 0x8a0 <conv_brk+0x20>
 8a6:	d5 01       	movw	r26, r10
 8a8:	13 96       	adiw	r26, 0x03	; 3
 8aa:	8c 90       	ld	r8, X
 8ac:	80 e0       	ldi	r24, 0x00	; 0
 8ae:	90 e0       	ldi	r25, 0x00	; 0
 8b0:	61 2c       	mov	r6, r1
 8b2:	71 2c       	mov	r7, r1
 8b4:	30 e0       	ldi	r19, 0x00	; 0
 8b6:	61 e0       	ldi	r22, 0x01	; 1
 8b8:	70 e0       	ldi	r23, 0x00	; 0
 8ba:	83 fc       	sbrc	r8, 3
 8bc:	25 91       	lpm	r18, Z+
 8be:	83 fe       	sbrs	r8, 3
 8c0:	21 91       	ld	r18, Z+
 8c2:	8f 01       	movw	r16, r30
 8c4:	52 2e       	mov	r5, r18
 8c6:	21 11       	cpse	r18, r1
 8c8:	03 c0       	rjmp	.+6      	; 0x8d0 <conv_brk+0x50>
 8ca:	80 e0       	ldi	r24, 0x00	; 0
 8cc:	90 e0       	ldi	r25, 0x00	; 0
 8ce:	92 c0       	rjmp	.+292    	; 0x9f4 <__stack+0xf5>
 8d0:	2e 35       	cpi	r18, 0x5E	; 94
 8d2:	11 f4       	brne	.+4      	; 0x8d8 <conv_brk+0x58>
 8d4:	00 97       	sbiw	r24, 0x00	; 0
 8d6:	51 f1       	breq	.+84     	; 0x92c <__stack+0x2d>
 8d8:	43 2f       	mov	r20, r19
 8da:	50 e0       	ldi	r21, 0x00	; 0
 8dc:	48 17       	cp	r20, r24
 8de:	59 07       	cpc	r21, r25
 8e0:	3c f4       	brge	.+14     	; 0x8f0 <conv_brk+0x70>
 8e2:	2d 35       	cpi	r18, 0x5D	; 93
 8e4:	59 f1       	breq	.+86     	; 0x93c <__stack+0x3d>
 8e6:	2d 32       	cpi	r18, 0x2D	; 45
 8e8:	19 f4       	brne	.+6      	; 0x8f0 <conv_brk+0x70>
 8ea:	77 20       	and	r7, r7
 8ec:	09 f1       	breq	.+66     	; 0x930 <__stack+0x31>
 8ee:	03 c0       	rjmp	.+6      	; 0x8f6 <conv_brk+0x76>
 8f0:	77 20       	and	r7, r7
 8f2:	09 f4       	brne	.+2      	; 0x8f6 <conv_brk+0x76>
 8f4:	6a c0       	rjmp	.+212    	; 0x9ca <__stack+0xcb>
 8f6:	45 2d       	mov	r20, r5
 8f8:	46 95       	lsr	r20
 8fa:	46 95       	lsr	r20
 8fc:	46 95       	lsr	r20
 8fe:	d6 01       	movw	r26, r12
 900:	a4 0f       	add	r26, r20
 902:	b1 1d       	adc	r27, r1
 904:	45 2d       	mov	r20, r5
 906:	47 70       	andi	r20, 0x07	; 7
 908:	8b 01       	movw	r16, r22
 90a:	02 c0       	rjmp	.+4      	; 0x910 <__stack+0x11>
 90c:	00 0f       	add	r16, r16
 90e:	11 1f       	adc	r17, r17
 910:	4a 95       	dec	r20
 912:	e2 f7       	brpl	.-8      	; 0x90c <__stack+0xd>
 914:	a8 01       	movw	r20, r16
 916:	5c 91       	ld	r21, X
 918:	45 2b       	or	r20, r21
 91a:	4c 93       	st	X, r20
 91c:	65 14       	cp	r6, r5
 91e:	59 f0       	breq	.+22     	; 0x936 <__stack+0x37>
 920:	56 14       	cp	r5, r6
 922:	10 f4       	brcc	.+4      	; 0x928 <__stack+0x29>
 924:	53 94       	inc	r5
 926:	e7 cf       	rjmp	.-50     	; 0x8f6 <conv_brk+0x76>
 928:	5a 94       	dec	r5
 92a:	e5 cf       	rjmp	.-54     	; 0x8f6 <conv_brk+0x76>
 92c:	31 e0       	ldi	r19, 0x01	; 1
 92e:	04 c0       	rjmp	.+8      	; 0x938 <__stack+0x39>
 930:	77 24       	eor	r7, r7
 932:	73 94       	inc	r7
 934:	01 c0       	rjmp	.+2      	; 0x938 <__stack+0x39>
 936:	71 2c       	mov	r7, r1
 938:	01 96       	adiw	r24, 0x01	; 1
 93a:	bf cf       	rjmp	.-130    	; 0x8ba <conv_brk+0x3a>
 93c:	77 20       	and	r7, r7
 93e:	19 f0       	breq	.+6      	; 0x946 <__stack+0x47>
 940:	8e 81       	ldd	r24, Y+6	; 0x06
 942:	80 62       	ori	r24, 0x20	; 32
 944:	8e 83       	std	Y+6, r24	; 0x06
 946:	31 11       	cpse	r19, r1
 948:	03 c0       	rjmp	.+6      	; 0x950 <__stack+0x51>
 94a:	88 24       	eor	r8, r8
 94c:	83 94       	inc	r8
 94e:	17 c0       	rjmp	.+46     	; 0x97e <__stack+0x7f>
 950:	f6 01       	movw	r30, r12
 952:	9e 01       	movw	r18, r28
 954:	2f 5d       	subi	r18, 0xDF	; 223
 956:	3f 4f       	sbci	r19, 0xFF	; 255
 958:	80 81       	ld	r24, Z
 95a:	80 95       	com	r24
 95c:	81 93       	st	Z+, r24
 95e:	2e 17       	cp	r18, r30
 960:	3f 07       	cpc	r19, r31
 962:	d1 f7       	brne	.-12     	; 0x958 <__stack+0x59>
 964:	f2 cf       	rjmp	.-28     	; 0x94a <__stack+0x4b>
 966:	e1 14       	cp	r14, r1
 968:	f1 04       	cpc	r15, r1
 96a:	29 f0       	breq	.+10     	; 0x976 <__stack+0x77>
 96c:	d7 01       	movw	r26, r14
 96e:	8c 93       	st	X, r24
 970:	f7 01       	movw	r30, r14
 972:	31 96       	adiw	r30, 0x01	; 1
 974:	7f 01       	movw	r14, r30
 976:	9a 94       	dec	r9
 978:	81 2c       	mov	r8, r1
 97a:	99 20       	and	r9, r9
 97c:	f9 f0       	breq	.+62     	; 0x9bc <__stack+0xbd>
 97e:	c5 01       	movw	r24, r10
 980:	0e 94 39 06 	call	0xc72	; 0xc72 <fgetc>
 984:	97 fd       	sbrc	r25, 7
 986:	18 c0       	rjmp	.+48     	; 0x9b8 <__stack+0xb9>
 988:	fc 01       	movw	r30, r24
 98a:	ff 27       	eor	r31, r31
 98c:	23 e0       	ldi	r18, 0x03	; 3
 98e:	f5 95       	asr	r31
 990:	e7 95       	ror	r30
 992:	2a 95       	dec	r18
 994:	e1 f7       	brne	.-8      	; 0x98e <__stack+0x8f>
 996:	ec 0d       	add	r30, r12
 998:	fd 1d       	adc	r31, r13
 99a:	20 81       	ld	r18, Z
 99c:	30 e0       	ldi	r19, 0x00	; 0
 99e:	ac 01       	movw	r20, r24
 9a0:	47 70       	andi	r20, 0x07	; 7
 9a2:	55 27       	eor	r21, r21
 9a4:	02 c0       	rjmp	.+4      	; 0x9aa <__stack+0xab>
 9a6:	35 95       	asr	r19
 9a8:	27 95       	ror	r18
 9aa:	4a 95       	dec	r20
 9ac:	e2 f7       	brpl	.-8      	; 0x9a6 <__stack+0xa7>
 9ae:	20 fd       	sbrc	r18, 0
 9b0:	da cf       	rjmp	.-76     	; 0x966 <__stack+0x67>
 9b2:	b5 01       	movw	r22, r10
 9b4:	0e 94 b3 06 	call	0xd66	; 0xd66 <ungetc>
 9b8:	81 10       	cpse	r8, r1
 9ba:	87 cf       	rjmp	.-242    	; 0x8ca <conv_brk+0x4a>
 9bc:	e1 14       	cp	r14, r1
 9be:	f1 04       	cpc	r15, r1
 9c0:	11 f0       	breq	.+4      	; 0x9c6 <__stack+0xc7>
 9c2:	d7 01       	movw	r26, r14
 9c4:	1c 92       	st	X, r1
 9c6:	c8 01       	movw	r24, r16
 9c8:	15 c0       	rjmp	.+42     	; 0x9f4 <__stack+0xf5>
 9ca:	42 2f       	mov	r20, r18
 9cc:	46 95       	lsr	r20
 9ce:	46 95       	lsr	r20
 9d0:	46 95       	lsr	r20
 9d2:	d6 01       	movw	r26, r12
 9d4:	a4 0f       	add	r26, r20
 9d6:	b1 1d       	adc	r27, r1
 9d8:	42 2f       	mov	r20, r18
 9da:	47 70       	andi	r20, 0x07	; 7
 9dc:	8b 01       	movw	r16, r22
 9de:	02 c0       	rjmp	.+4      	; 0x9e4 <__stack+0xe5>
 9e0:	00 0f       	add	r16, r16
 9e2:	11 1f       	adc	r17, r17
 9e4:	4a 95       	dec	r20
 9e6:	e2 f7       	brpl	.-8      	; 0x9e0 <__stack+0xe1>
 9e8:	a8 01       	movw	r20, r16
 9ea:	5c 91       	ld	r21, X
 9ec:	45 2b       	or	r20, r21
 9ee:	4c 93       	st	X, r20
 9f0:	62 2e       	mov	r6, r18
 9f2:	a2 cf       	rjmp	.-188    	; 0x938 <__stack+0x39>
 9f4:	a0 96       	adiw	r28, 0x20	; 32
 9f6:	ef e0       	ldi	r30, 0x0F	; 15
 9f8:	0c 94 4c 07 	jmp	0xe98	; 0xe98 <__epilogue_restores__+0x6>

000009fc <vfscanf>:
 9fc:	a0 e0       	ldi	r26, 0x00	; 0
 9fe:	b0 e0       	ldi	r27, 0x00	; 0
 a00:	e4 e0       	ldi	r30, 0x04	; 4
 a02:	f5 e0       	ldi	r31, 0x05	; 5
 a04:	0c 94 30 07 	jmp	0xe60	; 0xe60 <__prologue_saves__+0x6>
 a08:	6c 01       	movw	r12, r24
 a0a:	eb 01       	movw	r28, r22
 a0c:	5a 01       	movw	r10, r20
 a0e:	fc 01       	movw	r30, r24
 a10:	17 82       	std	Z+7, r1	; 0x07
 a12:	16 82       	std	Z+6, r1	; 0x06
 a14:	51 2c       	mov	r5, r1
 a16:	f6 01       	movw	r30, r12
 a18:	e3 80       	ldd	r14, Z+3	; 0x03
 a1a:	fe 01       	movw	r30, r28
 a1c:	e3 fc       	sbrc	r14, 3
 a1e:	85 91       	lpm	r24, Z+
 a20:	e3 fe       	sbrs	r14, 3
 a22:	81 91       	ld	r24, Z+
 a24:	18 2f       	mov	r17, r24
 a26:	ef 01       	movw	r28, r30
 a28:	88 23       	and	r24, r24
 a2a:	09 f4       	brne	.+2      	; 0xa2e <vfscanf+0x32>
 a2c:	ee c0       	rjmp	.+476    	; 0xc0a <vfscanf+0x20e>
 a2e:	90 e0       	ldi	r25, 0x00	; 0
 a30:	0e 94 0f 06 	call	0xc1e	; 0xc1e <isspace>
 a34:	89 2b       	or	r24, r25
 a36:	21 f0       	breq	.+8      	; 0xa40 <vfscanf+0x44>
 a38:	c6 01       	movw	r24, r12
 a3a:	0e 94 95 03 	call	0x72a	; 0x72a <skip_spaces>
 a3e:	eb cf       	rjmp	.-42     	; 0xa16 <vfscanf+0x1a>
 a40:	15 32       	cpi	r17, 0x25	; 37
 a42:	41 f4       	brne	.+16     	; 0xa54 <vfscanf+0x58>
 a44:	fe 01       	movw	r30, r28
 a46:	e3 fc       	sbrc	r14, 3
 a48:	15 91       	lpm	r17, Z+
 a4a:	e3 fe       	sbrs	r14, 3
 a4c:	11 91       	ld	r17, Z+
 a4e:	ef 01       	movw	r28, r30
 a50:	15 32       	cpi	r17, 0x25	; 37
 a52:	81 f4       	brne	.+32     	; 0xa74 <vfscanf+0x78>
 a54:	c6 01       	movw	r24, r12
 a56:	0e 94 39 06 	call	0xc72	; 0xc72 <fgetc>
 a5a:	97 fd       	sbrc	r25, 7
 a5c:	d4 c0       	rjmp	.+424    	; 0xc06 <vfscanf+0x20a>
 a5e:	41 2f       	mov	r20, r17
 a60:	50 e0       	ldi	r21, 0x00	; 0
 a62:	9c 01       	movw	r18, r24
 a64:	33 27       	eor	r19, r19
 a66:	24 17       	cp	r18, r20
 a68:	35 07       	cpc	r19, r21
 a6a:	a9 f2       	breq	.-86     	; 0xa16 <vfscanf+0x1a>
 a6c:	b6 01       	movw	r22, r12
 a6e:	0e 94 b3 06 	call	0xd66	; 0xd66 <ungetc>
 a72:	cb c0       	rjmp	.+406    	; 0xc0a <vfscanf+0x20e>
 a74:	1a 32       	cpi	r17, 0x2A	; 42
 a76:	39 f4       	brne	.+14     	; 0xa86 <vfscanf+0x8a>
 a78:	e3 fc       	sbrc	r14, 3
 a7a:	15 91       	lpm	r17, Z+
 a7c:	e3 fe       	sbrs	r14, 3
 a7e:	11 91       	ld	r17, Z+
 a80:	ef 01       	movw	r28, r30
 a82:	01 e0       	ldi	r16, 0x01	; 1
 a84:	01 c0       	rjmp	.+2      	; 0xa88 <vfscanf+0x8c>
 a86:	00 e0       	ldi	r16, 0x00	; 0
 a88:	f1 2c       	mov	r15, r1
 a8a:	20 ed       	ldi	r18, 0xD0	; 208
 a8c:	21 0f       	add	r18, r17
 a8e:	2a 30       	cpi	r18, 0x0A	; 10
 a90:	80 f4       	brcc	.+32     	; 0xab2 <vfscanf+0xb6>
 a92:	02 60       	ori	r16, 0x02	; 2
 a94:	6f 2d       	mov	r22, r15
 a96:	70 e0       	ldi	r23, 0x00	; 0
 a98:	80 e0       	ldi	r24, 0x00	; 0
 a9a:	90 e0       	ldi	r25, 0x00	; 0
 a9c:	40 e2       	ldi	r20, 0x20	; 32
 a9e:	0e 94 6e 03 	call	0x6dc	; 0x6dc <mulacc>
 aa2:	f6 2e       	mov	r15, r22
 aa4:	fe 01       	movw	r30, r28
 aa6:	e3 fc       	sbrc	r14, 3
 aa8:	15 91       	lpm	r17, Z+
 aaa:	e3 fe       	sbrs	r14, 3
 aac:	11 91       	ld	r17, Z+
 aae:	ef 01       	movw	r28, r30
 ab0:	ec cf       	rjmp	.-40     	; 0xa8a <vfscanf+0x8e>
 ab2:	01 ff       	sbrs	r16, 1
 ab4:	03 c0       	rjmp	.+6      	; 0xabc <vfscanf+0xc0>
 ab6:	f1 10       	cpse	r15, r1
 ab8:	03 c0       	rjmp	.+6      	; 0xac0 <vfscanf+0xc4>
 aba:	a7 c0       	rjmp	.+334    	; 0xc0a <vfscanf+0x20e>
 abc:	ff 24       	eor	r15, r15
 abe:	fa 94       	dec	r15
 ac0:	18 36       	cpi	r17, 0x68	; 104
 ac2:	19 f0       	breq	.+6      	; 0xaca <vfscanf+0xce>
 ac4:	1c 36       	cpi	r17, 0x6C	; 108
 ac6:	51 f0       	breq	.+20     	; 0xadc <vfscanf+0xe0>
 ac8:	10 c0       	rjmp	.+32     	; 0xaea <vfscanf+0xee>
 aca:	fe 01       	movw	r30, r28
 acc:	e3 fc       	sbrc	r14, 3
 ace:	15 91       	lpm	r17, Z+
 ad0:	e3 fe       	sbrs	r14, 3
 ad2:	11 91       	ld	r17, Z+
 ad4:	ef 01       	movw	r28, r30
 ad6:	18 36       	cpi	r17, 0x68	; 104
 ad8:	41 f4       	brne	.+16     	; 0xaea <vfscanf+0xee>
 ada:	08 60       	ori	r16, 0x08	; 8
 adc:	04 60       	ori	r16, 0x04	; 4
 ade:	fe 01       	movw	r30, r28
 ae0:	e3 fc       	sbrc	r14, 3
 ae2:	15 91       	lpm	r17, Z+
 ae4:	e3 fe       	sbrs	r14, 3
 ae6:	11 91       	ld	r17, Z+
 ae8:	ef 01       	movw	r28, r30
 aea:	11 23       	and	r17, r17
 aec:	09 f4       	brne	.+2      	; 0xaf0 <vfscanf+0xf4>
 aee:	8d c0       	rjmp	.+282    	; 0xc0a <vfscanf+0x20e>
 af0:	61 2f       	mov	r22, r17
 af2:	70 e0       	ldi	r23, 0x00	; 0
 af4:	88 e6       	ldi	r24, 0x68	; 104
 af6:	90 e0       	ldi	r25, 0x00	; 0
 af8:	0e 94 18 06 	call	0xc30	; 0xc30 <strchr_P>
 afc:	89 2b       	or	r24, r25
 afe:	09 f4       	brne	.+2      	; 0xb02 <vfscanf+0x106>
 b00:	84 c0       	rjmp	.+264    	; 0xc0a <vfscanf+0x20e>
 b02:	00 fd       	sbrc	r16, 0
 b04:	07 c0       	rjmp	.+14     	; 0xb14 <vfscanf+0x118>
 b06:	f5 01       	movw	r30, r10
 b08:	80 80       	ld	r8, Z
 b0a:	91 80       	ldd	r9, Z+1	; 0x01
 b0c:	c5 01       	movw	r24, r10
 b0e:	02 96       	adiw	r24, 0x02	; 2
 b10:	5c 01       	movw	r10, r24
 b12:	02 c0       	rjmp	.+4      	; 0xb18 <vfscanf+0x11c>
 b14:	81 2c       	mov	r8, r1
 b16:	91 2c       	mov	r9, r1
 b18:	1e 36       	cpi	r17, 0x6E	; 110
 b1a:	51 f4       	brne	.+20     	; 0xb30 <vfscanf+0x134>
 b1c:	f6 01       	movw	r30, r12
 b1e:	46 81       	ldd	r20, Z+6	; 0x06
 b20:	57 81       	ldd	r21, Z+7	; 0x07
 b22:	60 e0       	ldi	r22, 0x00	; 0
 b24:	70 e0       	ldi	r23, 0x00	; 0
 b26:	20 2f       	mov	r18, r16
 b28:	c4 01       	movw	r24, r8
 b2a:	0e 94 62 03 	call	0x6c4	; 0x6c4 <putval>
 b2e:	73 cf       	rjmp	.-282    	; 0xa16 <vfscanf+0x1a>
 b30:	13 36       	cpi	r17, 0x63	; 99
 b32:	a9 f4       	brne	.+42     	; 0xb5e <vfscanf+0x162>
 b34:	01 fd       	sbrc	r16, 1
 b36:	02 c0       	rjmp	.+4      	; 0xb3c <vfscanf+0x140>
 b38:	ff 24       	eor	r15, r15
 b3a:	f3 94       	inc	r15
 b3c:	c6 01       	movw	r24, r12
 b3e:	0e 94 39 06 	call	0xc72	; 0xc72 <fgetc>
 b42:	97 fd       	sbrc	r25, 7
 b44:	60 c0       	rjmp	.+192    	; 0xc06 <vfscanf+0x20a>
 b46:	81 14       	cp	r8, r1
 b48:	91 04       	cpc	r9, r1
 b4a:	29 f0       	breq	.+10     	; 0xb56 <vfscanf+0x15a>
 b4c:	f4 01       	movw	r30, r8
 b4e:	80 83       	st	Z, r24
 b50:	c4 01       	movw	r24, r8
 b52:	01 96       	adiw	r24, 0x01	; 1
 b54:	4c 01       	movw	r8, r24
 b56:	fa 94       	dec	r15
 b58:	f1 10       	cpse	r15, r1
 b5a:	f0 cf       	rjmp	.-32     	; 0xb3c <vfscanf+0x140>
 b5c:	50 c0       	rjmp	.+160    	; 0xbfe <vfscanf+0x202>
 b5e:	1b 35       	cpi	r17, 0x5B	; 91
 b60:	59 f4       	brne	.+22     	; 0xb78 <vfscanf+0x17c>
 b62:	9e 01       	movw	r18, r28
 b64:	a4 01       	movw	r20, r8
 b66:	6f 2d       	mov	r22, r15
 b68:	c6 01       	movw	r24, r12
 b6a:	0e 94 40 04 	call	0x880	; 0x880 <conv_brk>
 b6e:	ec 01       	movw	r28, r24
 b70:	89 2b       	or	r24, r25
 b72:	09 f0       	breq	.+2      	; 0xb76 <vfscanf+0x17a>
 b74:	44 c0       	rjmp	.+136    	; 0xbfe <vfscanf+0x202>
 b76:	3e c0       	rjmp	.+124    	; 0xbf4 <vfscanf+0x1f8>
 b78:	c6 01       	movw	r24, r12
 b7a:	0e 94 95 03 	call	0x72a	; 0x72a <skip_spaces>
 b7e:	97 fd       	sbrc	r25, 7
 b80:	42 c0       	rjmp	.+132    	; 0xc06 <vfscanf+0x20a>
 b82:	1f 36       	cpi	r17, 0x6F	; 111
 b84:	61 f1       	breq	.+88     	; 0xbde <vfscanf+0x1e2>
 b86:	28 f4       	brcc	.+10     	; 0xb92 <vfscanf+0x196>
 b88:	14 36       	cpi	r17, 0x64	; 100
 b8a:	39 f1       	breq	.+78     	; 0xbda <vfscanf+0x1de>
 b8c:	19 36       	cpi	r17, 0x69	; 105
 b8e:	51 f1       	breq	.+84     	; 0xbe4 <vfscanf+0x1e8>
 b90:	28 c0       	rjmp	.+80     	; 0xbe2 <vfscanf+0x1e6>
 b92:	13 37       	cpi	r17, 0x73	; 115
 b94:	71 f0       	breq	.+28     	; 0xbb2 <vfscanf+0x1b6>
 b96:	15 37       	cpi	r17, 0x75	; 117
 b98:	01 f1       	breq	.+64     	; 0xbda <vfscanf+0x1de>
 b9a:	23 c0       	rjmp	.+70     	; 0xbe2 <vfscanf+0x1e6>
 b9c:	81 14       	cp	r8, r1
 b9e:	91 04       	cpc	r9, r1
 ba0:	29 f0       	breq	.+10     	; 0xbac <vfscanf+0x1b0>
 ba2:	f4 01       	movw	r30, r8
 ba4:	60 82       	st	Z, r6
 ba6:	c4 01       	movw	r24, r8
 ba8:	01 96       	adiw	r24, 0x01	; 1
 baa:	4c 01       	movw	r8, r24
 bac:	fa 94       	dec	r15
 bae:	ff 20       	and	r15, r15
 bb0:	71 f0       	breq	.+28     	; 0xbce <vfscanf+0x1d2>
 bb2:	c6 01       	movw	r24, r12
 bb4:	0e 94 39 06 	call	0xc72	; 0xc72 <fgetc>
 bb8:	3c 01       	movw	r6, r24
 bba:	97 fd       	sbrc	r25, 7
 bbc:	08 c0       	rjmp	.+16     	; 0xbce <vfscanf+0x1d2>
 bbe:	0e 94 0f 06 	call	0xc1e	; 0xc1e <isspace>
 bc2:	89 2b       	or	r24, r25
 bc4:	59 f3       	breq	.-42     	; 0xb9c <vfscanf+0x1a0>
 bc6:	b6 01       	movw	r22, r12
 bc8:	c3 01       	movw	r24, r6
 bca:	0e 94 b3 06 	call	0xd66	; 0xd66 <ungetc>
 bce:	81 14       	cp	r8, r1
 bd0:	91 04       	cpc	r9, r1
 bd2:	a9 f0       	breq	.+42     	; 0xbfe <vfscanf+0x202>
 bd4:	f4 01       	movw	r30, r8
 bd6:	10 82       	st	Z, r1
 bd8:	12 c0       	rjmp	.+36     	; 0xbfe <vfscanf+0x202>
 bda:	00 62       	ori	r16, 0x20	; 32
 bdc:	03 c0       	rjmp	.+6      	; 0xbe4 <vfscanf+0x1e8>
 bde:	00 61       	ori	r16, 0x10	; 16
 be0:	01 c0       	rjmp	.+2      	; 0xbe4 <vfscanf+0x1e8>
 be2:	00 64       	ori	r16, 0x40	; 64
 be4:	20 2f       	mov	r18, r16
 be6:	a4 01       	movw	r20, r8
 be8:	6f 2d       	mov	r22, r15
 bea:	c6 01       	movw	r24, r12
 bec:	0e 94 ae 03 	call	0x75c	; 0x75c <conv_int>
 bf0:	81 11       	cpse	r24, r1
 bf2:	05 c0       	rjmp	.+10     	; 0xbfe <vfscanf+0x202>
 bf4:	f6 01       	movw	r30, r12
 bf6:	83 81       	ldd	r24, Z+3	; 0x03
 bf8:	80 73       	andi	r24, 0x30	; 48
 bfa:	29 f4       	brne	.+10     	; 0xc06 <vfscanf+0x20a>
 bfc:	06 c0       	rjmp	.+12     	; 0xc0a <vfscanf+0x20e>
 bfe:	00 fd       	sbrc	r16, 0
 c00:	0a cf       	rjmp	.-492    	; 0xa16 <vfscanf+0x1a>
 c02:	53 94       	inc	r5
 c04:	08 cf       	rjmp	.-496    	; 0xa16 <vfscanf+0x1a>
 c06:	55 20       	and	r5, r5
 c08:	19 f0       	breq	.+6      	; 0xc10 <vfscanf+0x214>
 c0a:	85 2d       	mov	r24, r5
 c0c:	90 e0       	ldi	r25, 0x00	; 0
 c0e:	02 c0       	rjmp	.+4      	; 0xc14 <vfscanf+0x218>
 c10:	8f ef       	ldi	r24, 0xFF	; 255
 c12:	9f ef       	ldi	r25, 0xFF	; 255
 c14:	cd b7       	in	r28, 0x3d	; 61
 c16:	de b7       	in	r29, 0x3e	; 62
 c18:	ef e0       	ldi	r30, 0x0F	; 15
 c1a:	0c 94 4c 07 	jmp	0xe98	; 0xe98 <__epilogue_restores__+0x6>

00000c1e <isspace>:
 c1e:	91 11       	cpse	r25, r1
 c20:	0c 94 2a 07 	jmp	0xe54	; 0xe54 <__ctype_isfalse>
 c24:	80 32       	cpi	r24, 0x20	; 32
 c26:	19 f0       	breq	.+6      	; 0xc2e <isspace+0x10>
 c28:	89 50       	subi	r24, 0x09	; 9
 c2a:	85 50       	subi	r24, 0x05	; 5
 c2c:	c8 f7       	brcc	.-14     	; 0xc20 <isspace+0x2>
 c2e:	08 95       	ret

00000c30 <strchr_P>:
 c30:	fc 01       	movw	r30, r24
 c32:	05 90       	lpm	r0, Z+
 c34:	06 16       	cp	r0, r22
 c36:	21 f0       	breq	.+8      	; 0xc40 <strchr_P+0x10>
 c38:	00 20       	and	r0, r0
 c3a:	d9 f7       	brne	.-10     	; 0xc32 <strchr_P+0x2>
 c3c:	c0 01       	movw	r24, r0
 c3e:	08 95       	ret
 c40:	31 97       	sbiw	r30, 0x01	; 1
 c42:	cf 01       	movw	r24, r30
 c44:	08 95       	ret

00000c46 <strnlen_P>:
 c46:	fc 01       	movw	r30, r24
 c48:	05 90       	lpm	r0, Z+
 c4a:	61 50       	subi	r22, 0x01	; 1
 c4c:	70 40       	sbci	r23, 0x00	; 0
 c4e:	01 10       	cpse	r0, r1
 c50:	d8 f7       	brcc	.-10     	; 0xc48 <strnlen_P+0x2>
 c52:	80 95       	com	r24
 c54:	90 95       	com	r25
 c56:	8e 0f       	add	r24, r30
 c58:	9f 1f       	adc	r25, r31
 c5a:	08 95       	ret

00000c5c <strnlen>:
 c5c:	fc 01       	movw	r30, r24
 c5e:	61 50       	subi	r22, 0x01	; 1
 c60:	70 40       	sbci	r23, 0x00	; 0
 c62:	01 90       	ld	r0, Z+
 c64:	01 10       	cpse	r0, r1
 c66:	d8 f7       	brcc	.-10     	; 0xc5e <strnlen+0x2>
 c68:	80 95       	com	r24
 c6a:	90 95       	com	r25
 c6c:	8e 0f       	add	r24, r30
 c6e:	9f 1f       	adc	r25, r31
 c70:	08 95       	ret

00000c72 <fgetc>:
 c72:	cf 93       	push	r28
 c74:	df 93       	push	r29
 c76:	ec 01       	movw	r28, r24
 c78:	2b 81       	ldd	r18, Y+3	; 0x03
 c7a:	20 ff       	sbrs	r18, 0
 c7c:	33 c0       	rjmp	.+102    	; 0xce4 <fgetc+0x72>
 c7e:	26 ff       	sbrs	r18, 6
 c80:	0a c0       	rjmp	.+20     	; 0xc96 <fgetc+0x24>
 c82:	2f 7b       	andi	r18, 0xBF	; 191
 c84:	2b 83       	std	Y+3, r18	; 0x03
 c86:	8e 81       	ldd	r24, Y+6	; 0x06
 c88:	9f 81       	ldd	r25, Y+7	; 0x07
 c8a:	01 96       	adiw	r24, 0x01	; 1
 c8c:	9f 83       	std	Y+7, r25	; 0x07
 c8e:	8e 83       	std	Y+6, r24	; 0x06
 c90:	8a 81       	ldd	r24, Y+2	; 0x02
 c92:	90 e0       	ldi	r25, 0x00	; 0
 c94:	29 c0       	rjmp	.+82     	; 0xce8 <fgetc+0x76>
 c96:	22 ff       	sbrs	r18, 2
 c98:	0f c0       	rjmp	.+30     	; 0xcb8 <fgetc+0x46>
 c9a:	e8 81       	ld	r30, Y
 c9c:	f9 81       	ldd	r31, Y+1	; 0x01
 c9e:	80 81       	ld	r24, Z
 ca0:	08 2e       	mov	r0, r24
 ca2:	00 0c       	add	r0, r0
 ca4:	99 0b       	sbc	r25, r25
 ca6:	00 97       	sbiw	r24, 0x00	; 0
 ca8:	19 f4       	brne	.+6      	; 0xcb0 <fgetc+0x3e>
 caa:	20 62       	ori	r18, 0x20	; 32
 cac:	2b 83       	std	Y+3, r18	; 0x03
 cae:	1a c0       	rjmp	.+52     	; 0xce4 <fgetc+0x72>
 cb0:	31 96       	adiw	r30, 0x01	; 1
 cb2:	f9 83       	std	Y+1, r31	; 0x01
 cb4:	e8 83       	st	Y, r30
 cb6:	0e c0       	rjmp	.+28     	; 0xcd4 <fgetc+0x62>
 cb8:	ea 85       	ldd	r30, Y+10	; 0x0a
 cba:	fb 85       	ldd	r31, Y+11	; 0x0b
 cbc:	09 95       	icall
 cbe:	97 ff       	sbrs	r25, 7
 cc0:	09 c0       	rjmp	.+18     	; 0xcd4 <fgetc+0x62>
 cc2:	2b 81       	ldd	r18, Y+3	; 0x03
 cc4:	01 96       	adiw	r24, 0x01	; 1
 cc6:	11 f0       	breq	.+4      	; 0xccc <fgetc+0x5a>
 cc8:	80 e2       	ldi	r24, 0x20	; 32
 cca:	01 c0       	rjmp	.+2      	; 0xcce <fgetc+0x5c>
 ccc:	80 e1       	ldi	r24, 0x10	; 16
 cce:	82 2b       	or	r24, r18
 cd0:	8b 83       	std	Y+3, r24	; 0x03
 cd2:	08 c0       	rjmp	.+16     	; 0xce4 <fgetc+0x72>
 cd4:	2e 81       	ldd	r18, Y+6	; 0x06
 cd6:	3f 81       	ldd	r19, Y+7	; 0x07
 cd8:	2f 5f       	subi	r18, 0xFF	; 255
 cda:	3f 4f       	sbci	r19, 0xFF	; 255
 cdc:	3f 83       	std	Y+7, r19	; 0x07
 cde:	2e 83       	std	Y+6, r18	; 0x06
 ce0:	99 27       	eor	r25, r25
 ce2:	02 c0       	rjmp	.+4      	; 0xce8 <fgetc+0x76>
 ce4:	8f ef       	ldi	r24, 0xFF	; 255
 ce6:	9f ef       	ldi	r25, 0xFF	; 255
 ce8:	df 91       	pop	r29
 cea:	cf 91       	pop	r28
 cec:	08 95       	ret

00000cee <fputc>:
 cee:	0f 93       	push	r16
 cf0:	1f 93       	push	r17
 cf2:	cf 93       	push	r28
 cf4:	df 93       	push	r29
 cf6:	fb 01       	movw	r30, r22
 cf8:	23 81       	ldd	r18, Z+3	; 0x03
 cfa:	21 fd       	sbrc	r18, 1
 cfc:	03 c0       	rjmp	.+6      	; 0xd04 <fputc+0x16>
 cfe:	8f ef       	ldi	r24, 0xFF	; 255
 d00:	9f ef       	ldi	r25, 0xFF	; 255
 d02:	2c c0       	rjmp	.+88     	; 0xd5c <fputc+0x6e>
 d04:	22 ff       	sbrs	r18, 2
 d06:	16 c0       	rjmp	.+44     	; 0xd34 <fputc+0x46>
 d08:	46 81       	ldd	r20, Z+6	; 0x06
 d0a:	57 81       	ldd	r21, Z+7	; 0x07
 d0c:	24 81       	ldd	r18, Z+4	; 0x04
 d0e:	35 81       	ldd	r19, Z+5	; 0x05
 d10:	42 17       	cp	r20, r18
 d12:	53 07       	cpc	r21, r19
 d14:	44 f4       	brge	.+16     	; 0xd26 <fputc+0x38>
 d16:	a0 81       	ld	r26, Z
 d18:	b1 81       	ldd	r27, Z+1	; 0x01
 d1a:	9d 01       	movw	r18, r26
 d1c:	2f 5f       	subi	r18, 0xFF	; 255
 d1e:	3f 4f       	sbci	r19, 0xFF	; 255
 d20:	31 83       	std	Z+1, r19	; 0x01
 d22:	20 83       	st	Z, r18
 d24:	8c 93       	st	X, r24
 d26:	26 81       	ldd	r18, Z+6	; 0x06
 d28:	37 81       	ldd	r19, Z+7	; 0x07
 d2a:	2f 5f       	subi	r18, 0xFF	; 255
 d2c:	3f 4f       	sbci	r19, 0xFF	; 255
 d2e:	37 83       	std	Z+7, r19	; 0x07
 d30:	26 83       	std	Z+6, r18	; 0x06
 d32:	14 c0       	rjmp	.+40     	; 0xd5c <fputc+0x6e>
 d34:	8b 01       	movw	r16, r22
 d36:	ec 01       	movw	r28, r24
 d38:	fb 01       	movw	r30, r22
 d3a:	00 84       	ldd	r0, Z+8	; 0x08
 d3c:	f1 85       	ldd	r31, Z+9	; 0x09
 d3e:	e0 2d       	mov	r30, r0
 d40:	09 95       	icall
 d42:	89 2b       	or	r24, r25
 d44:	e1 f6       	brne	.-72     	; 0xcfe <fputc+0x10>
 d46:	d8 01       	movw	r26, r16
 d48:	16 96       	adiw	r26, 0x06	; 6
 d4a:	8d 91       	ld	r24, X+
 d4c:	9c 91       	ld	r25, X
 d4e:	17 97       	sbiw	r26, 0x07	; 7
 d50:	01 96       	adiw	r24, 0x01	; 1
 d52:	17 96       	adiw	r26, 0x07	; 7
 d54:	9c 93       	st	X, r25
 d56:	8e 93       	st	-X, r24
 d58:	16 97       	sbiw	r26, 0x06	; 6
 d5a:	ce 01       	movw	r24, r28
 d5c:	df 91       	pop	r29
 d5e:	cf 91       	pop	r28
 d60:	1f 91       	pop	r17
 d62:	0f 91       	pop	r16
 d64:	08 95       	ret

00000d66 <ungetc>:
 d66:	fb 01       	movw	r30, r22
 d68:	23 81       	ldd	r18, Z+3	; 0x03
 d6a:	20 ff       	sbrs	r18, 0
 d6c:	12 c0       	rjmp	.+36     	; 0xd92 <ungetc+0x2c>
 d6e:	26 fd       	sbrc	r18, 6
 d70:	10 c0       	rjmp	.+32     	; 0xd92 <ungetc+0x2c>
 d72:	8f 3f       	cpi	r24, 0xFF	; 255
 d74:	3f ef       	ldi	r19, 0xFF	; 255
 d76:	93 07       	cpc	r25, r19
 d78:	61 f0       	breq	.+24     	; 0xd92 <ungetc+0x2c>
 d7a:	82 83       	std	Z+2, r24	; 0x02
 d7c:	2f 7d       	andi	r18, 0xDF	; 223
 d7e:	20 64       	ori	r18, 0x40	; 64
 d80:	23 83       	std	Z+3, r18	; 0x03
 d82:	26 81       	ldd	r18, Z+6	; 0x06
 d84:	37 81       	ldd	r19, Z+7	; 0x07
 d86:	21 50       	subi	r18, 0x01	; 1
 d88:	31 09       	sbc	r19, r1
 d8a:	37 83       	std	Z+7, r19	; 0x07
 d8c:	26 83       	std	Z+6, r18	; 0x06
 d8e:	99 27       	eor	r25, r25
 d90:	08 95       	ret
 d92:	8f ef       	ldi	r24, 0xFF	; 255
 d94:	9f ef       	ldi	r25, 0xFF	; 255
 d96:	08 95       	ret

00000d98 <__ultoa_invert>:
 d98:	fa 01       	movw	r30, r20
 d9a:	aa 27       	eor	r26, r26
 d9c:	28 30       	cpi	r18, 0x08	; 8
 d9e:	51 f1       	breq	.+84     	; 0xdf4 <__ultoa_invert+0x5c>
 da0:	20 31       	cpi	r18, 0x10	; 16
 da2:	81 f1       	breq	.+96     	; 0xe04 <__ultoa_invert+0x6c>
 da4:	e8 94       	clt
 da6:	6f 93       	push	r22
 da8:	6e 7f       	andi	r22, 0xFE	; 254
 daa:	6e 5f       	subi	r22, 0xFE	; 254
 dac:	7f 4f       	sbci	r23, 0xFF	; 255
 dae:	8f 4f       	sbci	r24, 0xFF	; 255
 db0:	9f 4f       	sbci	r25, 0xFF	; 255
 db2:	af 4f       	sbci	r26, 0xFF	; 255
 db4:	b1 e0       	ldi	r27, 0x01	; 1
 db6:	3e d0       	rcall	.+124    	; 0xe34 <__ultoa_invert+0x9c>
 db8:	b4 e0       	ldi	r27, 0x04	; 4
 dba:	3c d0       	rcall	.+120    	; 0xe34 <__ultoa_invert+0x9c>
 dbc:	67 0f       	add	r22, r23
 dbe:	78 1f       	adc	r23, r24
 dc0:	89 1f       	adc	r24, r25
 dc2:	9a 1f       	adc	r25, r26
 dc4:	a1 1d       	adc	r26, r1
 dc6:	68 0f       	add	r22, r24
 dc8:	79 1f       	adc	r23, r25
 dca:	8a 1f       	adc	r24, r26
 dcc:	91 1d       	adc	r25, r1
 dce:	a1 1d       	adc	r26, r1
 dd0:	6a 0f       	add	r22, r26
 dd2:	71 1d       	adc	r23, r1
 dd4:	81 1d       	adc	r24, r1
 dd6:	91 1d       	adc	r25, r1
 dd8:	a1 1d       	adc	r26, r1
 dda:	20 d0       	rcall	.+64     	; 0xe1c <__ultoa_invert+0x84>
 ddc:	09 f4       	brne	.+2      	; 0xde0 <__ultoa_invert+0x48>
 dde:	68 94       	set
 de0:	3f 91       	pop	r19
 de2:	2a e0       	ldi	r18, 0x0A	; 10
 de4:	26 9f       	mul	r18, r22
 de6:	11 24       	eor	r1, r1
 de8:	30 19       	sub	r19, r0
 dea:	30 5d       	subi	r19, 0xD0	; 208
 dec:	31 93       	st	Z+, r19
 dee:	de f6       	brtc	.-74     	; 0xda6 <__ultoa_invert+0xe>
 df0:	cf 01       	movw	r24, r30
 df2:	08 95       	ret
 df4:	46 2f       	mov	r20, r22
 df6:	47 70       	andi	r20, 0x07	; 7
 df8:	40 5d       	subi	r20, 0xD0	; 208
 dfa:	41 93       	st	Z+, r20
 dfc:	b3 e0       	ldi	r27, 0x03	; 3
 dfe:	0f d0       	rcall	.+30     	; 0xe1e <__ultoa_invert+0x86>
 e00:	c9 f7       	brne	.-14     	; 0xdf4 <__ultoa_invert+0x5c>
 e02:	f6 cf       	rjmp	.-20     	; 0xdf0 <__ultoa_invert+0x58>
 e04:	46 2f       	mov	r20, r22
 e06:	4f 70       	andi	r20, 0x0F	; 15
 e08:	40 5d       	subi	r20, 0xD0	; 208
 e0a:	4a 33       	cpi	r20, 0x3A	; 58
 e0c:	18 f0       	brcs	.+6      	; 0xe14 <__ultoa_invert+0x7c>
 e0e:	49 5d       	subi	r20, 0xD9	; 217
 e10:	31 fd       	sbrc	r19, 1
 e12:	40 52       	subi	r20, 0x20	; 32
 e14:	41 93       	st	Z+, r20
 e16:	02 d0       	rcall	.+4      	; 0xe1c <__ultoa_invert+0x84>
 e18:	a9 f7       	brne	.-22     	; 0xe04 <__ultoa_invert+0x6c>
 e1a:	ea cf       	rjmp	.-44     	; 0xdf0 <__ultoa_invert+0x58>
 e1c:	b4 e0       	ldi	r27, 0x04	; 4
 e1e:	a6 95       	lsr	r26
 e20:	97 95       	ror	r25
 e22:	87 95       	ror	r24
 e24:	77 95       	ror	r23
 e26:	67 95       	ror	r22
 e28:	ba 95       	dec	r27
 e2a:	c9 f7       	brne	.-14     	; 0xe1e <__ultoa_invert+0x86>
 e2c:	00 97       	sbiw	r24, 0x00	; 0
 e2e:	61 05       	cpc	r22, r1
 e30:	71 05       	cpc	r23, r1
 e32:	08 95       	ret
 e34:	9b 01       	movw	r18, r22
 e36:	ac 01       	movw	r20, r24
 e38:	0a 2e       	mov	r0, r26
 e3a:	06 94       	lsr	r0
 e3c:	57 95       	ror	r21
 e3e:	47 95       	ror	r20
 e40:	37 95       	ror	r19
 e42:	27 95       	ror	r18
 e44:	ba 95       	dec	r27
 e46:	c9 f7       	brne	.-14     	; 0xe3a <__ultoa_invert+0xa2>
 e48:	62 0f       	add	r22, r18
 e4a:	73 1f       	adc	r23, r19
 e4c:	84 1f       	adc	r24, r20
 e4e:	95 1f       	adc	r25, r21
 e50:	a0 1d       	adc	r26, r0
 e52:	08 95       	ret

00000e54 <__ctype_isfalse>:
 e54:	99 27       	eor	r25, r25
 e56:	88 27       	eor	r24, r24

00000e58 <__ctype_istrue>:
 e58:	08 95       	ret

00000e5a <__prologue_saves__>:
 e5a:	2f 92       	push	r2
 e5c:	3f 92       	push	r3
 e5e:	4f 92       	push	r4
 e60:	5f 92       	push	r5
 e62:	6f 92       	push	r6
 e64:	7f 92       	push	r7
 e66:	8f 92       	push	r8
 e68:	9f 92       	push	r9
 e6a:	af 92       	push	r10
 e6c:	bf 92       	push	r11
 e6e:	cf 92       	push	r12
 e70:	df 92       	push	r13
 e72:	ef 92       	push	r14
 e74:	ff 92       	push	r15
 e76:	0f 93       	push	r16
 e78:	1f 93       	push	r17
 e7a:	cf 93       	push	r28
 e7c:	df 93       	push	r29
 e7e:	cd b7       	in	r28, 0x3d	; 61
 e80:	de b7       	in	r29, 0x3e	; 62
 e82:	ca 1b       	sub	r28, r26
 e84:	db 0b       	sbc	r29, r27
 e86:	0f b6       	in	r0, 0x3f	; 63
 e88:	f8 94       	cli
 e8a:	de bf       	out	0x3e, r29	; 62
 e8c:	0f be       	out	0x3f, r0	; 63
 e8e:	cd bf       	out	0x3d, r28	; 61
 e90:	09 94       	ijmp

00000e92 <__epilogue_restores__>:
 e92:	2a 88       	ldd	r2, Y+18	; 0x12
 e94:	39 88       	ldd	r3, Y+17	; 0x11
 e96:	48 88       	ldd	r4, Y+16	; 0x10
 e98:	5f 84       	ldd	r5, Y+15	; 0x0f
 e9a:	6e 84       	ldd	r6, Y+14	; 0x0e
 e9c:	7d 84       	ldd	r7, Y+13	; 0x0d
 e9e:	8c 84       	ldd	r8, Y+12	; 0x0c
 ea0:	9b 84       	ldd	r9, Y+11	; 0x0b
 ea2:	aa 84       	ldd	r10, Y+10	; 0x0a
 ea4:	b9 84       	ldd	r11, Y+9	; 0x09
 ea6:	c8 84       	ldd	r12, Y+8	; 0x08
 ea8:	df 80       	ldd	r13, Y+7	; 0x07
 eaa:	ee 80       	ldd	r14, Y+6	; 0x06
 eac:	fd 80       	ldd	r15, Y+5	; 0x05
 eae:	0c 81       	ldd	r16, Y+4	; 0x04
 eb0:	1b 81       	ldd	r17, Y+3	; 0x03
 eb2:	aa 81       	ldd	r26, Y+2	; 0x02
 eb4:	b9 81       	ldd	r27, Y+1	; 0x01
 eb6:	ce 0f       	add	r28, r30
 eb8:	d1 1d       	adc	r29, r1
 eba:	0f b6       	in	r0, 0x3f	; 63
 ebc:	f8 94       	cli
 ebe:	de bf       	out	0x3e, r29	; 62
 ec0:	0f be       	out	0x3f, r0	; 63
 ec2:	cd bf       	out	0x3d, r28	; 61
 ec4:	ed 01       	movw	r28, r26
 ec6:	08 95       	ret

00000ec8 <_exit>:
 ec8:	f8 94       	cli

00000eca <__stop_program>:
 eca:	ff cf       	rjmp	.-2      	; 0xeca <__stop_program>
