
zad1v2.elf:     file format elf32-avr

Sections:
Idx Name          Size      VMA       LMA       File off  Algn
  0 .data         00000044  00800100  00000eb4  00000f48  2**0
                  CONTENTS, ALLOC, LOAD, DATA
  1 .text         00000eb4  00000000  00000000  00000094  2**1
                  CONTENTS, ALLOC, LOAD, READONLY, CODE
  2 .bss          00000014  00800144  00800144  00000f8c  2**0
                  ALLOC
  3 .stab         00000858  00000000  00000000  00000f8c  2**2
                  CONTENTS, READONLY, DEBUGGING
  4 .stabstr      00000efa  00000000  00000000  000017e4  2**0
                  CONTENTS, READONLY, DEBUGGING
  5 .comment      00000011  00000000  00000000  000026de  2**0
                  CONTENTS, READONLY
  6 .note.gnu.avr.deviceinfo 00000040  00000000  00000000  000026f0  2**2
                  CONTENTS, READONLY
  7 .debug_info   000005f4  00000000  00000000  00002730  2**0
                  CONTENTS, READONLY, DEBUGGING
  8 .debug_abbrev 000005a2  00000000  00000000  00002d24  2**0
                  CONTENTS, READONLY, DEBUGGING
  9 .debug_line   0000001a  00000000  00000000  000032c6  2**0
                  CONTENTS, READONLY, DEBUGGING
 10 .debug_str    00000208  00000000  00000000  000032e0  2**0
                  CONTENTS, READONLY, DEBUGGING

Disassembly of section .text:

00000000 <__vectors>:
   0:	0c 94 3a 00 	jmp	0x74	; 0x74 <__ctors_end>
   4:	0c 94 57 00 	jmp	0xae	; 0xae <__bad_interrupt>
   8:	0c 94 57 00 	jmp	0xae	; 0xae <__bad_interrupt>
   c:	0c 94 57 00 	jmp	0xae	; 0xae <__bad_interrupt>
  10:	0c 94 57 00 	jmp	0xae	; 0xae <__bad_interrupt>
  14:	0c 94 57 00 	jmp	0xae	; 0xae <__bad_interrupt>
  18:	0c 94 57 00 	jmp	0xae	; 0xae <__bad_interrupt>
  1c:	0c 94 57 00 	jmp	0xae	; 0xae <__bad_interrupt>
  20:	0c 94 57 00 	jmp	0xae	; 0xae <__bad_interrupt>
  24:	0c 94 57 00 	jmp	0xae	; 0xae <__bad_interrupt>
  28:	0c 94 57 00 	jmp	0xae	; 0xae <__bad_interrupt>
  2c:	0c 94 57 00 	jmp	0xae	; 0xae <__bad_interrupt>
  30:	0c 94 57 00 	jmp	0xae	; 0xae <__bad_interrupt>
  34:	0c 94 57 00 	jmp	0xae	; 0xae <__bad_interrupt>
  38:	0c 94 57 00 	jmp	0xae	; 0xae <__bad_interrupt>
  3c:	0c 94 57 00 	jmp	0xae	; 0xae <__bad_interrupt>
  40:	0c 94 57 00 	jmp	0xae	; 0xae <__bad_interrupt>
  44:	0c 94 57 00 	jmp	0xae	; 0xae <__bad_interrupt>
  48:	0c 94 57 00 	jmp	0xae	; 0xae <__bad_interrupt>
  4c:	0c 94 57 00 	jmp	0xae	; 0xae <__bad_interrupt>
  50:	0c 94 57 00 	jmp	0xae	; 0xae <__bad_interrupt>
  54:	0c 94 57 00 	jmp	0xae	; 0xae <__bad_interrupt>
  58:	0c 94 57 00 	jmp	0xae	; 0xae <__bad_interrupt>
  5c:	0c 94 57 00 	jmp	0xae	; 0xae <__bad_interrupt>
  60:	0c 94 57 00 	jmp	0xae	; 0xae <__bad_interrupt>
  64:	0c 94 57 00 	jmp	0xae	; 0xae <__bad_interrupt>

00000068 <__trampolines_end>:
  68:	63 64       	ori	r22, 0x43	; 67
  6a:	69 6e       	ori	r22, 0xE9	; 233
  6c:	6f 70       	andi	r22, 0x0F	; 15
  6e:	73 75       	andi	r23, 0x53	; 83
  70:	78 58       	subi	r23, 0x88	; 136
  72:	5b 00       	.word	0x005b	; ????

00000074 <__ctors_end>:
  74:	11 24       	eor	r1, r1
  76:	1f be       	out	0x3f, r1	; 63
  78:	cf ef       	ldi	r28, 0xFF	; 255
  7a:	d8 e0       	ldi	r29, 0x08	; 8
  7c:	de bf       	out	0x3e, r29	; 62
  7e:	cd bf       	out	0x3d, r28	; 61

00000080 <__do_copy_data>:
  80:	11 e0       	ldi	r17, 0x01	; 1
  82:	a0 e0       	ldi	r26, 0x00	; 0
  84:	b1 e0       	ldi	r27, 0x01	; 1
  86:	e4 eb       	ldi	r30, 0xB4	; 180
  88:	fe e0       	ldi	r31, 0x0E	; 14
  8a:	02 c0       	rjmp	.+4      	; 0x90 <__do_copy_data+0x10>
  8c:	05 90       	lpm	r0, Z+
  8e:	0d 92       	st	X+, r0
  90:	a4 34       	cpi	r26, 0x44	; 68
  92:	b1 07       	cpc	r27, r17
  94:	d9 f7       	brne	.-10     	; 0x8c <__do_copy_data+0xc>

00000096 <__do_clear_bss>:
  96:	21 e0       	ldi	r18, 0x01	; 1
  98:	a4 e4       	ldi	r26, 0x44	; 68
  9a:	b1 e0       	ldi	r27, 0x01	; 1
  9c:	01 c0       	rjmp	.+2      	; 0xa0 <.do_clear_bss_start>

0000009e <.do_clear_bss_loop>:
  9e:	1d 92       	st	X+, r1

000000a0 <.do_clear_bss_start>:
  a0:	a8 35       	cpi	r26, 0x58	; 88
  a2:	b2 07       	cpc	r27, r18
  a4:	e1 f7       	brne	.-8      	; 0x9e <.do_clear_bss_loop>
  a6:	0e 94 79 00 	call	0xf2	; 0xf2 <main>
  aa:	0c 94 58 07 	jmp	0xeb0	; 0xeb0 <_exit>

000000ae <__bad_interrupt>:
  ae:	0c 94 00 00 	jmp	0	; 0x0 <__vectors>

000000b2 <uart_transmit>:

// transmisja jednego znaku
int uart_transmit(char data, FILE *stream)
{
  // czekaj aż transmiter gotowy
  while(!(UCSR0A & _BV(UDRE0)));
  b2:	90 91 c0 00 	lds	r25, 0x00C0	; 0x8000c0 <__TEXT_REGION_LENGTH__+0x7f80c0>
  b6:	95 ff       	sbrs	r25, 5
  b8:	fc cf       	rjmp	.-8      	; 0xb2 <uart_transmit>
  UDR0 = data;
  ba:	80 93 c6 00 	sts	0x00C6, r24	; 0x8000c6 <__TEXT_REGION_LENGTH__+0x7f80c6>
  return 0;
}
  be:	80 e0       	ldi	r24, 0x00	; 0
  c0:	90 e0       	ldi	r25, 0x00	; 0
  c2:	08 95       	ret

000000c4 <uart_receive>:

// odczyt jednego znaku
int uart_receive(FILE *stream)
{
  // czekaj aż znak dostępny
  while (!(UCSR0A & _BV(RXC0)));
  c4:	80 91 c0 00 	lds	r24, 0x00C0	; 0x8000c0 <__TEXT_REGION_LENGTH__+0x7f80c0>
  c8:	87 ff       	sbrs	r24, 7
  ca:	fc cf       	rjmp	.-8      	; 0xc4 <uart_receive>
  return UDR0;
  cc:	80 91 c6 00 	lds	r24, 0x00C6	; 0x8000c6 <__TEXT_REGION_LENGTH__+0x7f80c6>
}
  d0:	90 e0       	ldi	r25, 0x00	; 0
  d2:	08 95       	ret

000000d4 <uart_init>:

// inicjalizacja UART
void uart_init()
{
  // ustaw baudrate
  UBRR0 = UBRR_VALUE;
  d4:	87 e6       	ldi	r24, 0x67	; 103
  d6:	90 e0       	ldi	r25, 0x00	; 0
  d8:	90 93 c5 00 	sts	0x00C5, r25	; 0x8000c5 <__TEXT_REGION_LENGTH__+0x7f80c5>
  dc:	80 93 c4 00 	sts	0x00C4, r24	; 0x8000c4 <__TEXT_REGION_LENGTH__+0x7f80c4>
  // wyczyść rejestr UCSR0A
  UCSR0A = 0;
  e0:	10 92 c0 00 	sts	0x00C0, r1	; 0x8000c0 <__TEXT_REGION_LENGTH__+0x7f80c0>
  // włącz odbiornik i nadajnik
  UCSR0B = _BV(RXEN0) | _BV(TXEN0);
  e4:	88 e1       	ldi	r24, 0x18	; 24
  e6:	80 93 c1 00 	sts	0x00C1, r24	; 0x8000c1 <__TEXT_REGION_LENGTH__+0x7f80c1>
  // ustaw format 8n1
  UCSR0C = _BV(UCSZ00) | _BV(UCSZ01);
  ea:	86 e0       	ldi	r24, 0x06	; 6
  ec:	80 93 c2 00 	sts	0x00C2, r24	; 0x8000c2 <__TEXT_REGION_LENGTH__+0x7f80c2>
  f0:	08 95       	ret

000000f2 <main>:
}

FILE uart_file;

int main()
{
  f2:	cf 93       	push	r28
  f4:	df 93       	push	r29
  f6:	cd b7       	in	r28, 0x3d	; 61
  f8:	de b7       	in	r29, 0x3e	; 62
  fa:	c0 58       	subi	r28, 0x80	; 128
  fc:	d1 09       	sbc	r29, r1
  fe:	0f b6       	in	r0, 0x3f	; 63
 100:	f8 94       	cli
 102:	de bf       	out	0x3e, r29	; 62
 104:	0f be       	out	0x3f, r0	; 63
 106:	cd bf       	out	0x3d, r28	; 61

// inicjalizacja UART
void uart_init()
{
  // ustaw baudrate
  UBRR0 = UBRR_VALUE;
 108:	87 e6       	ldi	r24, 0x67	; 103
 10a:	90 e0       	ldi	r25, 0x00	; 0
 10c:	90 93 c5 00 	sts	0x00C5, r25	; 0x8000c5 <__TEXT_REGION_LENGTH__+0x7f80c5>
 110:	80 93 c4 00 	sts	0x00C4, r24	; 0x8000c4 <__TEXT_REGION_LENGTH__+0x7f80c4>
  // wyczyść rejestr UCSR0A
  UCSR0A = 0;
 114:	10 92 c0 00 	sts	0x00C0, r1	; 0x8000c0 <__TEXT_REGION_LENGTH__+0x7f80c0>
  // włącz odbiornik i nadajnik
  UCSR0B = _BV(RXEN0) | _BV(TXEN0);
 118:	88 e1       	ldi	r24, 0x18	; 24
 11a:	80 93 c1 00 	sts	0x00C1, r24	; 0x8000c1 <__TEXT_REGION_LENGTH__+0x7f80c1>
  // ustaw format 8n1
  UCSR0C = _BV(UCSZ00) | _BV(UCSZ01);
 11e:	86 e0       	ldi	r24, 0x06	; 6
 120:	80 93 c2 00 	sts	0x00C2, r24	; 0x8000c2 <__TEXT_REGION_LENGTH__+0x7f80c2>
int main()
{
  // zainicjalizuj UART
  uart_init();
  // skonfiguruj strumienie wejścia/wyjścia
  fdev_setup_stream(&uart_file, uart_transmit, uart_receive, _FDEV_SETUP_RW);
 124:	84 e4       	ldi	r24, 0x44	; 68
 126:	91 e0       	ldi	r25, 0x01	; 1
 128:	29 e5       	ldi	r18, 0x59	; 89
 12a:	30 e0       	ldi	r19, 0x00	; 0
 12c:	30 93 4d 01 	sts	0x014D, r19	; 0x80014d <__data_end+0x9>
 130:	20 93 4c 01 	sts	0x014C, r18	; 0x80014c <__data_end+0x8>
 134:	22 e6       	ldi	r18, 0x62	; 98
 136:	30 e0       	ldi	r19, 0x00	; 0
 138:	30 93 4f 01 	sts	0x014F, r19	; 0x80014f <__data_end+0xb>
 13c:	20 93 4e 01 	sts	0x014E, r18	; 0x80014e <__data_end+0xa>
 140:	23 e0       	ldi	r18, 0x03	; 3
 142:	20 93 47 01 	sts	0x0147, r18	; 0x800147 <__data_end+0x3>
 146:	10 92 51 01 	sts	0x0151, r1	; 0x800151 <__data_end+0xd>
 14a:	10 92 50 01 	sts	0x0150, r1	; 0x800150 <__data_end+0xc>
  stdin = stdout = stderr = &uart_file;
 14e:	90 93 57 01 	sts	0x0157, r25	; 0x800157 <__iob+0x5>
 152:	80 93 56 01 	sts	0x0156, r24	; 0x800156 <__iob+0x4>
 156:	90 93 55 01 	sts	0x0155, r25	; 0x800155 <__iob+0x3>
 15a:	80 93 54 01 	sts	0x0154, r24	; 0x800154 <__iob+0x2>
 15e:	90 93 53 01 	sts	0x0153, r25	; 0x800153 <__iob+0x1>
 162:	80 93 52 01 	sts	0x0152, r24	; 0x800152 <__iob>
 166:	9e 01       	movw	r18, r28
 168:	2f 5f       	subi	r18, 0xFF	; 255
 16a:	3f 4f       	sbci	r19, 0xFF	; 255
 16c:	39 01       	movw	r6, r18
  
	char in[128];
  while(1) {
		scanf("%[^\r\n]%c", in);
 16e:	8a e1       	ldi	r24, 0x1A	; 26
 170:	48 2e       	mov	r4, r24
 172:	81 e0       	ldi	r24, 0x01	; 1
 174:	58 2e       	mov	r5, r24
		printf("Odczytano: %s\r\n", in);
 176:	93 e2       	ldi	r25, 0x23	; 35
 178:	29 2e       	mov	r2, r25
 17a:	91 e0       	ldi	r25, 0x01	; 1
 17c:	39 2e       	mov	r3, r25
        int iter = 0, char_in_tab, morse_char_len;
        char cur_letter;
        while(in[iter] != '\0'){
            cur_letter = in[iter];
            printf("Odczytano: %c\r\n", cur_letter);
 17e:	23 e3       	ldi	r18, 0x33	; 51
 180:	c2 2e       	mov	r12, r18
 182:	21 e0       	ldi	r18, 0x01	; 1
 184:	d2 2e       	mov	r13, r18
 186:	34 e0       	ldi	r19, 0x04	; 4
 188:	a3 2e       	mov	r10, r19
 18a:	b1 2c       	mov	r11, r1
			char_in_tab = cur_letter - 'A';
            morse_char_len = (0xE0 & morse_code[char_in_tab]) >> 5;
            for(int i = 0; i < morse_char_len; i++){
                uint8_t cur_morse_char = ((1 << (4 - i)) & morse_code[char_in_tab]) >> (4 - i);
                if(cur_morse_char & 1){
 18c:	01 e0       	ldi	r16, 0x01	; 1
 18e:	10 e0       	ldi	r17, 0x00	; 0
  fdev_setup_stream(&uart_file, uart_transmit, uart_receive, _FDEV_SETUP_RW);
  stdin = stdout = stderr = &uart_file;
  
	char in[128];
  while(1) {
		scanf("%[^\r\n]%c", in);
 190:	7f 92       	push	r7
 192:	6f 92       	push	r6
 194:	5f 92       	push	r5
 196:	4f 92       	push	r4
 198:	0e 94 5f 01 	call	0x2be	; 0x2be <scanf>
		printf("Odczytano: %s\r\n", in);
 19c:	7f 92       	push	r7
 19e:	6f 92       	push	r6
 1a0:	3f 92       	push	r3
 1a2:	2f 92       	push	r2
 1a4:	0e 94 49 01 	call	0x292	; 0x292 <printf>
        int iter = 0, char_in_tab, morse_char_len;
        char cur_letter;
        while(in[iter] != '\0'){
 1a8:	89 81       	ldd	r24, Y+1	; 0x01
 1aa:	0f b6       	in	r0, 0x3f	; 63
 1ac:	f8 94       	cli
 1ae:	de bf       	out	0x3e, r29	; 62
 1b0:	0f be       	out	0x3f, r0	; 63
 1b2:	cd bf       	out	0x3d, r28	; 61
 1b4:	88 23       	and	r24, r24
 1b6:	09 f4       	brne	.+2      	; 0x1ba <main+0xc8>
 1b8:	62 c0       	rjmp	.+196    	; 0x27e <main+0x18c>
 1ba:	fe 01       	movw	r30, r28
 1bc:	32 96       	adiw	r30, 0x02	; 2
 1be:	7f 01       	movw	r14, r30
            cur_letter = in[iter];
            printf("Odczytano: %c\r\n", cur_letter);
 1c0:	88 2e       	mov	r8, r24
 1c2:	08 2e       	mov	r0, r24
 1c4:	00 0c       	add	r0, r0
 1c6:	99 08       	sbc	r9, r9
 1c8:	9f 92       	push	r9
 1ca:	8f 93       	push	r24
 1cc:	df 92       	push	r13
 1ce:	cf 92       	push	r12
 1d0:	0e 94 49 01 	call	0x292	; 0x292 <printf>
			char_in_tab = cur_letter - 'A';
            morse_char_len = (0xE0 & morse_code[char_in_tab]) >> 5;
 1d4:	f4 01       	movw	r30, r8
 1d6:	e1 54       	subi	r30, 0x41	; 65
 1d8:	ff 4f       	sbci	r31, 0xFF	; 255
 1da:	80 81       	ld	r24, Z
 1dc:	98 2f       	mov	r25, r24
 1de:	92 95       	swap	r25
 1e0:	96 95       	lsr	r25
 1e2:	97 70       	andi	r25, 0x07	; 7
            for(int i = 0; i < morse_char_len; i++){
 1e4:	0f 90       	pop	r0
 1e6:	0f 90       	pop	r0
 1e8:	0f 90       	pop	r0
 1ea:	0f 90       	pop	r0
 1ec:	d1 f1       	breq	.+116    	; 0x262 <main+0x170>
 1ee:	b5 01       	movw	r22, r10
 1f0:	69 1b       	sub	r22, r25
 1f2:	71 09       	sbc	r23, r1
 1f4:	24 e0       	ldi	r18, 0x04	; 4
 1f6:	30 e0       	ldi	r19, 0x00	; 0
 1f8:	19 c0       	rjmp	.+50     	; 0x22c <main+0x13a>
	#else
		//round up by default
		__ticks_dc = (uint32_t)(ceil(fabs(__tmp)));
	#endif

	__builtin_avr_delay_cycles(__ticks_dc);
 1fa:	4f ef       	ldi	r20, 0xFF	; 255
 1fc:	83 ed       	ldi	r24, 0xD3	; 211
 1fe:	90 e3       	ldi	r25, 0x30	; 48
 200:	41 50       	subi	r20, 0x01	; 1
 202:	80 40       	sbci	r24, 0x00	; 0
 204:	90 40       	sbci	r25, 0x00	; 0
 206:	e1 f7       	brne	.-8      	; 0x200 <main+0x10e>
 208:	00 c0       	rjmp	.+0      	; 0x20a <main+0x118>
 20a:	00 00       	nop
					_delay_ms(SPACE_BETWEEN_ELEMENTS_OF_CHAR);
                }
                else{
                    LED_PORT |= _BV(LED);
					_delay_ms(TIME_DOT);
					LED_PORT &= ~_BV(LED);
 20c:	2d 98       	cbi	0x05, 5	; 5
 20e:	4f ef       	ldi	r20, 0xFF	; 255
 210:	85 ea       	ldi	r24, 0xA5	; 165
 212:	9e e0       	ldi	r25, 0x0E	; 14
 214:	41 50       	subi	r20, 0x01	; 1
 216:	80 40       	sbci	r24, 0x00	; 0
 218:	90 40       	sbci	r25, 0x00	; 0
 21a:	e1 f7       	brne	.-8      	; 0x214 <main+0x122>
 21c:	00 c0       	rjmp	.+0      	; 0x21e <main+0x12c>
 21e:	00 00       	nop
 220:	21 50       	subi	r18, 0x01	; 1
 222:	31 09       	sbc	r19, r1
        while(in[iter] != '\0'){
            cur_letter = in[iter];
            printf("Odczytano: %c\r\n", cur_letter);
			char_in_tab = cur_letter - 'A';
            morse_char_len = (0xE0 & morse_code[char_in_tab]) >> 5;
            for(int i = 0; i < morse_char_len; i++){
 224:	26 17       	cp	r18, r22
 226:	37 07       	cpc	r19, r23
 228:	e1 f0       	breq	.+56     	; 0x262 <main+0x170>
 22a:	80 81       	ld	r24, Z
                uint8_t cur_morse_char = ((1 << (4 - i)) & morse_code[char_in_tab]) >> (4 - i);
                if(cur_morse_char & 1){
 22c:	90 e0       	ldi	r25, 0x00	; 0
 22e:	a8 01       	movw	r20, r16
 230:	02 2e       	mov	r0, r18
 232:	02 c0       	rjmp	.+4      	; 0x238 <main+0x146>
 234:	44 0f       	add	r20, r20
 236:	55 1f       	adc	r21, r21
 238:	0a 94       	dec	r0
 23a:	e2 f7       	brpl	.-8      	; 0x234 <main+0x142>
 23c:	84 23       	and	r24, r20
 23e:	95 23       	and	r25, r21
 240:	02 2e       	mov	r0, r18
 242:	02 c0       	rjmp	.+4      	; 0x248 <main+0x156>
 244:	95 95       	asr	r25
 246:	87 95       	ror	r24
 248:	0a 94       	dec	r0
 24a:	e2 f7       	brpl	.-8      	; 0x244 <main+0x152>
                    LED_PORT |= _BV(LED);
 24c:	2d 9a       	sbi	0x05, 5	; 5
            printf("Odczytano: %c\r\n", cur_letter);
			char_in_tab = cur_letter - 'A';
            morse_char_len = (0xE0 & morse_code[char_in_tab]) >> 5;
            for(int i = 0; i < morse_char_len; i++){
                uint8_t cur_morse_char = ((1 << (4 - i)) & morse_code[char_in_tab]) >> (4 - i);
                if(cur_morse_char & 1){
 24e:	80 fd       	sbrc	r24, 0
 250:	d4 cf       	rjmp	.-88     	; 0x1fa <main+0x108>
 252:	4f ef       	ldi	r20, 0xFF	; 255
 254:	85 ea       	ldi	r24, 0xA5	; 165
 256:	9e e0       	ldi	r25, 0x0E	; 14
 258:	41 50       	subi	r20, 0x01	; 1
 25a:	80 40       	sbci	r24, 0x00	; 0
 25c:	90 40       	sbci	r25, 0x00	; 0
 25e:	e1 f7       	brne	.-8      	; 0x258 <main+0x166>
 260:	d3 cf       	rjmp	.-90     	; 0x208 <main+0x116>
 262:	ff ef       	ldi	r31, 0xFF	; 255
 264:	21 ef       	ldi	r18, 0xF1	; 241
 266:	3b e2       	ldi	r19, 0x2B	; 43
 268:	f1 50       	subi	r31, 0x01	; 1
 26a:	20 40       	sbci	r18, 0x00	; 0
 26c:	30 40       	sbci	r19, 0x00	; 0
 26e:	e1 f7       	brne	.-8      	; 0x268 <main+0x176>
 270:	00 c0       	rjmp	.+0      	; 0x272 <main+0x180>
 272:	00 00       	nop
  while(1) {
		scanf("%[^\r\n]%c", in);
		printf("Odczytano: %s\r\n", in);
        int iter = 0, char_in_tab, morse_char_len;
        char cur_letter;
        while(in[iter] != '\0'){
 274:	f7 01       	movw	r30, r14
 276:	81 91       	ld	r24, Z+
 278:	7f 01       	movw	r14, r30
 27a:	81 11       	cpse	r24, r1
 27c:	a1 cf       	rjmp	.-190    	; 0x1c0 <main+0xce>
 27e:	ff ef       	ldi	r31, 0xFF	; 255
 280:	29 e8       	ldi	r18, 0x89	; 137
 282:	36 e6       	ldi	r19, 0x66	; 102
 284:	f1 50       	subi	r31, 0x01	; 1
 286:	20 40       	sbci	r18, 0x00	; 0
 288:	30 40       	sbci	r19, 0x00	; 0
 28a:	e1 f7       	brne	.-8      	; 0x284 <main+0x192>
 28c:	00 c0       	rjmp	.+0      	; 0x28e <main+0x19c>
 28e:	00 00       	nop
 290:	7f cf       	rjmp	.-258    	; 0x190 <main+0x9e>

00000292 <printf>:
 292:	a0 e0       	ldi	r26, 0x00	; 0
 294:	b0 e0       	ldi	r27, 0x00	; 0
 296:	ef e4       	ldi	r30, 0x4F	; 79
 298:	f1 e0       	ldi	r31, 0x01	; 1
 29a:	0c 94 31 07 	jmp	0xe62	; 0xe62 <__prologue_saves__+0x20>
 29e:	ae 01       	movw	r20, r28
 2a0:	4b 5f       	subi	r20, 0xFB	; 251
 2a2:	5f 4f       	sbci	r21, 0xFF	; 255
 2a4:	fa 01       	movw	r30, r20
 2a6:	61 91       	ld	r22, Z+
 2a8:	71 91       	ld	r23, Z+
 2aa:	af 01       	movw	r20, r30
 2ac:	80 91 54 01 	lds	r24, 0x0154	; 0x800154 <__iob+0x2>
 2b0:	90 91 55 01 	lds	r25, 0x0155	; 0x800155 <__iob+0x3>
 2b4:	0e 94 75 01 	call	0x2ea	; 0x2ea <vfprintf>
 2b8:	e2 e0       	ldi	r30, 0x02	; 2
 2ba:	0c 94 4d 07 	jmp	0xe9a	; 0xe9a <__epilogue_restores__+0x20>

000002be <scanf>:
 2be:	a0 e0       	ldi	r26, 0x00	; 0
 2c0:	b0 e0       	ldi	r27, 0x00	; 0
 2c2:	e5 e6       	ldi	r30, 0x65	; 101
 2c4:	f1 e0       	ldi	r31, 0x01	; 1
 2c6:	0c 94 31 07 	jmp	0xe62	; 0xe62 <__prologue_saves__+0x20>
 2ca:	ae 01       	movw	r20, r28
 2cc:	4b 5f       	subi	r20, 0xFB	; 251
 2ce:	5f 4f       	sbci	r21, 0xFF	; 255
 2d0:	fa 01       	movw	r30, r20
 2d2:	61 91       	ld	r22, Z+
 2d4:	71 91       	ld	r23, Z+
 2d6:	af 01       	movw	r20, r30
 2d8:	80 91 52 01 	lds	r24, 0x0152	; 0x800152 <__iob>
 2dc:	90 91 53 01 	lds	r25, 0x0153	; 0x800153 <__iob+0x1>
 2e0:	0e 94 f2 04 	call	0x9e4	; 0x9e4 <vfscanf>
 2e4:	e2 e0       	ldi	r30, 0x02	; 2
 2e6:	0c 94 4d 07 	jmp	0xe9a	; 0xe9a <__epilogue_restores__+0x20>

000002ea <vfprintf>:
 2ea:	ab e0       	ldi	r26, 0x0B	; 11
 2ec:	b0 e0       	ldi	r27, 0x00	; 0
 2ee:	eb e7       	ldi	r30, 0x7B	; 123
 2f0:	f1 e0       	ldi	r31, 0x01	; 1
 2f2:	0c 94 21 07 	jmp	0xe42	; 0xe42 <__prologue_saves__>
 2f6:	6c 01       	movw	r12, r24
 2f8:	7b 01       	movw	r14, r22
 2fa:	8a 01       	movw	r16, r20
 2fc:	fc 01       	movw	r30, r24
 2fe:	17 82       	std	Z+7, r1	; 0x07
 300:	16 82       	std	Z+6, r1	; 0x06
 302:	83 81       	ldd	r24, Z+3	; 0x03
 304:	81 ff       	sbrs	r24, 1
 306:	cc c1       	rjmp	.+920    	; 0x6a0 <__EEPROM_REGION_LENGTH__+0x2a0>
 308:	ce 01       	movw	r24, r28
 30a:	01 96       	adiw	r24, 0x01	; 1
 30c:	3c 01       	movw	r6, r24
 30e:	f6 01       	movw	r30, r12
 310:	93 81       	ldd	r25, Z+3	; 0x03
 312:	f7 01       	movw	r30, r14
 314:	93 fd       	sbrc	r25, 3
 316:	85 91       	lpm	r24, Z+
 318:	93 ff       	sbrs	r25, 3
 31a:	81 91       	ld	r24, Z+
 31c:	7f 01       	movw	r14, r30
 31e:	88 23       	and	r24, r24
 320:	09 f4       	brne	.+2      	; 0x324 <vfprintf+0x3a>
 322:	ba c1       	rjmp	.+884    	; 0x698 <__EEPROM_REGION_LENGTH__+0x298>
 324:	85 32       	cpi	r24, 0x25	; 37
 326:	39 f4       	brne	.+14     	; 0x336 <vfprintf+0x4c>
 328:	93 fd       	sbrc	r25, 3
 32a:	85 91       	lpm	r24, Z+
 32c:	93 ff       	sbrs	r25, 3
 32e:	81 91       	ld	r24, Z+
 330:	7f 01       	movw	r14, r30
 332:	85 32       	cpi	r24, 0x25	; 37
 334:	29 f4       	brne	.+10     	; 0x340 <vfprintf+0x56>
 336:	b6 01       	movw	r22, r12
 338:	90 e0       	ldi	r25, 0x00	; 0
 33a:	0e 94 6b 06 	call	0xcd6	; 0xcd6 <fputc>
 33e:	e7 cf       	rjmp	.-50     	; 0x30e <vfprintf+0x24>
 340:	91 2c       	mov	r9, r1
 342:	21 2c       	mov	r2, r1
 344:	31 2c       	mov	r3, r1
 346:	ff e1       	ldi	r31, 0x1F	; 31
 348:	f3 15       	cp	r31, r3
 34a:	d8 f0       	brcs	.+54     	; 0x382 <vfprintf+0x98>
 34c:	8b 32       	cpi	r24, 0x2B	; 43
 34e:	79 f0       	breq	.+30     	; 0x36e <vfprintf+0x84>
 350:	38 f4       	brcc	.+14     	; 0x360 <vfprintf+0x76>
 352:	80 32       	cpi	r24, 0x20	; 32
 354:	79 f0       	breq	.+30     	; 0x374 <vfprintf+0x8a>
 356:	83 32       	cpi	r24, 0x23	; 35
 358:	a1 f4       	brne	.+40     	; 0x382 <vfprintf+0x98>
 35a:	23 2d       	mov	r18, r3
 35c:	20 61       	ori	r18, 0x10	; 16
 35e:	1d c0       	rjmp	.+58     	; 0x39a <vfprintf+0xb0>
 360:	8d 32       	cpi	r24, 0x2D	; 45
 362:	61 f0       	breq	.+24     	; 0x37c <vfprintf+0x92>
 364:	80 33       	cpi	r24, 0x30	; 48
 366:	69 f4       	brne	.+26     	; 0x382 <vfprintf+0x98>
 368:	23 2d       	mov	r18, r3
 36a:	21 60       	ori	r18, 0x01	; 1
 36c:	16 c0       	rjmp	.+44     	; 0x39a <vfprintf+0xb0>
 36e:	83 2d       	mov	r24, r3
 370:	82 60       	ori	r24, 0x02	; 2
 372:	38 2e       	mov	r3, r24
 374:	e3 2d       	mov	r30, r3
 376:	e4 60       	ori	r30, 0x04	; 4
 378:	3e 2e       	mov	r3, r30
 37a:	2a c0       	rjmp	.+84     	; 0x3d0 <vfprintf+0xe6>
 37c:	f3 2d       	mov	r31, r3
 37e:	f8 60       	ori	r31, 0x08	; 8
 380:	1d c0       	rjmp	.+58     	; 0x3bc <vfprintf+0xd2>
 382:	37 fc       	sbrc	r3, 7
 384:	2d c0       	rjmp	.+90     	; 0x3e0 <vfprintf+0xf6>
 386:	20 ed       	ldi	r18, 0xD0	; 208
 388:	28 0f       	add	r18, r24
 38a:	2a 30       	cpi	r18, 0x0A	; 10
 38c:	40 f0       	brcs	.+16     	; 0x39e <vfprintf+0xb4>
 38e:	8e 32       	cpi	r24, 0x2E	; 46
 390:	b9 f4       	brne	.+46     	; 0x3c0 <vfprintf+0xd6>
 392:	36 fc       	sbrc	r3, 6
 394:	81 c1       	rjmp	.+770    	; 0x698 <__EEPROM_REGION_LENGTH__+0x298>
 396:	23 2d       	mov	r18, r3
 398:	20 64       	ori	r18, 0x40	; 64
 39a:	32 2e       	mov	r3, r18
 39c:	19 c0       	rjmp	.+50     	; 0x3d0 <vfprintf+0xe6>
 39e:	36 fe       	sbrs	r3, 6
 3a0:	06 c0       	rjmp	.+12     	; 0x3ae <vfprintf+0xc4>
 3a2:	8a e0       	ldi	r24, 0x0A	; 10
 3a4:	98 9e       	mul	r9, r24
 3a6:	20 0d       	add	r18, r0
 3a8:	11 24       	eor	r1, r1
 3aa:	92 2e       	mov	r9, r18
 3ac:	11 c0       	rjmp	.+34     	; 0x3d0 <vfprintf+0xe6>
 3ae:	ea e0       	ldi	r30, 0x0A	; 10
 3b0:	2e 9e       	mul	r2, r30
 3b2:	20 0d       	add	r18, r0
 3b4:	11 24       	eor	r1, r1
 3b6:	22 2e       	mov	r2, r18
 3b8:	f3 2d       	mov	r31, r3
 3ba:	f0 62       	ori	r31, 0x20	; 32
 3bc:	3f 2e       	mov	r3, r31
 3be:	08 c0       	rjmp	.+16     	; 0x3d0 <vfprintf+0xe6>
 3c0:	8c 36       	cpi	r24, 0x6C	; 108
 3c2:	21 f4       	brne	.+8      	; 0x3cc <vfprintf+0xe2>
 3c4:	83 2d       	mov	r24, r3
 3c6:	80 68       	ori	r24, 0x80	; 128
 3c8:	38 2e       	mov	r3, r24
 3ca:	02 c0       	rjmp	.+4      	; 0x3d0 <vfprintf+0xe6>
 3cc:	88 36       	cpi	r24, 0x68	; 104
 3ce:	41 f4       	brne	.+16     	; 0x3e0 <vfprintf+0xf6>
 3d0:	f7 01       	movw	r30, r14
 3d2:	93 fd       	sbrc	r25, 3
 3d4:	85 91       	lpm	r24, Z+
 3d6:	93 ff       	sbrs	r25, 3
 3d8:	81 91       	ld	r24, Z+
 3da:	7f 01       	movw	r14, r30
 3dc:	81 11       	cpse	r24, r1
 3de:	b3 cf       	rjmp	.-154    	; 0x346 <vfprintf+0x5c>
 3e0:	98 2f       	mov	r25, r24
 3e2:	9f 7d       	andi	r25, 0xDF	; 223
 3e4:	95 54       	subi	r25, 0x45	; 69
 3e6:	93 30       	cpi	r25, 0x03	; 3
 3e8:	28 f4       	brcc	.+10     	; 0x3f4 <vfprintf+0x10a>
 3ea:	0c 5f       	subi	r16, 0xFC	; 252
 3ec:	1f 4f       	sbci	r17, 0xFF	; 255
 3ee:	9f e3       	ldi	r25, 0x3F	; 63
 3f0:	99 83       	std	Y+1, r25	; 0x01
 3f2:	0d c0       	rjmp	.+26     	; 0x40e <__EEPROM_REGION_LENGTH__+0xe>
 3f4:	83 36       	cpi	r24, 0x63	; 99
 3f6:	31 f0       	breq	.+12     	; 0x404 <__EEPROM_REGION_LENGTH__+0x4>
 3f8:	83 37       	cpi	r24, 0x73	; 115
 3fa:	71 f0       	breq	.+28     	; 0x418 <__EEPROM_REGION_LENGTH__+0x18>
 3fc:	83 35       	cpi	r24, 0x53	; 83
 3fe:	09 f0       	breq	.+2      	; 0x402 <__EEPROM_REGION_LENGTH__+0x2>
 400:	59 c0       	rjmp	.+178    	; 0x4b4 <__EEPROM_REGION_LENGTH__+0xb4>
 402:	21 c0       	rjmp	.+66     	; 0x446 <__EEPROM_REGION_LENGTH__+0x46>
 404:	f8 01       	movw	r30, r16
 406:	80 81       	ld	r24, Z
 408:	89 83       	std	Y+1, r24	; 0x01
 40a:	0e 5f       	subi	r16, 0xFE	; 254
 40c:	1f 4f       	sbci	r17, 0xFF	; 255
 40e:	88 24       	eor	r8, r8
 410:	83 94       	inc	r8
 412:	91 2c       	mov	r9, r1
 414:	53 01       	movw	r10, r6
 416:	13 c0       	rjmp	.+38     	; 0x43e <__EEPROM_REGION_LENGTH__+0x3e>
 418:	28 01       	movw	r4, r16
 41a:	f2 e0       	ldi	r31, 0x02	; 2
 41c:	4f 0e       	add	r4, r31
 41e:	51 1c       	adc	r5, r1
 420:	f8 01       	movw	r30, r16
 422:	a0 80       	ld	r10, Z
 424:	b1 80       	ldd	r11, Z+1	; 0x01
 426:	36 fe       	sbrs	r3, 6
 428:	03 c0       	rjmp	.+6      	; 0x430 <__EEPROM_REGION_LENGTH__+0x30>
 42a:	69 2d       	mov	r22, r9
 42c:	70 e0       	ldi	r23, 0x00	; 0
 42e:	02 c0       	rjmp	.+4      	; 0x434 <__EEPROM_REGION_LENGTH__+0x34>
 430:	6f ef       	ldi	r22, 0xFF	; 255
 432:	7f ef       	ldi	r23, 0xFF	; 255
 434:	c5 01       	movw	r24, r10
 436:	0e 94 22 06 	call	0xc44	; 0xc44 <strnlen>
 43a:	4c 01       	movw	r8, r24
 43c:	82 01       	movw	r16, r4
 43e:	f3 2d       	mov	r31, r3
 440:	ff 77       	andi	r31, 0x7F	; 127
 442:	3f 2e       	mov	r3, r31
 444:	16 c0       	rjmp	.+44     	; 0x472 <__EEPROM_REGION_LENGTH__+0x72>
 446:	28 01       	movw	r4, r16
 448:	22 e0       	ldi	r18, 0x02	; 2
 44a:	42 0e       	add	r4, r18
 44c:	51 1c       	adc	r5, r1
 44e:	f8 01       	movw	r30, r16
 450:	a0 80       	ld	r10, Z
 452:	b1 80       	ldd	r11, Z+1	; 0x01
 454:	36 fe       	sbrs	r3, 6
 456:	03 c0       	rjmp	.+6      	; 0x45e <__EEPROM_REGION_LENGTH__+0x5e>
 458:	69 2d       	mov	r22, r9
 45a:	70 e0       	ldi	r23, 0x00	; 0
 45c:	02 c0       	rjmp	.+4      	; 0x462 <__EEPROM_REGION_LENGTH__+0x62>
 45e:	6f ef       	ldi	r22, 0xFF	; 255
 460:	7f ef       	ldi	r23, 0xFF	; 255
 462:	c5 01       	movw	r24, r10
 464:	0e 94 17 06 	call	0xc2e	; 0xc2e <strnlen_P>
 468:	4c 01       	movw	r8, r24
 46a:	f3 2d       	mov	r31, r3
 46c:	f0 68       	ori	r31, 0x80	; 128
 46e:	3f 2e       	mov	r3, r31
 470:	82 01       	movw	r16, r4
 472:	33 fc       	sbrc	r3, 3
 474:	1b c0       	rjmp	.+54     	; 0x4ac <__EEPROM_REGION_LENGTH__+0xac>
 476:	82 2d       	mov	r24, r2
 478:	90 e0       	ldi	r25, 0x00	; 0
 47a:	88 16       	cp	r8, r24
 47c:	99 06       	cpc	r9, r25
 47e:	b0 f4       	brcc	.+44     	; 0x4ac <__EEPROM_REGION_LENGTH__+0xac>
 480:	b6 01       	movw	r22, r12
 482:	80 e2       	ldi	r24, 0x20	; 32
 484:	90 e0       	ldi	r25, 0x00	; 0
 486:	0e 94 6b 06 	call	0xcd6	; 0xcd6 <fputc>
 48a:	2a 94       	dec	r2
 48c:	f4 cf       	rjmp	.-24     	; 0x476 <__EEPROM_REGION_LENGTH__+0x76>
 48e:	f5 01       	movw	r30, r10
 490:	37 fc       	sbrc	r3, 7
 492:	85 91       	lpm	r24, Z+
 494:	37 fe       	sbrs	r3, 7
 496:	81 91       	ld	r24, Z+
 498:	5f 01       	movw	r10, r30
 49a:	b6 01       	movw	r22, r12
 49c:	90 e0       	ldi	r25, 0x00	; 0
 49e:	0e 94 6b 06 	call	0xcd6	; 0xcd6 <fputc>
 4a2:	21 10       	cpse	r2, r1
 4a4:	2a 94       	dec	r2
 4a6:	21 e0       	ldi	r18, 0x01	; 1
 4a8:	82 1a       	sub	r8, r18
 4aa:	91 08       	sbc	r9, r1
 4ac:	81 14       	cp	r8, r1
 4ae:	91 04       	cpc	r9, r1
 4b0:	71 f7       	brne	.-36     	; 0x48e <__EEPROM_REGION_LENGTH__+0x8e>
 4b2:	e8 c0       	rjmp	.+464    	; 0x684 <__EEPROM_REGION_LENGTH__+0x284>
 4b4:	84 36       	cpi	r24, 0x64	; 100
 4b6:	11 f0       	breq	.+4      	; 0x4bc <__EEPROM_REGION_LENGTH__+0xbc>
 4b8:	89 36       	cpi	r24, 0x69	; 105
 4ba:	41 f5       	brne	.+80     	; 0x50c <__EEPROM_REGION_LENGTH__+0x10c>
 4bc:	f8 01       	movw	r30, r16
 4be:	37 fe       	sbrs	r3, 7
 4c0:	07 c0       	rjmp	.+14     	; 0x4d0 <__EEPROM_REGION_LENGTH__+0xd0>
 4c2:	60 81       	ld	r22, Z
 4c4:	71 81       	ldd	r23, Z+1	; 0x01
 4c6:	82 81       	ldd	r24, Z+2	; 0x02
 4c8:	93 81       	ldd	r25, Z+3	; 0x03
 4ca:	0c 5f       	subi	r16, 0xFC	; 252
 4cc:	1f 4f       	sbci	r17, 0xFF	; 255
 4ce:	08 c0       	rjmp	.+16     	; 0x4e0 <__EEPROM_REGION_LENGTH__+0xe0>
 4d0:	60 81       	ld	r22, Z
 4d2:	71 81       	ldd	r23, Z+1	; 0x01
 4d4:	07 2e       	mov	r0, r23
 4d6:	00 0c       	add	r0, r0
 4d8:	88 0b       	sbc	r24, r24
 4da:	99 0b       	sbc	r25, r25
 4dc:	0e 5f       	subi	r16, 0xFE	; 254
 4de:	1f 4f       	sbci	r17, 0xFF	; 255
 4e0:	f3 2d       	mov	r31, r3
 4e2:	ff 76       	andi	r31, 0x6F	; 111
 4e4:	3f 2e       	mov	r3, r31
 4e6:	97 ff       	sbrs	r25, 7
 4e8:	09 c0       	rjmp	.+18     	; 0x4fc <__EEPROM_REGION_LENGTH__+0xfc>
 4ea:	90 95       	com	r25
 4ec:	80 95       	com	r24
 4ee:	70 95       	com	r23
 4f0:	61 95       	neg	r22
 4f2:	7f 4f       	sbci	r23, 0xFF	; 255
 4f4:	8f 4f       	sbci	r24, 0xFF	; 255
 4f6:	9f 4f       	sbci	r25, 0xFF	; 255
 4f8:	f0 68       	ori	r31, 0x80	; 128
 4fa:	3f 2e       	mov	r3, r31
 4fc:	2a e0       	ldi	r18, 0x0A	; 10
 4fe:	30 e0       	ldi	r19, 0x00	; 0
 500:	a3 01       	movw	r20, r6
 502:	0e 94 c0 06 	call	0xd80	; 0xd80 <__ultoa_invert>
 506:	88 2e       	mov	r8, r24
 508:	86 18       	sub	r8, r6
 50a:	45 c0       	rjmp	.+138    	; 0x596 <__EEPROM_REGION_LENGTH__+0x196>
 50c:	85 37       	cpi	r24, 0x75	; 117
 50e:	31 f4       	brne	.+12     	; 0x51c <__EEPROM_REGION_LENGTH__+0x11c>
 510:	23 2d       	mov	r18, r3
 512:	2f 7e       	andi	r18, 0xEF	; 239
 514:	b2 2e       	mov	r11, r18
 516:	2a e0       	ldi	r18, 0x0A	; 10
 518:	30 e0       	ldi	r19, 0x00	; 0
 51a:	25 c0       	rjmp	.+74     	; 0x566 <__EEPROM_REGION_LENGTH__+0x166>
 51c:	93 2d       	mov	r25, r3
 51e:	99 7f       	andi	r25, 0xF9	; 249
 520:	b9 2e       	mov	r11, r25
 522:	8f 36       	cpi	r24, 0x6F	; 111
 524:	c1 f0       	breq	.+48     	; 0x556 <__EEPROM_REGION_LENGTH__+0x156>
 526:	18 f4       	brcc	.+6      	; 0x52e <__EEPROM_REGION_LENGTH__+0x12e>
 528:	88 35       	cpi	r24, 0x58	; 88
 52a:	79 f0       	breq	.+30     	; 0x54a <__EEPROM_REGION_LENGTH__+0x14a>
 52c:	b5 c0       	rjmp	.+362    	; 0x698 <__EEPROM_REGION_LENGTH__+0x298>
 52e:	80 37       	cpi	r24, 0x70	; 112
 530:	19 f0       	breq	.+6      	; 0x538 <__EEPROM_REGION_LENGTH__+0x138>
 532:	88 37       	cpi	r24, 0x78	; 120
 534:	21 f0       	breq	.+8      	; 0x53e <__EEPROM_REGION_LENGTH__+0x13e>
 536:	b0 c0       	rjmp	.+352    	; 0x698 <__EEPROM_REGION_LENGTH__+0x298>
 538:	e9 2f       	mov	r30, r25
 53a:	e0 61       	ori	r30, 0x10	; 16
 53c:	be 2e       	mov	r11, r30
 53e:	b4 fe       	sbrs	r11, 4
 540:	0d c0       	rjmp	.+26     	; 0x55c <__EEPROM_REGION_LENGTH__+0x15c>
 542:	fb 2d       	mov	r31, r11
 544:	f4 60       	ori	r31, 0x04	; 4
 546:	bf 2e       	mov	r11, r31
 548:	09 c0       	rjmp	.+18     	; 0x55c <__EEPROM_REGION_LENGTH__+0x15c>
 54a:	34 fe       	sbrs	r3, 4
 54c:	0a c0       	rjmp	.+20     	; 0x562 <__EEPROM_REGION_LENGTH__+0x162>
 54e:	29 2f       	mov	r18, r25
 550:	26 60       	ori	r18, 0x06	; 6
 552:	b2 2e       	mov	r11, r18
 554:	06 c0       	rjmp	.+12     	; 0x562 <__EEPROM_REGION_LENGTH__+0x162>
 556:	28 e0       	ldi	r18, 0x08	; 8
 558:	30 e0       	ldi	r19, 0x00	; 0
 55a:	05 c0       	rjmp	.+10     	; 0x566 <__EEPROM_REGION_LENGTH__+0x166>
 55c:	20 e1       	ldi	r18, 0x10	; 16
 55e:	30 e0       	ldi	r19, 0x00	; 0
 560:	02 c0       	rjmp	.+4      	; 0x566 <__EEPROM_REGION_LENGTH__+0x166>
 562:	20 e1       	ldi	r18, 0x10	; 16
 564:	32 e0       	ldi	r19, 0x02	; 2
 566:	f8 01       	movw	r30, r16
 568:	b7 fe       	sbrs	r11, 7
 56a:	07 c0       	rjmp	.+14     	; 0x57a <__EEPROM_REGION_LENGTH__+0x17a>
 56c:	60 81       	ld	r22, Z
 56e:	71 81       	ldd	r23, Z+1	; 0x01
 570:	82 81       	ldd	r24, Z+2	; 0x02
 572:	93 81       	ldd	r25, Z+3	; 0x03
 574:	0c 5f       	subi	r16, 0xFC	; 252
 576:	1f 4f       	sbci	r17, 0xFF	; 255
 578:	06 c0       	rjmp	.+12     	; 0x586 <__EEPROM_REGION_LENGTH__+0x186>
 57a:	60 81       	ld	r22, Z
 57c:	71 81       	ldd	r23, Z+1	; 0x01
 57e:	80 e0       	ldi	r24, 0x00	; 0
 580:	90 e0       	ldi	r25, 0x00	; 0
 582:	0e 5f       	subi	r16, 0xFE	; 254
 584:	1f 4f       	sbci	r17, 0xFF	; 255
 586:	a3 01       	movw	r20, r6
 588:	0e 94 c0 06 	call	0xd80	; 0xd80 <__ultoa_invert>
 58c:	88 2e       	mov	r8, r24
 58e:	86 18       	sub	r8, r6
 590:	fb 2d       	mov	r31, r11
 592:	ff 77       	andi	r31, 0x7F	; 127
 594:	3f 2e       	mov	r3, r31
 596:	36 fe       	sbrs	r3, 6
 598:	0d c0       	rjmp	.+26     	; 0x5b4 <__EEPROM_REGION_LENGTH__+0x1b4>
 59a:	23 2d       	mov	r18, r3
 59c:	2e 7f       	andi	r18, 0xFE	; 254
 59e:	a2 2e       	mov	r10, r18
 5a0:	89 14       	cp	r8, r9
 5a2:	58 f4       	brcc	.+22     	; 0x5ba <__EEPROM_REGION_LENGTH__+0x1ba>
 5a4:	34 fe       	sbrs	r3, 4
 5a6:	0b c0       	rjmp	.+22     	; 0x5be <__EEPROM_REGION_LENGTH__+0x1be>
 5a8:	32 fc       	sbrc	r3, 2
 5aa:	09 c0       	rjmp	.+18     	; 0x5be <__EEPROM_REGION_LENGTH__+0x1be>
 5ac:	83 2d       	mov	r24, r3
 5ae:	8e 7e       	andi	r24, 0xEE	; 238
 5b0:	a8 2e       	mov	r10, r24
 5b2:	05 c0       	rjmp	.+10     	; 0x5be <__EEPROM_REGION_LENGTH__+0x1be>
 5b4:	b8 2c       	mov	r11, r8
 5b6:	a3 2c       	mov	r10, r3
 5b8:	03 c0       	rjmp	.+6      	; 0x5c0 <__EEPROM_REGION_LENGTH__+0x1c0>
 5ba:	b8 2c       	mov	r11, r8
 5bc:	01 c0       	rjmp	.+2      	; 0x5c0 <__EEPROM_REGION_LENGTH__+0x1c0>
 5be:	b9 2c       	mov	r11, r9
 5c0:	a4 fe       	sbrs	r10, 4
 5c2:	0f c0       	rjmp	.+30     	; 0x5e2 <__EEPROM_REGION_LENGTH__+0x1e2>
 5c4:	fe 01       	movw	r30, r28
 5c6:	e8 0d       	add	r30, r8
 5c8:	f1 1d       	adc	r31, r1
 5ca:	80 81       	ld	r24, Z
 5cc:	80 33       	cpi	r24, 0x30	; 48
 5ce:	21 f4       	brne	.+8      	; 0x5d8 <__EEPROM_REGION_LENGTH__+0x1d8>
 5d0:	9a 2d       	mov	r25, r10
 5d2:	99 7e       	andi	r25, 0xE9	; 233
 5d4:	a9 2e       	mov	r10, r25
 5d6:	09 c0       	rjmp	.+18     	; 0x5ea <__EEPROM_REGION_LENGTH__+0x1ea>
 5d8:	a2 fe       	sbrs	r10, 2
 5da:	06 c0       	rjmp	.+12     	; 0x5e8 <__EEPROM_REGION_LENGTH__+0x1e8>
 5dc:	b3 94       	inc	r11
 5de:	b3 94       	inc	r11
 5e0:	04 c0       	rjmp	.+8      	; 0x5ea <__EEPROM_REGION_LENGTH__+0x1ea>
 5e2:	8a 2d       	mov	r24, r10
 5e4:	86 78       	andi	r24, 0x86	; 134
 5e6:	09 f0       	breq	.+2      	; 0x5ea <__EEPROM_REGION_LENGTH__+0x1ea>
 5e8:	b3 94       	inc	r11
 5ea:	a3 fc       	sbrc	r10, 3
 5ec:	11 c0       	rjmp	.+34     	; 0x610 <__EEPROM_REGION_LENGTH__+0x210>
 5ee:	a0 fe       	sbrs	r10, 0
 5f0:	06 c0       	rjmp	.+12     	; 0x5fe <__EEPROM_REGION_LENGTH__+0x1fe>
 5f2:	b2 14       	cp	r11, r2
 5f4:	88 f4       	brcc	.+34     	; 0x618 <__EEPROM_REGION_LENGTH__+0x218>
 5f6:	28 0c       	add	r2, r8
 5f8:	92 2c       	mov	r9, r2
 5fa:	9b 18       	sub	r9, r11
 5fc:	0e c0       	rjmp	.+28     	; 0x61a <__EEPROM_REGION_LENGTH__+0x21a>
 5fe:	b2 14       	cp	r11, r2
 600:	60 f4       	brcc	.+24     	; 0x61a <__EEPROM_REGION_LENGTH__+0x21a>
 602:	b6 01       	movw	r22, r12
 604:	80 e2       	ldi	r24, 0x20	; 32
 606:	90 e0       	ldi	r25, 0x00	; 0
 608:	0e 94 6b 06 	call	0xcd6	; 0xcd6 <fputc>
 60c:	b3 94       	inc	r11
 60e:	f7 cf       	rjmp	.-18     	; 0x5fe <__EEPROM_REGION_LENGTH__+0x1fe>
 610:	b2 14       	cp	r11, r2
 612:	18 f4       	brcc	.+6      	; 0x61a <__EEPROM_REGION_LENGTH__+0x21a>
 614:	2b 18       	sub	r2, r11
 616:	02 c0       	rjmp	.+4      	; 0x61c <__EEPROM_REGION_LENGTH__+0x21c>
 618:	98 2c       	mov	r9, r8
 61a:	21 2c       	mov	r2, r1
 61c:	a4 fe       	sbrs	r10, 4
 61e:	10 c0       	rjmp	.+32     	; 0x640 <__EEPROM_REGION_LENGTH__+0x240>
 620:	b6 01       	movw	r22, r12
 622:	80 e3       	ldi	r24, 0x30	; 48
 624:	90 e0       	ldi	r25, 0x00	; 0
 626:	0e 94 6b 06 	call	0xcd6	; 0xcd6 <fputc>
 62a:	a2 fe       	sbrs	r10, 2
 62c:	17 c0       	rjmp	.+46     	; 0x65c <__EEPROM_REGION_LENGTH__+0x25c>
 62e:	a1 fc       	sbrc	r10, 1
 630:	03 c0       	rjmp	.+6      	; 0x638 <__EEPROM_REGION_LENGTH__+0x238>
 632:	88 e7       	ldi	r24, 0x78	; 120
 634:	90 e0       	ldi	r25, 0x00	; 0
 636:	02 c0       	rjmp	.+4      	; 0x63c <__EEPROM_REGION_LENGTH__+0x23c>
 638:	88 e5       	ldi	r24, 0x58	; 88
 63a:	90 e0       	ldi	r25, 0x00	; 0
 63c:	b6 01       	movw	r22, r12
 63e:	0c c0       	rjmp	.+24     	; 0x658 <__EEPROM_REGION_LENGTH__+0x258>
 640:	8a 2d       	mov	r24, r10
 642:	86 78       	andi	r24, 0x86	; 134
 644:	59 f0       	breq	.+22     	; 0x65c <__EEPROM_REGION_LENGTH__+0x25c>
 646:	a1 fe       	sbrs	r10, 1
 648:	02 c0       	rjmp	.+4      	; 0x64e <__EEPROM_REGION_LENGTH__+0x24e>
 64a:	8b e2       	ldi	r24, 0x2B	; 43
 64c:	01 c0       	rjmp	.+2      	; 0x650 <__EEPROM_REGION_LENGTH__+0x250>
 64e:	80 e2       	ldi	r24, 0x20	; 32
 650:	a7 fc       	sbrc	r10, 7
 652:	8d e2       	ldi	r24, 0x2D	; 45
 654:	b6 01       	movw	r22, r12
 656:	90 e0       	ldi	r25, 0x00	; 0
 658:	0e 94 6b 06 	call	0xcd6	; 0xcd6 <fputc>
 65c:	89 14       	cp	r8, r9
 65e:	38 f4       	brcc	.+14     	; 0x66e <__EEPROM_REGION_LENGTH__+0x26e>
 660:	b6 01       	movw	r22, r12
 662:	80 e3       	ldi	r24, 0x30	; 48
 664:	90 e0       	ldi	r25, 0x00	; 0
 666:	0e 94 6b 06 	call	0xcd6	; 0xcd6 <fputc>
 66a:	9a 94       	dec	r9
 66c:	f7 cf       	rjmp	.-18     	; 0x65c <__EEPROM_REGION_LENGTH__+0x25c>
 66e:	8a 94       	dec	r8
 670:	f3 01       	movw	r30, r6
 672:	e8 0d       	add	r30, r8
 674:	f1 1d       	adc	r31, r1
 676:	80 81       	ld	r24, Z
 678:	b6 01       	movw	r22, r12
 67a:	90 e0       	ldi	r25, 0x00	; 0
 67c:	0e 94 6b 06 	call	0xcd6	; 0xcd6 <fputc>
 680:	81 10       	cpse	r8, r1
 682:	f5 cf       	rjmp	.-22     	; 0x66e <__EEPROM_REGION_LENGTH__+0x26e>
 684:	22 20       	and	r2, r2
 686:	09 f4       	brne	.+2      	; 0x68a <__EEPROM_REGION_LENGTH__+0x28a>
 688:	42 ce       	rjmp	.-892    	; 0x30e <vfprintf+0x24>
 68a:	b6 01       	movw	r22, r12
 68c:	80 e2       	ldi	r24, 0x20	; 32
 68e:	90 e0       	ldi	r25, 0x00	; 0
 690:	0e 94 6b 06 	call	0xcd6	; 0xcd6 <fputc>
 694:	2a 94       	dec	r2
 696:	f6 cf       	rjmp	.-20     	; 0x684 <__EEPROM_REGION_LENGTH__+0x284>
 698:	f6 01       	movw	r30, r12
 69a:	86 81       	ldd	r24, Z+6	; 0x06
 69c:	97 81       	ldd	r25, Z+7	; 0x07
 69e:	02 c0       	rjmp	.+4      	; 0x6a4 <__EEPROM_REGION_LENGTH__+0x2a4>
 6a0:	8f ef       	ldi	r24, 0xFF	; 255
 6a2:	9f ef       	ldi	r25, 0xFF	; 255
 6a4:	2b 96       	adiw	r28, 0x0b	; 11
 6a6:	e2 e1       	ldi	r30, 0x12	; 18
 6a8:	0c 94 3d 07 	jmp	0xe7a	; 0xe7a <__epilogue_restores__>

000006ac <putval>:
 6ac:	20 fd       	sbrc	r18, 0
 6ae:	09 c0       	rjmp	.+18     	; 0x6c2 <putval+0x16>
 6b0:	fc 01       	movw	r30, r24
 6b2:	23 fd       	sbrc	r18, 3
 6b4:	05 c0       	rjmp	.+10     	; 0x6c0 <putval+0x14>
 6b6:	22 ff       	sbrs	r18, 2
 6b8:	02 c0       	rjmp	.+4      	; 0x6be <putval+0x12>
 6ba:	73 83       	std	Z+3, r23	; 0x03
 6bc:	62 83       	std	Z+2, r22	; 0x02
 6be:	51 83       	std	Z+1, r21	; 0x01
 6c0:	40 83       	st	Z, r20
 6c2:	08 95       	ret

000006c4 <mulacc>:
 6c4:	44 fd       	sbrc	r20, 4
 6c6:	17 c0       	rjmp	.+46     	; 0x6f6 <mulacc+0x32>
 6c8:	46 fd       	sbrc	r20, 6
 6ca:	17 c0       	rjmp	.+46     	; 0x6fa <mulacc+0x36>
 6cc:	ab 01       	movw	r20, r22
 6ce:	bc 01       	movw	r22, r24
 6d0:	da 01       	movw	r26, r20
 6d2:	fb 01       	movw	r30, r22
 6d4:	aa 0f       	add	r26, r26
 6d6:	bb 1f       	adc	r27, r27
 6d8:	ee 1f       	adc	r30, r30
 6da:	ff 1f       	adc	r31, r31
 6dc:	10 94       	com	r1
 6de:	d1 f7       	brne	.-12     	; 0x6d4 <mulacc+0x10>
 6e0:	4a 0f       	add	r20, r26
 6e2:	5b 1f       	adc	r21, r27
 6e4:	6e 1f       	adc	r22, r30
 6e6:	7f 1f       	adc	r23, r31
 6e8:	cb 01       	movw	r24, r22
 6ea:	ba 01       	movw	r22, r20
 6ec:	66 0f       	add	r22, r22
 6ee:	77 1f       	adc	r23, r23
 6f0:	88 1f       	adc	r24, r24
 6f2:	99 1f       	adc	r25, r25
 6f4:	09 c0       	rjmp	.+18     	; 0x708 <mulacc+0x44>
 6f6:	33 e0       	ldi	r19, 0x03	; 3
 6f8:	01 c0       	rjmp	.+2      	; 0x6fc <mulacc+0x38>
 6fa:	34 e0       	ldi	r19, 0x04	; 4
 6fc:	66 0f       	add	r22, r22
 6fe:	77 1f       	adc	r23, r23
 700:	88 1f       	adc	r24, r24
 702:	99 1f       	adc	r25, r25
 704:	31 50       	subi	r19, 0x01	; 1
 706:	d1 f7       	brne	.-12     	; 0x6fc <mulacc+0x38>
 708:	62 0f       	add	r22, r18
 70a:	71 1d       	adc	r23, r1
 70c:	81 1d       	adc	r24, r1
 70e:	91 1d       	adc	r25, r1
 710:	08 95       	ret

00000712 <skip_spaces>:
 712:	0f 93       	push	r16
 714:	1f 93       	push	r17
 716:	cf 93       	push	r28
 718:	df 93       	push	r29
 71a:	8c 01       	movw	r16, r24
 71c:	c8 01       	movw	r24, r16
 71e:	0e 94 2d 06 	call	0xc5a	; 0xc5a <fgetc>
 722:	ec 01       	movw	r28, r24
 724:	97 fd       	sbrc	r25, 7
 726:	08 c0       	rjmp	.+16     	; 0x738 <skip_spaces+0x26>
 728:	0e 94 03 06 	call	0xc06	; 0xc06 <isspace>
 72c:	89 2b       	or	r24, r25
 72e:	b1 f7       	brne	.-20     	; 0x71c <skip_spaces+0xa>
 730:	b8 01       	movw	r22, r16
 732:	ce 01       	movw	r24, r28
 734:	0e 94 a7 06 	call	0xd4e	; 0xd4e <ungetc>
 738:	ce 01       	movw	r24, r28
 73a:	df 91       	pop	r29
 73c:	cf 91       	pop	r28
 73e:	1f 91       	pop	r17
 740:	0f 91       	pop	r16
 742:	08 95       	ret

00000744 <conv_int>:
 744:	8f 92       	push	r8
 746:	9f 92       	push	r9
 748:	af 92       	push	r10
 74a:	bf 92       	push	r11
 74c:	ef 92       	push	r14
 74e:	ff 92       	push	r15
 750:	0f 93       	push	r16
 752:	1f 93       	push	r17
 754:	cf 93       	push	r28
 756:	df 93       	push	r29
 758:	8c 01       	movw	r16, r24
 75a:	d6 2f       	mov	r29, r22
 75c:	7a 01       	movw	r14, r20
 75e:	b2 2e       	mov	r11, r18
 760:	0e 94 2d 06 	call	0xc5a	; 0xc5a <fgetc>
 764:	9c 01       	movw	r18, r24
 766:	33 27       	eor	r19, r19
 768:	2b 32       	cpi	r18, 0x2B	; 43
 76a:	31 05       	cpc	r19, r1
 76c:	31 f0       	breq	.+12     	; 0x77a <conv_int+0x36>
 76e:	2d 32       	cpi	r18, 0x2D	; 45
 770:	31 05       	cpc	r19, r1
 772:	61 f4       	brne	.+24     	; 0x78c <conv_int+0x48>
 774:	8b 2d       	mov	r24, r11
 776:	80 68       	ori	r24, 0x80	; 128
 778:	b8 2e       	mov	r11, r24
 77a:	d1 50       	subi	r29, 0x01	; 1
 77c:	11 f4       	brne	.+4      	; 0x782 <conv_int+0x3e>
 77e:	80 e0       	ldi	r24, 0x00	; 0
 780:	68 c0       	rjmp	.+208    	; 0x852 <__DATA_REGION_LENGTH__+0x52>
 782:	c8 01       	movw	r24, r16
 784:	0e 94 2d 06 	call	0xc5a	; 0xc5a <fgetc>
 788:	97 fd       	sbrc	r25, 7
 78a:	f9 cf       	rjmp	.-14     	; 0x77e <conv_int+0x3a>
 78c:	cb 2d       	mov	r28, r11
 78e:	cd 7f       	andi	r28, 0xFD	; 253
 790:	2b 2d       	mov	r18, r11
 792:	20 73       	andi	r18, 0x30	; 48
 794:	09 f5       	brne	.+66     	; 0x7d8 <conv_int+0x94>
 796:	80 33       	cpi	r24, 0x30	; 48
 798:	f9 f4       	brne	.+62     	; 0x7d8 <conv_int+0x94>
 79a:	aa 24       	eor	r10, r10
 79c:	aa 94       	dec	r10
 79e:	ad 0e       	add	r10, r29
 7a0:	09 f4       	brne	.+2      	; 0x7a4 <conv_int+0x60>
 7a2:	43 c0       	rjmp	.+134    	; 0x82a <__DATA_REGION_LENGTH__+0x2a>
 7a4:	c8 01       	movw	r24, r16
 7a6:	0e 94 2d 06 	call	0xc5a	; 0xc5a <fgetc>
 7aa:	97 fd       	sbrc	r25, 7
 7ac:	3e c0       	rjmp	.+124    	; 0x82a <__DATA_REGION_LENGTH__+0x2a>
 7ae:	9c 01       	movw	r18, r24
 7b0:	2f 7d       	andi	r18, 0xDF	; 223
 7b2:	33 27       	eor	r19, r19
 7b4:	28 35       	cpi	r18, 0x58	; 88
 7b6:	31 05       	cpc	r19, r1
 7b8:	49 f4       	brne	.+18     	; 0x7cc <conv_int+0x88>
 7ba:	c2 64       	ori	r28, 0x42	; 66
 7bc:	d2 50       	subi	r29, 0x02	; 2
 7be:	a9 f1       	breq	.+106    	; 0x82a <__DATA_REGION_LENGTH__+0x2a>
 7c0:	c8 01       	movw	r24, r16
 7c2:	0e 94 2d 06 	call	0xc5a	; 0xc5a <fgetc>
 7c6:	97 ff       	sbrs	r25, 7
 7c8:	07 c0       	rjmp	.+14     	; 0x7d8 <conv_int+0x94>
 7ca:	2f c0       	rjmp	.+94     	; 0x82a <__DATA_REGION_LENGTH__+0x2a>
 7cc:	b6 fe       	sbrs	r11, 6
 7ce:	02 c0       	rjmp	.+4      	; 0x7d4 <conv_int+0x90>
 7d0:	c2 60       	ori	r28, 0x02	; 2
 7d2:	01 c0       	rjmp	.+2      	; 0x7d6 <conv_int+0x92>
 7d4:	c2 61       	ori	r28, 0x12	; 18
 7d6:	da 2d       	mov	r29, r10
 7d8:	81 2c       	mov	r8, r1
 7da:	91 2c       	mov	r9, r1
 7dc:	54 01       	movw	r10, r8
 7de:	20 ed       	ldi	r18, 0xD0	; 208
 7e0:	28 0f       	add	r18, r24
 7e2:	28 30       	cpi	r18, 0x08	; 8
 7e4:	80 f0       	brcs	.+32     	; 0x806 <__DATA_REGION_LENGTH__+0x6>
 7e6:	c4 ff       	sbrs	r28, 4
 7e8:	04 c0       	rjmp	.+8      	; 0x7f2 <conv_int+0xae>
 7ea:	b8 01       	movw	r22, r16
 7ec:	0e 94 a7 06 	call	0xd4e	; 0xd4e <ungetc>
 7f0:	19 c0       	rjmp	.+50     	; 0x824 <__DATA_REGION_LENGTH__+0x24>
 7f2:	2a 30       	cpi	r18, 0x0A	; 10
 7f4:	40 f0       	brcs	.+16     	; 0x806 <__DATA_REGION_LENGTH__+0x6>
 7f6:	c6 ff       	sbrs	r28, 6
 7f8:	f8 cf       	rjmp	.-16     	; 0x7ea <conv_int+0xa6>
 7fa:	2f 7d       	andi	r18, 0xDF	; 223
 7fc:	3f ee       	ldi	r19, 0xEF	; 239
 7fe:	32 0f       	add	r19, r18
 800:	36 30       	cpi	r19, 0x06	; 6
 802:	98 f7       	brcc	.-26     	; 0x7ea <conv_int+0xa6>
 804:	27 50       	subi	r18, 0x07	; 7
 806:	4c 2f       	mov	r20, r28
 808:	c5 01       	movw	r24, r10
 80a:	b4 01       	movw	r22, r8
 80c:	0e 94 62 03 	call	0x6c4	; 0x6c4 <mulacc>
 810:	4b 01       	movw	r8, r22
 812:	5c 01       	movw	r10, r24
 814:	c2 60       	ori	r28, 0x02	; 2
 816:	d1 50       	subi	r29, 0x01	; 1
 818:	59 f0       	breq	.+22     	; 0x830 <__DATA_REGION_LENGTH__+0x30>
 81a:	c8 01       	movw	r24, r16
 81c:	0e 94 2d 06 	call	0xc5a	; 0xc5a <fgetc>
 820:	97 ff       	sbrs	r25, 7
 822:	dd cf       	rjmp	.-70     	; 0x7de <conv_int+0x9a>
 824:	c1 fd       	sbrc	r28, 1
 826:	04 c0       	rjmp	.+8      	; 0x830 <__DATA_REGION_LENGTH__+0x30>
 828:	aa cf       	rjmp	.-172    	; 0x77e <conv_int+0x3a>
 82a:	81 2c       	mov	r8, r1
 82c:	91 2c       	mov	r9, r1
 82e:	54 01       	movw	r10, r8
 830:	c7 ff       	sbrs	r28, 7
 832:	08 c0       	rjmp	.+16     	; 0x844 <__DATA_REGION_LENGTH__+0x44>
 834:	b0 94       	com	r11
 836:	a0 94       	com	r10
 838:	90 94       	com	r9
 83a:	80 94       	com	r8
 83c:	81 1c       	adc	r8, r1
 83e:	91 1c       	adc	r9, r1
 840:	a1 1c       	adc	r10, r1
 842:	b1 1c       	adc	r11, r1
 844:	2c 2f       	mov	r18, r28
 846:	b5 01       	movw	r22, r10
 848:	a4 01       	movw	r20, r8
 84a:	c7 01       	movw	r24, r14
 84c:	0e 94 56 03 	call	0x6ac	; 0x6ac <putval>
 850:	81 e0       	ldi	r24, 0x01	; 1
 852:	df 91       	pop	r29
 854:	cf 91       	pop	r28
 856:	1f 91       	pop	r17
 858:	0f 91       	pop	r16
 85a:	ff 90       	pop	r15
 85c:	ef 90       	pop	r14
 85e:	bf 90       	pop	r11
 860:	af 90       	pop	r10
 862:	9f 90       	pop	r9
 864:	8f 90       	pop	r8
 866:	08 95       	ret

00000868 <conv_brk>:
 868:	a0 e2       	ldi	r26, 0x20	; 32
 86a:	b0 e0       	ldi	r27, 0x00	; 0
 86c:	ea e3       	ldi	r30, 0x3A	; 58
 86e:	f4 e0       	ldi	r31, 0x04	; 4
 870:	0c 94 24 07 	jmp	0xe48	; 0xe48 <__prologue_saves__+0x6>
 874:	5c 01       	movw	r10, r24
 876:	96 2e       	mov	r9, r22
 878:	7a 01       	movw	r14, r20
 87a:	f9 01       	movw	r30, r18
 87c:	8e 01       	movw	r16, r28
 87e:	0f 5f       	subi	r16, 0xFF	; 255
 880:	1f 4f       	sbci	r17, 0xFF	; 255
 882:	68 01       	movw	r12, r16
 884:	80 e2       	ldi	r24, 0x20	; 32
 886:	d8 01       	movw	r26, r16
 888:	1d 92       	st	X+, r1
 88a:	8a 95       	dec	r24
 88c:	e9 f7       	brne	.-6      	; 0x888 <conv_brk+0x20>
 88e:	d5 01       	movw	r26, r10
 890:	13 96       	adiw	r26, 0x03	; 3
 892:	8c 90       	ld	r8, X
 894:	80 e0       	ldi	r24, 0x00	; 0
 896:	90 e0       	ldi	r25, 0x00	; 0
 898:	61 2c       	mov	r6, r1
 89a:	71 2c       	mov	r7, r1
 89c:	30 e0       	ldi	r19, 0x00	; 0
 89e:	61 e0       	ldi	r22, 0x01	; 1
 8a0:	70 e0       	ldi	r23, 0x00	; 0
 8a2:	83 fc       	sbrc	r8, 3
 8a4:	25 91       	lpm	r18, Z+
 8a6:	83 fe       	sbrs	r8, 3
 8a8:	21 91       	ld	r18, Z+
 8aa:	8f 01       	movw	r16, r30
 8ac:	52 2e       	mov	r5, r18
 8ae:	21 11       	cpse	r18, r1
 8b0:	03 c0       	rjmp	.+6      	; 0x8b8 <conv_brk+0x50>
 8b2:	80 e0       	ldi	r24, 0x00	; 0
 8b4:	90 e0       	ldi	r25, 0x00	; 0
 8b6:	92 c0       	rjmp	.+292    	; 0x9dc <__stack+0xdd>
 8b8:	2e 35       	cpi	r18, 0x5E	; 94
 8ba:	11 f4       	brne	.+4      	; 0x8c0 <conv_brk+0x58>
 8bc:	00 97       	sbiw	r24, 0x00	; 0
 8be:	51 f1       	breq	.+84     	; 0x914 <__stack+0x15>
 8c0:	43 2f       	mov	r20, r19
 8c2:	50 e0       	ldi	r21, 0x00	; 0
 8c4:	48 17       	cp	r20, r24
 8c6:	59 07       	cpc	r21, r25
 8c8:	3c f4       	brge	.+14     	; 0x8d8 <conv_brk+0x70>
 8ca:	2d 35       	cpi	r18, 0x5D	; 93
 8cc:	59 f1       	breq	.+86     	; 0x924 <__stack+0x25>
 8ce:	2d 32       	cpi	r18, 0x2D	; 45
 8d0:	19 f4       	brne	.+6      	; 0x8d8 <conv_brk+0x70>
 8d2:	77 20       	and	r7, r7
 8d4:	09 f1       	breq	.+66     	; 0x918 <__stack+0x19>
 8d6:	03 c0       	rjmp	.+6      	; 0x8de <conv_brk+0x76>
 8d8:	77 20       	and	r7, r7
 8da:	09 f4       	brne	.+2      	; 0x8de <conv_brk+0x76>
 8dc:	6a c0       	rjmp	.+212    	; 0x9b2 <__stack+0xb3>
 8de:	45 2d       	mov	r20, r5
 8e0:	46 95       	lsr	r20
 8e2:	46 95       	lsr	r20
 8e4:	46 95       	lsr	r20
 8e6:	d6 01       	movw	r26, r12
 8e8:	a4 0f       	add	r26, r20
 8ea:	b1 1d       	adc	r27, r1
 8ec:	45 2d       	mov	r20, r5
 8ee:	47 70       	andi	r20, 0x07	; 7
 8f0:	8b 01       	movw	r16, r22
 8f2:	02 c0       	rjmp	.+4      	; 0x8f8 <conv_brk+0x90>
 8f4:	00 0f       	add	r16, r16
 8f6:	11 1f       	adc	r17, r17
 8f8:	4a 95       	dec	r20
 8fa:	e2 f7       	brpl	.-8      	; 0x8f4 <conv_brk+0x8c>
 8fc:	a8 01       	movw	r20, r16
 8fe:	5c 91       	ld	r21, X
 900:	45 2b       	or	r20, r21
 902:	4c 93       	st	X, r20
 904:	65 14       	cp	r6, r5
 906:	59 f0       	breq	.+22     	; 0x91e <__stack+0x1f>
 908:	56 14       	cp	r5, r6
 90a:	10 f4       	brcc	.+4      	; 0x910 <__stack+0x11>
 90c:	53 94       	inc	r5
 90e:	e7 cf       	rjmp	.-50     	; 0x8de <conv_brk+0x76>
 910:	5a 94       	dec	r5
 912:	e5 cf       	rjmp	.-54     	; 0x8de <conv_brk+0x76>
 914:	31 e0       	ldi	r19, 0x01	; 1
 916:	04 c0       	rjmp	.+8      	; 0x920 <__stack+0x21>
 918:	77 24       	eor	r7, r7
 91a:	73 94       	inc	r7
 91c:	01 c0       	rjmp	.+2      	; 0x920 <__stack+0x21>
 91e:	71 2c       	mov	r7, r1
 920:	01 96       	adiw	r24, 0x01	; 1
 922:	bf cf       	rjmp	.-130    	; 0x8a2 <conv_brk+0x3a>
 924:	77 20       	and	r7, r7
 926:	19 f0       	breq	.+6      	; 0x92e <__stack+0x2f>
 928:	8e 81       	ldd	r24, Y+6	; 0x06
 92a:	80 62       	ori	r24, 0x20	; 32
 92c:	8e 83       	std	Y+6, r24	; 0x06
 92e:	31 11       	cpse	r19, r1
 930:	03 c0       	rjmp	.+6      	; 0x938 <__stack+0x39>
 932:	88 24       	eor	r8, r8
 934:	83 94       	inc	r8
 936:	17 c0       	rjmp	.+46     	; 0x966 <__stack+0x67>
 938:	f6 01       	movw	r30, r12
 93a:	9e 01       	movw	r18, r28
 93c:	2f 5d       	subi	r18, 0xDF	; 223
 93e:	3f 4f       	sbci	r19, 0xFF	; 255
 940:	80 81       	ld	r24, Z
 942:	80 95       	com	r24
 944:	81 93       	st	Z+, r24
 946:	2e 17       	cp	r18, r30
 948:	3f 07       	cpc	r19, r31
 94a:	d1 f7       	brne	.-12     	; 0x940 <__stack+0x41>
 94c:	f2 cf       	rjmp	.-28     	; 0x932 <__stack+0x33>
 94e:	e1 14       	cp	r14, r1
 950:	f1 04       	cpc	r15, r1
 952:	29 f0       	breq	.+10     	; 0x95e <__stack+0x5f>
 954:	d7 01       	movw	r26, r14
 956:	8c 93       	st	X, r24
 958:	f7 01       	movw	r30, r14
 95a:	31 96       	adiw	r30, 0x01	; 1
 95c:	7f 01       	movw	r14, r30
 95e:	9a 94       	dec	r9
 960:	81 2c       	mov	r8, r1
 962:	99 20       	and	r9, r9
 964:	f9 f0       	breq	.+62     	; 0x9a4 <__stack+0xa5>
 966:	c5 01       	movw	r24, r10
 968:	0e 94 2d 06 	call	0xc5a	; 0xc5a <fgetc>
 96c:	97 fd       	sbrc	r25, 7
 96e:	18 c0       	rjmp	.+48     	; 0x9a0 <__stack+0xa1>
 970:	fc 01       	movw	r30, r24
 972:	ff 27       	eor	r31, r31
 974:	23 e0       	ldi	r18, 0x03	; 3
 976:	f5 95       	asr	r31
 978:	e7 95       	ror	r30
 97a:	2a 95       	dec	r18
 97c:	e1 f7       	brne	.-8      	; 0x976 <__stack+0x77>
 97e:	ec 0d       	add	r30, r12
 980:	fd 1d       	adc	r31, r13
 982:	20 81       	ld	r18, Z
 984:	30 e0       	ldi	r19, 0x00	; 0
 986:	ac 01       	movw	r20, r24
 988:	47 70       	andi	r20, 0x07	; 7
 98a:	55 27       	eor	r21, r21
 98c:	02 c0       	rjmp	.+4      	; 0x992 <__stack+0x93>
 98e:	35 95       	asr	r19
 990:	27 95       	ror	r18
 992:	4a 95       	dec	r20
 994:	e2 f7       	brpl	.-8      	; 0x98e <__stack+0x8f>
 996:	20 fd       	sbrc	r18, 0
 998:	da cf       	rjmp	.-76     	; 0x94e <__stack+0x4f>
 99a:	b5 01       	movw	r22, r10
 99c:	0e 94 a7 06 	call	0xd4e	; 0xd4e <ungetc>
 9a0:	81 10       	cpse	r8, r1
 9a2:	87 cf       	rjmp	.-242    	; 0x8b2 <conv_brk+0x4a>
 9a4:	e1 14       	cp	r14, r1
 9a6:	f1 04       	cpc	r15, r1
 9a8:	11 f0       	breq	.+4      	; 0x9ae <__stack+0xaf>
 9aa:	d7 01       	movw	r26, r14
 9ac:	1c 92       	st	X, r1
 9ae:	c8 01       	movw	r24, r16
 9b0:	15 c0       	rjmp	.+42     	; 0x9dc <__stack+0xdd>
 9b2:	42 2f       	mov	r20, r18
 9b4:	46 95       	lsr	r20
 9b6:	46 95       	lsr	r20
 9b8:	46 95       	lsr	r20
 9ba:	d6 01       	movw	r26, r12
 9bc:	a4 0f       	add	r26, r20
 9be:	b1 1d       	adc	r27, r1
 9c0:	42 2f       	mov	r20, r18
 9c2:	47 70       	andi	r20, 0x07	; 7
 9c4:	8b 01       	movw	r16, r22
 9c6:	02 c0       	rjmp	.+4      	; 0x9cc <__stack+0xcd>
 9c8:	00 0f       	add	r16, r16
 9ca:	11 1f       	adc	r17, r17
 9cc:	4a 95       	dec	r20
 9ce:	e2 f7       	brpl	.-8      	; 0x9c8 <__stack+0xc9>
 9d0:	a8 01       	movw	r20, r16
 9d2:	5c 91       	ld	r21, X
 9d4:	45 2b       	or	r20, r21
 9d6:	4c 93       	st	X, r20
 9d8:	62 2e       	mov	r6, r18
 9da:	a2 cf       	rjmp	.-188    	; 0x920 <__stack+0x21>
 9dc:	a0 96       	adiw	r28, 0x20	; 32
 9de:	ef e0       	ldi	r30, 0x0F	; 15
 9e0:	0c 94 40 07 	jmp	0xe80	; 0xe80 <__epilogue_restores__+0x6>

000009e4 <vfscanf>:
 9e4:	a0 e0       	ldi	r26, 0x00	; 0
 9e6:	b0 e0       	ldi	r27, 0x00	; 0
 9e8:	e8 ef       	ldi	r30, 0xF8	; 248
 9ea:	f4 e0       	ldi	r31, 0x04	; 4
 9ec:	0c 94 24 07 	jmp	0xe48	; 0xe48 <__prologue_saves__+0x6>
 9f0:	6c 01       	movw	r12, r24
 9f2:	eb 01       	movw	r28, r22
 9f4:	5a 01       	movw	r10, r20
 9f6:	fc 01       	movw	r30, r24
 9f8:	17 82       	std	Z+7, r1	; 0x07
 9fa:	16 82       	std	Z+6, r1	; 0x06
 9fc:	51 2c       	mov	r5, r1
 9fe:	f6 01       	movw	r30, r12
 a00:	e3 80       	ldd	r14, Z+3	; 0x03
 a02:	fe 01       	movw	r30, r28
 a04:	e3 fc       	sbrc	r14, 3
 a06:	85 91       	lpm	r24, Z+
 a08:	e3 fe       	sbrs	r14, 3
 a0a:	81 91       	ld	r24, Z+
 a0c:	18 2f       	mov	r17, r24
 a0e:	ef 01       	movw	r28, r30
 a10:	88 23       	and	r24, r24
 a12:	09 f4       	brne	.+2      	; 0xa16 <vfscanf+0x32>
 a14:	ee c0       	rjmp	.+476    	; 0xbf2 <vfscanf+0x20e>
 a16:	90 e0       	ldi	r25, 0x00	; 0
 a18:	0e 94 03 06 	call	0xc06	; 0xc06 <isspace>
 a1c:	89 2b       	or	r24, r25
 a1e:	21 f0       	breq	.+8      	; 0xa28 <vfscanf+0x44>
 a20:	c6 01       	movw	r24, r12
 a22:	0e 94 89 03 	call	0x712	; 0x712 <skip_spaces>
 a26:	eb cf       	rjmp	.-42     	; 0x9fe <vfscanf+0x1a>
 a28:	15 32       	cpi	r17, 0x25	; 37
 a2a:	41 f4       	brne	.+16     	; 0xa3c <vfscanf+0x58>
 a2c:	fe 01       	movw	r30, r28
 a2e:	e3 fc       	sbrc	r14, 3
 a30:	15 91       	lpm	r17, Z+
 a32:	e3 fe       	sbrs	r14, 3
 a34:	11 91       	ld	r17, Z+
 a36:	ef 01       	movw	r28, r30
 a38:	15 32       	cpi	r17, 0x25	; 37
 a3a:	81 f4       	brne	.+32     	; 0xa5c <vfscanf+0x78>
 a3c:	c6 01       	movw	r24, r12
 a3e:	0e 94 2d 06 	call	0xc5a	; 0xc5a <fgetc>
 a42:	97 fd       	sbrc	r25, 7
 a44:	d4 c0       	rjmp	.+424    	; 0xbee <vfscanf+0x20a>
 a46:	41 2f       	mov	r20, r17
 a48:	50 e0       	ldi	r21, 0x00	; 0
 a4a:	9c 01       	movw	r18, r24
 a4c:	33 27       	eor	r19, r19
 a4e:	24 17       	cp	r18, r20
 a50:	35 07       	cpc	r19, r21
 a52:	a9 f2       	breq	.-86     	; 0x9fe <vfscanf+0x1a>
 a54:	b6 01       	movw	r22, r12
 a56:	0e 94 a7 06 	call	0xd4e	; 0xd4e <ungetc>
 a5a:	cb c0       	rjmp	.+406    	; 0xbf2 <vfscanf+0x20e>
 a5c:	1a 32       	cpi	r17, 0x2A	; 42
 a5e:	39 f4       	brne	.+14     	; 0xa6e <vfscanf+0x8a>
 a60:	e3 fc       	sbrc	r14, 3
 a62:	15 91       	lpm	r17, Z+
 a64:	e3 fe       	sbrs	r14, 3
 a66:	11 91       	ld	r17, Z+
 a68:	ef 01       	movw	r28, r30
 a6a:	01 e0       	ldi	r16, 0x01	; 1
 a6c:	01 c0       	rjmp	.+2      	; 0xa70 <vfscanf+0x8c>
 a6e:	00 e0       	ldi	r16, 0x00	; 0
 a70:	f1 2c       	mov	r15, r1
 a72:	20 ed       	ldi	r18, 0xD0	; 208
 a74:	21 0f       	add	r18, r17
 a76:	2a 30       	cpi	r18, 0x0A	; 10
 a78:	80 f4       	brcc	.+32     	; 0xa9a <vfscanf+0xb6>
 a7a:	02 60       	ori	r16, 0x02	; 2
 a7c:	6f 2d       	mov	r22, r15
 a7e:	70 e0       	ldi	r23, 0x00	; 0
 a80:	80 e0       	ldi	r24, 0x00	; 0
 a82:	90 e0       	ldi	r25, 0x00	; 0
 a84:	40 e2       	ldi	r20, 0x20	; 32
 a86:	0e 94 62 03 	call	0x6c4	; 0x6c4 <mulacc>
 a8a:	f6 2e       	mov	r15, r22
 a8c:	fe 01       	movw	r30, r28
 a8e:	e3 fc       	sbrc	r14, 3
 a90:	15 91       	lpm	r17, Z+
 a92:	e3 fe       	sbrs	r14, 3
 a94:	11 91       	ld	r17, Z+
 a96:	ef 01       	movw	r28, r30
 a98:	ec cf       	rjmp	.-40     	; 0xa72 <vfscanf+0x8e>
 a9a:	01 ff       	sbrs	r16, 1
 a9c:	03 c0       	rjmp	.+6      	; 0xaa4 <vfscanf+0xc0>
 a9e:	f1 10       	cpse	r15, r1
 aa0:	03 c0       	rjmp	.+6      	; 0xaa8 <vfscanf+0xc4>
 aa2:	a7 c0       	rjmp	.+334    	; 0xbf2 <vfscanf+0x20e>
 aa4:	ff 24       	eor	r15, r15
 aa6:	fa 94       	dec	r15
 aa8:	18 36       	cpi	r17, 0x68	; 104
 aaa:	19 f0       	breq	.+6      	; 0xab2 <vfscanf+0xce>
 aac:	1c 36       	cpi	r17, 0x6C	; 108
 aae:	51 f0       	breq	.+20     	; 0xac4 <vfscanf+0xe0>
 ab0:	10 c0       	rjmp	.+32     	; 0xad2 <vfscanf+0xee>
 ab2:	fe 01       	movw	r30, r28
 ab4:	e3 fc       	sbrc	r14, 3
 ab6:	15 91       	lpm	r17, Z+
 ab8:	e3 fe       	sbrs	r14, 3
 aba:	11 91       	ld	r17, Z+
 abc:	ef 01       	movw	r28, r30
 abe:	18 36       	cpi	r17, 0x68	; 104
 ac0:	41 f4       	brne	.+16     	; 0xad2 <vfscanf+0xee>
 ac2:	08 60       	ori	r16, 0x08	; 8
 ac4:	04 60       	ori	r16, 0x04	; 4
 ac6:	fe 01       	movw	r30, r28
 ac8:	e3 fc       	sbrc	r14, 3
 aca:	15 91       	lpm	r17, Z+
 acc:	e3 fe       	sbrs	r14, 3
 ace:	11 91       	ld	r17, Z+
 ad0:	ef 01       	movw	r28, r30
 ad2:	11 23       	and	r17, r17
 ad4:	09 f4       	brne	.+2      	; 0xad8 <vfscanf+0xf4>
 ad6:	8d c0       	rjmp	.+282    	; 0xbf2 <vfscanf+0x20e>
 ad8:	61 2f       	mov	r22, r17
 ada:	70 e0       	ldi	r23, 0x00	; 0
 adc:	88 e6       	ldi	r24, 0x68	; 104
 ade:	90 e0       	ldi	r25, 0x00	; 0
 ae0:	0e 94 0c 06 	call	0xc18	; 0xc18 <strchr_P>
 ae4:	89 2b       	or	r24, r25
 ae6:	09 f4       	brne	.+2      	; 0xaea <vfscanf+0x106>
 ae8:	84 c0       	rjmp	.+264    	; 0xbf2 <vfscanf+0x20e>
 aea:	00 fd       	sbrc	r16, 0
 aec:	07 c0       	rjmp	.+14     	; 0xafc <vfscanf+0x118>
 aee:	f5 01       	movw	r30, r10
 af0:	80 80       	ld	r8, Z
 af2:	91 80       	ldd	r9, Z+1	; 0x01
 af4:	c5 01       	movw	r24, r10
 af6:	02 96       	adiw	r24, 0x02	; 2
 af8:	5c 01       	movw	r10, r24
 afa:	02 c0       	rjmp	.+4      	; 0xb00 <vfscanf+0x11c>
 afc:	81 2c       	mov	r8, r1
 afe:	91 2c       	mov	r9, r1
 b00:	1e 36       	cpi	r17, 0x6E	; 110
 b02:	51 f4       	brne	.+20     	; 0xb18 <vfscanf+0x134>
 b04:	f6 01       	movw	r30, r12
 b06:	46 81       	ldd	r20, Z+6	; 0x06
 b08:	57 81       	ldd	r21, Z+7	; 0x07
 b0a:	60 e0       	ldi	r22, 0x00	; 0
 b0c:	70 e0       	ldi	r23, 0x00	; 0
 b0e:	20 2f       	mov	r18, r16
 b10:	c4 01       	movw	r24, r8
 b12:	0e 94 56 03 	call	0x6ac	; 0x6ac <putval>
 b16:	73 cf       	rjmp	.-282    	; 0x9fe <vfscanf+0x1a>
 b18:	13 36       	cpi	r17, 0x63	; 99
 b1a:	a9 f4       	brne	.+42     	; 0xb46 <vfscanf+0x162>
 b1c:	01 fd       	sbrc	r16, 1
 b1e:	02 c0       	rjmp	.+4      	; 0xb24 <vfscanf+0x140>
 b20:	ff 24       	eor	r15, r15
 b22:	f3 94       	inc	r15
 b24:	c6 01       	movw	r24, r12
 b26:	0e 94 2d 06 	call	0xc5a	; 0xc5a <fgetc>
 b2a:	97 fd       	sbrc	r25, 7
 b2c:	60 c0       	rjmp	.+192    	; 0xbee <vfscanf+0x20a>
 b2e:	81 14       	cp	r8, r1
 b30:	91 04       	cpc	r9, r1
 b32:	29 f0       	breq	.+10     	; 0xb3e <vfscanf+0x15a>
 b34:	f4 01       	movw	r30, r8
 b36:	80 83       	st	Z, r24
 b38:	c4 01       	movw	r24, r8
 b3a:	01 96       	adiw	r24, 0x01	; 1
 b3c:	4c 01       	movw	r8, r24
 b3e:	fa 94       	dec	r15
 b40:	f1 10       	cpse	r15, r1
 b42:	f0 cf       	rjmp	.-32     	; 0xb24 <vfscanf+0x140>
 b44:	50 c0       	rjmp	.+160    	; 0xbe6 <vfscanf+0x202>
 b46:	1b 35       	cpi	r17, 0x5B	; 91
 b48:	59 f4       	brne	.+22     	; 0xb60 <vfscanf+0x17c>
 b4a:	9e 01       	movw	r18, r28
 b4c:	a4 01       	movw	r20, r8
 b4e:	6f 2d       	mov	r22, r15
 b50:	c6 01       	movw	r24, r12
 b52:	0e 94 34 04 	call	0x868	; 0x868 <conv_brk>
 b56:	ec 01       	movw	r28, r24
 b58:	89 2b       	or	r24, r25
 b5a:	09 f0       	breq	.+2      	; 0xb5e <vfscanf+0x17a>
 b5c:	44 c0       	rjmp	.+136    	; 0xbe6 <vfscanf+0x202>
 b5e:	3e c0       	rjmp	.+124    	; 0xbdc <vfscanf+0x1f8>
 b60:	c6 01       	movw	r24, r12
 b62:	0e 94 89 03 	call	0x712	; 0x712 <skip_spaces>
 b66:	97 fd       	sbrc	r25, 7
 b68:	42 c0       	rjmp	.+132    	; 0xbee <vfscanf+0x20a>
 b6a:	1f 36       	cpi	r17, 0x6F	; 111
 b6c:	61 f1       	breq	.+88     	; 0xbc6 <vfscanf+0x1e2>
 b6e:	28 f4       	brcc	.+10     	; 0xb7a <vfscanf+0x196>
 b70:	14 36       	cpi	r17, 0x64	; 100
 b72:	39 f1       	breq	.+78     	; 0xbc2 <vfscanf+0x1de>
 b74:	19 36       	cpi	r17, 0x69	; 105
 b76:	51 f1       	breq	.+84     	; 0xbcc <vfscanf+0x1e8>
 b78:	28 c0       	rjmp	.+80     	; 0xbca <vfscanf+0x1e6>
 b7a:	13 37       	cpi	r17, 0x73	; 115
 b7c:	71 f0       	breq	.+28     	; 0xb9a <vfscanf+0x1b6>
 b7e:	15 37       	cpi	r17, 0x75	; 117
 b80:	01 f1       	breq	.+64     	; 0xbc2 <vfscanf+0x1de>
 b82:	23 c0       	rjmp	.+70     	; 0xbca <vfscanf+0x1e6>
 b84:	81 14       	cp	r8, r1
 b86:	91 04       	cpc	r9, r1
 b88:	29 f0       	breq	.+10     	; 0xb94 <vfscanf+0x1b0>
 b8a:	f4 01       	movw	r30, r8
 b8c:	60 82       	st	Z, r6
 b8e:	c4 01       	movw	r24, r8
 b90:	01 96       	adiw	r24, 0x01	; 1
 b92:	4c 01       	movw	r8, r24
 b94:	fa 94       	dec	r15
 b96:	ff 20       	and	r15, r15
 b98:	71 f0       	breq	.+28     	; 0xbb6 <vfscanf+0x1d2>
 b9a:	c6 01       	movw	r24, r12
 b9c:	0e 94 2d 06 	call	0xc5a	; 0xc5a <fgetc>
 ba0:	3c 01       	movw	r6, r24
 ba2:	97 fd       	sbrc	r25, 7
 ba4:	08 c0       	rjmp	.+16     	; 0xbb6 <vfscanf+0x1d2>
 ba6:	0e 94 03 06 	call	0xc06	; 0xc06 <isspace>
 baa:	89 2b       	or	r24, r25
 bac:	59 f3       	breq	.-42     	; 0xb84 <vfscanf+0x1a0>
 bae:	b6 01       	movw	r22, r12
 bb0:	c3 01       	movw	r24, r6
 bb2:	0e 94 a7 06 	call	0xd4e	; 0xd4e <ungetc>
 bb6:	81 14       	cp	r8, r1
 bb8:	91 04       	cpc	r9, r1
 bba:	a9 f0       	breq	.+42     	; 0xbe6 <vfscanf+0x202>
 bbc:	f4 01       	movw	r30, r8
 bbe:	10 82       	st	Z, r1
 bc0:	12 c0       	rjmp	.+36     	; 0xbe6 <vfscanf+0x202>
 bc2:	00 62       	ori	r16, 0x20	; 32
 bc4:	03 c0       	rjmp	.+6      	; 0xbcc <vfscanf+0x1e8>
 bc6:	00 61       	ori	r16, 0x10	; 16
 bc8:	01 c0       	rjmp	.+2      	; 0xbcc <vfscanf+0x1e8>
 bca:	00 64       	ori	r16, 0x40	; 64
 bcc:	20 2f       	mov	r18, r16
 bce:	a4 01       	movw	r20, r8
 bd0:	6f 2d       	mov	r22, r15
 bd2:	c6 01       	movw	r24, r12
 bd4:	0e 94 a2 03 	call	0x744	; 0x744 <conv_int>
 bd8:	81 11       	cpse	r24, r1
 bda:	05 c0       	rjmp	.+10     	; 0xbe6 <vfscanf+0x202>
 bdc:	f6 01       	movw	r30, r12
 bde:	83 81       	ldd	r24, Z+3	; 0x03
 be0:	80 73       	andi	r24, 0x30	; 48
 be2:	29 f4       	brne	.+10     	; 0xbee <vfscanf+0x20a>
 be4:	06 c0       	rjmp	.+12     	; 0xbf2 <vfscanf+0x20e>
 be6:	00 fd       	sbrc	r16, 0
 be8:	0a cf       	rjmp	.-492    	; 0x9fe <vfscanf+0x1a>
 bea:	53 94       	inc	r5
 bec:	08 cf       	rjmp	.-496    	; 0x9fe <vfscanf+0x1a>
 bee:	55 20       	and	r5, r5
 bf0:	19 f0       	breq	.+6      	; 0xbf8 <vfscanf+0x214>
 bf2:	85 2d       	mov	r24, r5
 bf4:	90 e0       	ldi	r25, 0x00	; 0
 bf6:	02 c0       	rjmp	.+4      	; 0xbfc <vfscanf+0x218>
 bf8:	8f ef       	ldi	r24, 0xFF	; 255
 bfa:	9f ef       	ldi	r25, 0xFF	; 255
 bfc:	cd b7       	in	r28, 0x3d	; 61
 bfe:	de b7       	in	r29, 0x3e	; 62
 c00:	ef e0       	ldi	r30, 0x0F	; 15
 c02:	0c 94 40 07 	jmp	0xe80	; 0xe80 <__epilogue_restores__+0x6>

00000c06 <isspace>:
 c06:	91 11       	cpse	r25, r1
 c08:	0c 94 1e 07 	jmp	0xe3c	; 0xe3c <__ctype_isfalse>
 c0c:	80 32       	cpi	r24, 0x20	; 32
 c0e:	19 f0       	breq	.+6      	; 0xc16 <isspace+0x10>
 c10:	89 50       	subi	r24, 0x09	; 9
 c12:	85 50       	subi	r24, 0x05	; 5
 c14:	c8 f7       	brcc	.-14     	; 0xc08 <isspace+0x2>
 c16:	08 95       	ret

00000c18 <strchr_P>:
 c18:	fc 01       	movw	r30, r24
 c1a:	05 90       	lpm	r0, Z+
 c1c:	06 16       	cp	r0, r22
 c1e:	21 f0       	breq	.+8      	; 0xc28 <strchr_P+0x10>
 c20:	00 20       	and	r0, r0
 c22:	d9 f7       	brne	.-10     	; 0xc1a <strchr_P+0x2>
 c24:	c0 01       	movw	r24, r0
 c26:	08 95       	ret
 c28:	31 97       	sbiw	r30, 0x01	; 1
 c2a:	cf 01       	movw	r24, r30
 c2c:	08 95       	ret

00000c2e <strnlen_P>:
 c2e:	fc 01       	movw	r30, r24
 c30:	05 90       	lpm	r0, Z+
 c32:	61 50       	subi	r22, 0x01	; 1
 c34:	70 40       	sbci	r23, 0x00	; 0
 c36:	01 10       	cpse	r0, r1
 c38:	d8 f7       	brcc	.-10     	; 0xc30 <strnlen_P+0x2>
 c3a:	80 95       	com	r24
 c3c:	90 95       	com	r25
 c3e:	8e 0f       	add	r24, r30
 c40:	9f 1f       	adc	r25, r31
 c42:	08 95       	ret

00000c44 <strnlen>:
 c44:	fc 01       	movw	r30, r24
 c46:	61 50       	subi	r22, 0x01	; 1
 c48:	70 40       	sbci	r23, 0x00	; 0
 c4a:	01 90       	ld	r0, Z+
 c4c:	01 10       	cpse	r0, r1
 c4e:	d8 f7       	brcc	.-10     	; 0xc46 <strnlen+0x2>
 c50:	80 95       	com	r24
 c52:	90 95       	com	r25
 c54:	8e 0f       	add	r24, r30
 c56:	9f 1f       	adc	r25, r31
 c58:	08 95       	ret

00000c5a <fgetc>:
 c5a:	cf 93       	push	r28
 c5c:	df 93       	push	r29
 c5e:	ec 01       	movw	r28, r24
 c60:	2b 81       	ldd	r18, Y+3	; 0x03
 c62:	20 ff       	sbrs	r18, 0
 c64:	33 c0       	rjmp	.+102    	; 0xccc <fgetc+0x72>
 c66:	26 ff       	sbrs	r18, 6
 c68:	0a c0       	rjmp	.+20     	; 0xc7e <fgetc+0x24>
 c6a:	2f 7b       	andi	r18, 0xBF	; 191
 c6c:	2b 83       	std	Y+3, r18	; 0x03
 c6e:	8e 81       	ldd	r24, Y+6	; 0x06
 c70:	9f 81       	ldd	r25, Y+7	; 0x07
 c72:	01 96       	adiw	r24, 0x01	; 1
 c74:	9f 83       	std	Y+7, r25	; 0x07
 c76:	8e 83       	std	Y+6, r24	; 0x06
 c78:	8a 81       	ldd	r24, Y+2	; 0x02
 c7a:	90 e0       	ldi	r25, 0x00	; 0
 c7c:	29 c0       	rjmp	.+82     	; 0xcd0 <fgetc+0x76>
 c7e:	22 ff       	sbrs	r18, 2
 c80:	0f c0       	rjmp	.+30     	; 0xca0 <fgetc+0x46>
 c82:	e8 81       	ld	r30, Y
 c84:	f9 81       	ldd	r31, Y+1	; 0x01
 c86:	80 81       	ld	r24, Z
 c88:	08 2e       	mov	r0, r24
 c8a:	00 0c       	add	r0, r0
 c8c:	99 0b       	sbc	r25, r25
 c8e:	00 97       	sbiw	r24, 0x00	; 0
 c90:	19 f4       	brne	.+6      	; 0xc98 <fgetc+0x3e>
 c92:	20 62       	ori	r18, 0x20	; 32
 c94:	2b 83       	std	Y+3, r18	; 0x03
 c96:	1a c0       	rjmp	.+52     	; 0xccc <fgetc+0x72>
 c98:	31 96       	adiw	r30, 0x01	; 1
 c9a:	f9 83       	std	Y+1, r31	; 0x01
 c9c:	e8 83       	st	Y, r30
 c9e:	0e c0       	rjmp	.+28     	; 0xcbc <fgetc+0x62>
 ca0:	ea 85       	ldd	r30, Y+10	; 0x0a
 ca2:	fb 85       	ldd	r31, Y+11	; 0x0b
 ca4:	09 95       	icall
 ca6:	97 ff       	sbrs	r25, 7
 ca8:	09 c0       	rjmp	.+18     	; 0xcbc <fgetc+0x62>
 caa:	2b 81       	ldd	r18, Y+3	; 0x03
 cac:	01 96       	adiw	r24, 0x01	; 1
 cae:	11 f0       	breq	.+4      	; 0xcb4 <fgetc+0x5a>
 cb0:	80 e2       	ldi	r24, 0x20	; 32
 cb2:	01 c0       	rjmp	.+2      	; 0xcb6 <fgetc+0x5c>
 cb4:	80 e1       	ldi	r24, 0x10	; 16
 cb6:	82 2b       	or	r24, r18
 cb8:	8b 83       	std	Y+3, r24	; 0x03
 cba:	08 c0       	rjmp	.+16     	; 0xccc <fgetc+0x72>
 cbc:	2e 81       	ldd	r18, Y+6	; 0x06
 cbe:	3f 81       	ldd	r19, Y+7	; 0x07
 cc0:	2f 5f       	subi	r18, 0xFF	; 255
 cc2:	3f 4f       	sbci	r19, 0xFF	; 255
 cc4:	3f 83       	std	Y+7, r19	; 0x07
 cc6:	2e 83       	std	Y+6, r18	; 0x06
 cc8:	99 27       	eor	r25, r25
 cca:	02 c0       	rjmp	.+4      	; 0xcd0 <fgetc+0x76>
 ccc:	8f ef       	ldi	r24, 0xFF	; 255
 cce:	9f ef       	ldi	r25, 0xFF	; 255
 cd0:	df 91       	pop	r29
 cd2:	cf 91       	pop	r28
 cd4:	08 95       	ret

00000cd6 <fputc>:
 cd6:	0f 93       	push	r16
 cd8:	1f 93       	push	r17
 cda:	cf 93       	push	r28
 cdc:	df 93       	push	r29
 cde:	fb 01       	movw	r30, r22
 ce0:	23 81       	ldd	r18, Z+3	; 0x03
 ce2:	21 fd       	sbrc	r18, 1
 ce4:	03 c0       	rjmp	.+6      	; 0xcec <fputc+0x16>
 ce6:	8f ef       	ldi	r24, 0xFF	; 255
 ce8:	9f ef       	ldi	r25, 0xFF	; 255
 cea:	2c c0       	rjmp	.+88     	; 0xd44 <fputc+0x6e>
 cec:	22 ff       	sbrs	r18, 2
 cee:	16 c0       	rjmp	.+44     	; 0xd1c <fputc+0x46>
 cf0:	46 81       	ldd	r20, Z+6	; 0x06
 cf2:	57 81       	ldd	r21, Z+7	; 0x07
 cf4:	24 81       	ldd	r18, Z+4	; 0x04
 cf6:	35 81       	ldd	r19, Z+5	; 0x05
 cf8:	42 17       	cp	r20, r18
 cfa:	53 07       	cpc	r21, r19
 cfc:	44 f4       	brge	.+16     	; 0xd0e <fputc+0x38>
 cfe:	a0 81       	ld	r26, Z
 d00:	b1 81       	ldd	r27, Z+1	; 0x01
 d02:	9d 01       	movw	r18, r26
 d04:	2f 5f       	subi	r18, 0xFF	; 255
 d06:	3f 4f       	sbci	r19, 0xFF	; 255
 d08:	31 83       	std	Z+1, r19	; 0x01
 d0a:	20 83       	st	Z, r18
 d0c:	8c 93       	st	X, r24
 d0e:	26 81       	ldd	r18, Z+6	; 0x06
 d10:	37 81       	ldd	r19, Z+7	; 0x07
 d12:	2f 5f       	subi	r18, 0xFF	; 255
 d14:	3f 4f       	sbci	r19, 0xFF	; 255
 d16:	37 83       	std	Z+7, r19	; 0x07
 d18:	26 83       	std	Z+6, r18	; 0x06
 d1a:	14 c0       	rjmp	.+40     	; 0xd44 <fputc+0x6e>
 d1c:	8b 01       	movw	r16, r22
 d1e:	ec 01       	movw	r28, r24
 d20:	fb 01       	movw	r30, r22
 d22:	00 84       	ldd	r0, Z+8	; 0x08
 d24:	f1 85       	ldd	r31, Z+9	; 0x09
 d26:	e0 2d       	mov	r30, r0
 d28:	09 95       	icall
 d2a:	89 2b       	or	r24, r25
 d2c:	e1 f6       	brne	.-72     	; 0xce6 <fputc+0x10>
 d2e:	d8 01       	movw	r26, r16
 d30:	16 96       	adiw	r26, 0x06	; 6
 d32:	8d 91       	ld	r24, X+
 d34:	9c 91       	ld	r25, X
 d36:	17 97       	sbiw	r26, 0x07	; 7
 d38:	01 96       	adiw	r24, 0x01	; 1
 d3a:	17 96       	adiw	r26, 0x07	; 7
 d3c:	9c 93       	st	X, r25
 d3e:	8e 93       	st	-X, r24
 d40:	16 97       	sbiw	r26, 0x06	; 6
 d42:	ce 01       	movw	r24, r28
 d44:	df 91       	pop	r29
 d46:	cf 91       	pop	r28
 d48:	1f 91       	pop	r17
 d4a:	0f 91       	pop	r16
 d4c:	08 95       	ret

00000d4e <ungetc>:
 d4e:	fb 01       	movw	r30, r22
 d50:	23 81       	ldd	r18, Z+3	; 0x03
 d52:	20 ff       	sbrs	r18, 0
 d54:	12 c0       	rjmp	.+36     	; 0xd7a <ungetc+0x2c>
 d56:	26 fd       	sbrc	r18, 6
 d58:	10 c0       	rjmp	.+32     	; 0xd7a <ungetc+0x2c>
 d5a:	8f 3f       	cpi	r24, 0xFF	; 255
 d5c:	3f ef       	ldi	r19, 0xFF	; 255
 d5e:	93 07       	cpc	r25, r19
 d60:	61 f0       	breq	.+24     	; 0xd7a <ungetc+0x2c>
 d62:	82 83       	std	Z+2, r24	; 0x02
 d64:	2f 7d       	andi	r18, 0xDF	; 223
 d66:	20 64       	ori	r18, 0x40	; 64
 d68:	23 83       	std	Z+3, r18	; 0x03
 d6a:	26 81       	ldd	r18, Z+6	; 0x06
 d6c:	37 81       	ldd	r19, Z+7	; 0x07
 d6e:	21 50       	subi	r18, 0x01	; 1
 d70:	31 09       	sbc	r19, r1
 d72:	37 83       	std	Z+7, r19	; 0x07
 d74:	26 83       	std	Z+6, r18	; 0x06
 d76:	99 27       	eor	r25, r25
 d78:	08 95       	ret
 d7a:	8f ef       	ldi	r24, 0xFF	; 255
 d7c:	9f ef       	ldi	r25, 0xFF	; 255
 d7e:	08 95       	ret

00000d80 <__ultoa_invert>:
 d80:	fa 01       	movw	r30, r20
 d82:	aa 27       	eor	r26, r26
 d84:	28 30       	cpi	r18, 0x08	; 8
 d86:	51 f1       	breq	.+84     	; 0xddc <__ultoa_invert+0x5c>
 d88:	20 31       	cpi	r18, 0x10	; 16
 d8a:	81 f1       	breq	.+96     	; 0xdec <__ultoa_invert+0x6c>
 d8c:	e8 94       	clt
 d8e:	6f 93       	push	r22
 d90:	6e 7f       	andi	r22, 0xFE	; 254
 d92:	6e 5f       	subi	r22, 0xFE	; 254
 d94:	7f 4f       	sbci	r23, 0xFF	; 255
 d96:	8f 4f       	sbci	r24, 0xFF	; 255
 d98:	9f 4f       	sbci	r25, 0xFF	; 255
 d9a:	af 4f       	sbci	r26, 0xFF	; 255
 d9c:	b1 e0       	ldi	r27, 0x01	; 1
 d9e:	3e d0       	rcall	.+124    	; 0xe1c <__ultoa_invert+0x9c>
 da0:	b4 e0       	ldi	r27, 0x04	; 4
 da2:	3c d0       	rcall	.+120    	; 0xe1c <__ultoa_invert+0x9c>
 da4:	67 0f       	add	r22, r23
 da6:	78 1f       	adc	r23, r24
 da8:	89 1f       	adc	r24, r25
 daa:	9a 1f       	adc	r25, r26
 dac:	a1 1d       	adc	r26, r1
 dae:	68 0f       	add	r22, r24
 db0:	79 1f       	adc	r23, r25
 db2:	8a 1f       	adc	r24, r26
 db4:	91 1d       	adc	r25, r1
 db6:	a1 1d       	adc	r26, r1
 db8:	6a 0f       	add	r22, r26
 dba:	71 1d       	adc	r23, r1
 dbc:	81 1d       	adc	r24, r1
 dbe:	91 1d       	adc	r25, r1
 dc0:	a1 1d       	adc	r26, r1
 dc2:	20 d0       	rcall	.+64     	; 0xe04 <__ultoa_invert+0x84>
 dc4:	09 f4       	brne	.+2      	; 0xdc8 <__ultoa_invert+0x48>
 dc6:	68 94       	set
 dc8:	3f 91       	pop	r19
 dca:	2a e0       	ldi	r18, 0x0A	; 10
 dcc:	26 9f       	mul	r18, r22
 dce:	11 24       	eor	r1, r1
 dd0:	30 19       	sub	r19, r0
 dd2:	30 5d       	subi	r19, 0xD0	; 208
 dd4:	31 93       	st	Z+, r19
 dd6:	de f6       	brtc	.-74     	; 0xd8e <__ultoa_invert+0xe>
 dd8:	cf 01       	movw	r24, r30
 dda:	08 95       	ret
 ddc:	46 2f       	mov	r20, r22
 dde:	47 70       	andi	r20, 0x07	; 7
 de0:	40 5d       	subi	r20, 0xD0	; 208
 de2:	41 93       	st	Z+, r20
 de4:	b3 e0       	ldi	r27, 0x03	; 3
 de6:	0f d0       	rcall	.+30     	; 0xe06 <__ultoa_invert+0x86>
 de8:	c9 f7       	brne	.-14     	; 0xddc <__ultoa_invert+0x5c>
 dea:	f6 cf       	rjmp	.-20     	; 0xdd8 <__ultoa_invert+0x58>
 dec:	46 2f       	mov	r20, r22
 dee:	4f 70       	andi	r20, 0x0F	; 15
 df0:	40 5d       	subi	r20, 0xD0	; 208
 df2:	4a 33       	cpi	r20, 0x3A	; 58
 df4:	18 f0       	brcs	.+6      	; 0xdfc <__ultoa_invert+0x7c>
 df6:	49 5d       	subi	r20, 0xD9	; 217
 df8:	31 fd       	sbrc	r19, 1
 dfa:	40 52       	subi	r20, 0x20	; 32
 dfc:	41 93       	st	Z+, r20
 dfe:	02 d0       	rcall	.+4      	; 0xe04 <__ultoa_invert+0x84>
 e00:	a9 f7       	brne	.-22     	; 0xdec <__ultoa_invert+0x6c>
 e02:	ea cf       	rjmp	.-44     	; 0xdd8 <__ultoa_invert+0x58>
 e04:	b4 e0       	ldi	r27, 0x04	; 4
 e06:	a6 95       	lsr	r26
 e08:	97 95       	ror	r25
 e0a:	87 95       	ror	r24
 e0c:	77 95       	ror	r23
 e0e:	67 95       	ror	r22
 e10:	ba 95       	dec	r27
 e12:	c9 f7       	brne	.-14     	; 0xe06 <__ultoa_invert+0x86>
 e14:	00 97       	sbiw	r24, 0x00	; 0
 e16:	61 05       	cpc	r22, r1
 e18:	71 05       	cpc	r23, r1
 e1a:	08 95       	ret
 e1c:	9b 01       	movw	r18, r22
 e1e:	ac 01       	movw	r20, r24
 e20:	0a 2e       	mov	r0, r26
 e22:	06 94       	lsr	r0
 e24:	57 95       	ror	r21
 e26:	47 95       	ror	r20
 e28:	37 95       	ror	r19
 e2a:	27 95       	ror	r18
 e2c:	ba 95       	dec	r27
 e2e:	c9 f7       	brne	.-14     	; 0xe22 <__ultoa_invert+0xa2>
 e30:	62 0f       	add	r22, r18
 e32:	73 1f       	adc	r23, r19
 e34:	84 1f       	adc	r24, r20
 e36:	95 1f       	adc	r25, r21
 e38:	a0 1d       	adc	r26, r0
 e3a:	08 95       	ret

00000e3c <__ctype_isfalse>:
 e3c:	99 27       	eor	r25, r25
 e3e:	88 27       	eor	r24, r24

00000e40 <__ctype_istrue>:
 e40:	08 95       	ret

00000e42 <__prologue_saves__>:
 e42:	2f 92       	push	r2
 e44:	3f 92       	push	r3
 e46:	4f 92       	push	r4
 e48:	5f 92       	push	r5
 e4a:	6f 92       	push	r6
 e4c:	7f 92       	push	r7
 e4e:	8f 92       	push	r8
 e50:	9f 92       	push	r9
 e52:	af 92       	push	r10
 e54:	bf 92       	push	r11
 e56:	cf 92       	push	r12
 e58:	df 92       	push	r13
 e5a:	ef 92       	push	r14
 e5c:	ff 92       	push	r15
 e5e:	0f 93       	push	r16
 e60:	1f 93       	push	r17
 e62:	cf 93       	push	r28
 e64:	df 93       	push	r29
 e66:	cd b7       	in	r28, 0x3d	; 61
 e68:	de b7       	in	r29, 0x3e	; 62
 e6a:	ca 1b       	sub	r28, r26
 e6c:	db 0b       	sbc	r29, r27
 e6e:	0f b6       	in	r0, 0x3f	; 63
 e70:	f8 94       	cli
 e72:	de bf       	out	0x3e, r29	; 62
 e74:	0f be       	out	0x3f, r0	; 63
 e76:	cd bf       	out	0x3d, r28	; 61
 e78:	09 94       	ijmp

00000e7a <__epilogue_restores__>:
 e7a:	2a 88       	ldd	r2, Y+18	; 0x12
 e7c:	39 88       	ldd	r3, Y+17	; 0x11
 e7e:	48 88       	ldd	r4, Y+16	; 0x10
 e80:	5f 84       	ldd	r5, Y+15	; 0x0f
 e82:	6e 84       	ldd	r6, Y+14	; 0x0e
 e84:	7d 84       	ldd	r7, Y+13	; 0x0d
 e86:	8c 84       	ldd	r8, Y+12	; 0x0c
 e88:	9b 84       	ldd	r9, Y+11	; 0x0b
 e8a:	aa 84       	ldd	r10, Y+10	; 0x0a
 e8c:	b9 84       	ldd	r11, Y+9	; 0x09
 e8e:	c8 84       	ldd	r12, Y+8	; 0x08
 e90:	df 80       	ldd	r13, Y+7	; 0x07
 e92:	ee 80       	ldd	r14, Y+6	; 0x06
 e94:	fd 80       	ldd	r15, Y+5	; 0x05
 e96:	0c 81       	ldd	r16, Y+4	; 0x04
 e98:	1b 81       	ldd	r17, Y+3	; 0x03
 e9a:	aa 81       	ldd	r26, Y+2	; 0x02
 e9c:	b9 81       	ldd	r27, Y+1	; 0x01
 e9e:	ce 0f       	add	r28, r30
 ea0:	d1 1d       	adc	r29, r1
 ea2:	0f b6       	in	r0, 0x3f	; 63
 ea4:	f8 94       	cli
 ea6:	de bf       	out	0x3e, r29	; 62
 ea8:	0f be       	out	0x3f, r0	; 63
 eaa:	cd bf       	out	0x3d, r28	; 61
 eac:	ed 01       	movw	r28, r26
 eae:	08 95       	ret

00000eb0 <_exit>:
 eb0:	f8 94       	cli

00000eb2 <__stop_program>:
 eb2:	ff cf       	rjmp	.-2      	; 0xeb2 <__stop_program>
