
zad3.elf:     file format elf32-avr

Sections:
Idx Name          Size      VMA       LMA       File off  Algn
  0 .data         00000000  00800100  000001c2  00000236  2**0
                  CONTENTS, ALLOC, LOAD, DATA
  1 .text         000001c2  00000000  00000000  00000074  2**1
                  CONTENTS, ALLOC, LOAD, READONLY, CODE
  2 .stab         00000900  00000000  00000000  00000238  2**2
                  CONTENTS, READONLY, DEBUGGING
  3 .stabstr      00000c77  00000000  00000000  00000b38  2**0
                  CONTENTS, READONLY, DEBUGGING
  4 .comment      00000011  00000000  00000000  000017af  2**0
                  CONTENTS, READONLY
  5 .note.gnu.avr.deviceinfo 00000040  00000000  00000000  000017c0  2**2
                  CONTENTS, READONLY
  6 .debug_info   000005f4  00000000  00000000  00001800  2**0
                  CONTENTS, READONLY, DEBUGGING
  7 .debug_abbrev 000005a2  00000000  00000000  00001df4  2**0
                  CONTENTS, READONLY, DEBUGGING
  8 .debug_line   0000001a  00000000  00000000  00002396  2**0
                  CONTENTS, READONLY, DEBUGGING
  9 .debug_str    00000208  00000000  00000000  000023b0  2**0
                  CONTENTS, READONLY, DEBUGGING

Disassembly of section .text:

00000000 <__vectors>:
   0:	0c 94 34 00 	jmp	0x68	; 0x68 <__ctors_end>
   4:	0c 94 3e 00 	jmp	0x7c	; 0x7c <__bad_interrupt>
   8:	0c 94 3e 00 	jmp	0x7c	; 0x7c <__bad_interrupt>
   c:	0c 94 3e 00 	jmp	0x7c	; 0x7c <__bad_interrupt>
  10:	0c 94 3e 00 	jmp	0x7c	; 0x7c <__bad_interrupt>
  14:	0c 94 3e 00 	jmp	0x7c	; 0x7c <__bad_interrupt>
  18:	0c 94 3e 00 	jmp	0x7c	; 0x7c <__bad_interrupt>
  1c:	0c 94 3e 00 	jmp	0x7c	; 0x7c <__bad_interrupt>
  20:	0c 94 3e 00 	jmp	0x7c	; 0x7c <__bad_interrupt>
  24:	0c 94 3e 00 	jmp	0x7c	; 0x7c <__bad_interrupt>
  28:	0c 94 3e 00 	jmp	0x7c	; 0x7c <__bad_interrupt>
  2c:	0c 94 3e 00 	jmp	0x7c	; 0x7c <__bad_interrupt>
  30:	0c 94 3e 00 	jmp	0x7c	; 0x7c <__bad_interrupt>
  34:	0c 94 3e 00 	jmp	0x7c	; 0x7c <__bad_interrupt>
  38:	0c 94 3e 00 	jmp	0x7c	; 0x7c <__bad_interrupt>
  3c:	0c 94 3e 00 	jmp	0x7c	; 0x7c <__bad_interrupt>
  40:	0c 94 3e 00 	jmp	0x7c	; 0x7c <__bad_interrupt>
  44:	0c 94 3e 00 	jmp	0x7c	; 0x7c <__bad_interrupt>
  48:	0c 94 3e 00 	jmp	0x7c	; 0x7c <__bad_interrupt>
  4c:	0c 94 3e 00 	jmp	0x7c	; 0x7c <__bad_interrupt>
  50:	0c 94 3e 00 	jmp	0x7c	; 0x7c <__bad_interrupt>
  54:	0c 94 3e 00 	jmp	0x7c	; 0x7c <__bad_interrupt>
  58:	0c 94 3e 00 	jmp	0x7c	; 0x7c <__bad_interrupt>
  5c:	0c 94 3e 00 	jmp	0x7c	; 0x7c <__bad_interrupt>
  60:	0c 94 3e 00 	jmp	0x7c	; 0x7c <__bad_interrupt>
  64:	0c 94 3e 00 	jmp	0x7c	; 0x7c <__bad_interrupt>

00000068 <__ctors_end>:
  68:	11 24       	eor	r1, r1
  6a:	1f be       	out	0x3f, r1	; 63
  6c:	cf ef       	ldi	r28, 0xFF	; 255
  6e:	d8 e0       	ldi	r29, 0x08	; 8
  70:	de bf       	out	0x3e, r29	; 62
  72:	cd bf       	out	0x3d, r28	; 61
  74:	0e 94 40 00 	call	0x80	; 0x80 <main>
  78:	0c 94 df 00 	jmp	0x1be	; 0x1be <_exit>

0000007c <__bad_interrupt>:
  7c:	0c 94 00 00 	jmp	0	; 0x0 <__vectors>

00000080 <main>:
PD6 - G
PD7 - DOT
*/

int main() {
  UCSR0B &= ~_BV(RXEN0) & ~_BV(TXEN0);
  80:	e1 ec       	ldi	r30, 0xC1	; 193
  82:	f0 e0       	ldi	r31, 0x00	; 0
  84:	80 81       	ld	r24, Z
  86:	87 7e       	andi	r24, 0xE7	; 231
  88:	80 83       	st	Z, r24

  DDRD = 0b11111111;
  8a:	8f ef       	ldi	r24, 0xFF	; 255
  8c:	8a b9       	out	0x0a, r24	; 10
  
  reset();
  8e:	8b b9       	out	0x0b, r24	; 11
	#else
		//round up by default
		__ticks_dc = (uint32_t)(ceil(fabs(__tmp)));
	#endif

	__builtin_avr_delay_cycles(__ticks_dc);
  90:	2f ef       	ldi	r18, 0xFF	; 255
  92:	33 ed       	ldi	r19, 0xD3	; 211
  94:	90 e3       	ldi	r25, 0x30	; 48
  96:	21 50       	subi	r18, 0x01	; 1
  98:	30 40       	sbci	r19, 0x00	; 0
  9a:	90 40       	sbci	r25, 0x00	; 0
  9c:	e1 f7       	brne	.-8      	; 0x96 <main+0x16>
  9e:	00 c0       	rjmp	.+0      	; 0xa0 <main+0x20>
  a0:	00 00       	nop
  _delay_ms(1000);
  light_led(up);
  a2:	58 98       	cbi	0x0b, 0	; 11
  light_led(right_down);
  a4:	5a 98       	cbi	0x0b, 2	; 11
  light_led(right_up);
  a6:	59 98       	cbi	0x0b, 1	; 11
  light_led(down);
  a8:	5b 98       	cbi	0x0b, 3	; 11
  light_led(left_down);
  aa:	5c 98       	cbi	0x0b, 4	; 11
  light_led(left_up);
  ac:	5d 98       	cbi	0x0b, 5	; 11
  ae:	2f ef       	ldi	r18, 0xFF	; 255
  b0:	33 ed       	ldi	r19, 0xD3	; 211
  b2:	90 e3       	ldi	r25, 0x30	; 48
  b4:	21 50       	subi	r18, 0x01	; 1
  b6:	30 40       	sbci	r19, 0x00	; 0
  b8:	90 40       	sbci	r25, 0x00	; 0
  ba:	e1 f7       	brne	.-8      	; 0xb4 <main+0x34>
  bc:	00 c0       	rjmp	.+0      	; 0xbe <main+0x3e>
  be:	00 00       	nop
  
  _delay_ms(1000);
  reset();
  c0:	8b b9       	out	0x0b, r24	; 11
  light_led(right_down);
  c2:	5a 98       	cbi	0x0b, 2	; 11
  light_led(right_up);
  c4:	59 98       	cbi	0x0b, 1	; 11
  c6:	2f ef       	ldi	r18, 0xFF	; 255
  c8:	33 ed       	ldi	r19, 0xD3	; 211
  ca:	90 e3       	ldi	r25, 0x30	; 48
  cc:	21 50       	subi	r18, 0x01	; 1
  ce:	30 40       	sbci	r19, 0x00	; 0
  d0:	90 40       	sbci	r25, 0x00	; 0
  d2:	e1 f7       	brne	.-8      	; 0xcc <main+0x4c>
  d4:	00 c0       	rjmp	.+0      	; 0xd6 <main+0x56>
  d6:	00 00       	nop

  _delay_ms(1000);
  reset();
  d8:	8b b9       	out	0x0b, r24	; 11
  light_led(up);
  da:	58 98       	cbi	0x0b, 0	; 11
  light_led(middle);
  dc:	5e 98       	cbi	0x0b, 6	; 11
  light_led(right_up);
  de:	59 98       	cbi	0x0b, 1	; 11
  light_led(down);
  e0:	5b 98       	cbi	0x0b, 3	; 11
  light_led(left_down);
  e2:	5c 98       	cbi	0x0b, 4	; 11
  e4:	2f ef       	ldi	r18, 0xFF	; 255
  e6:	33 ed       	ldi	r19, 0xD3	; 211
  e8:	90 e3       	ldi	r25, 0x30	; 48
  ea:	21 50       	subi	r18, 0x01	; 1
  ec:	30 40       	sbci	r19, 0x00	; 0
  ee:	90 40       	sbci	r25, 0x00	; 0
  f0:	e1 f7       	brne	.-8      	; 0xea <main+0x6a>
  f2:	00 c0       	rjmp	.+0      	; 0xf4 <main+0x74>
  f4:	00 00       	nop

  _delay_ms(1000);
  reset();
  f6:	8b b9       	out	0x0b, r24	; 11
  light_led(up);
  f8:	58 98       	cbi	0x0b, 0	; 11
  light_led(right_down);
  fa:	5a 98       	cbi	0x0b, 2	; 11
  light_led(right_up);
  fc:	59 98       	cbi	0x0b, 1	; 11
  light_led(down);
  fe:	5b 98       	cbi	0x0b, 3	; 11
  light_led(middle);
 100:	5e 98       	cbi	0x0b, 6	; 11
 102:	2f ef       	ldi	r18, 0xFF	; 255
 104:	33 ed       	ldi	r19, 0xD3	; 211
 106:	90 e3       	ldi	r25, 0x30	; 48
 108:	21 50       	subi	r18, 0x01	; 1
 10a:	30 40       	sbci	r19, 0x00	; 0
 10c:	90 40       	sbci	r25, 0x00	; 0
 10e:	e1 f7       	brne	.-8      	; 0x108 <main+0x88>
 110:	00 c0       	rjmp	.+0      	; 0x112 <main+0x92>
 112:	00 00       	nop

  _delay_ms(1000);
  reset();
 114:	8b b9       	out	0x0b, r24	; 11
  light_led(right_down);
 116:	5a 98       	cbi	0x0b, 2	; 11
  light_led(right_up);
 118:	59 98       	cbi	0x0b, 1	; 11
  light_led(middle);
 11a:	5e 98       	cbi	0x0b, 6	; 11
  light_led(left_up);
 11c:	5d 98       	cbi	0x0b, 5	; 11
 11e:	2f ef       	ldi	r18, 0xFF	; 255
 120:	33 ed       	ldi	r19, 0xD3	; 211
 122:	90 e3       	ldi	r25, 0x30	; 48
 124:	21 50       	subi	r18, 0x01	; 1
 126:	30 40       	sbci	r19, 0x00	; 0
 128:	90 40       	sbci	r25, 0x00	; 0
 12a:	e1 f7       	brne	.-8      	; 0x124 <main+0xa4>
 12c:	00 c0       	rjmp	.+0      	; 0x12e <main+0xae>
 12e:	00 00       	nop

  _delay_ms(1000);
  reset();
 130:	8b b9       	out	0x0b, r24	; 11
  light_led(up);
 132:	58 98       	cbi	0x0b, 0	; 11
  light_led(right_down);
 134:	5a 98       	cbi	0x0b, 2	; 11
  light_led(down);
 136:	5b 98       	cbi	0x0b, 3	; 11
  light_led(left_up);
 138:	5d 98       	cbi	0x0b, 5	; 11
  light_led(middle);
 13a:	5e 98       	cbi	0x0b, 6	; 11
 13c:	2f ef       	ldi	r18, 0xFF	; 255
 13e:	33 ed       	ldi	r19, 0xD3	; 211
 140:	90 e3       	ldi	r25, 0x30	; 48
 142:	21 50       	subi	r18, 0x01	; 1
 144:	30 40       	sbci	r19, 0x00	; 0
 146:	90 40       	sbci	r25, 0x00	; 0
 148:	e1 f7       	brne	.-8      	; 0x142 <main+0xc2>
 14a:	00 c0       	rjmp	.+0      	; 0x14c <main+0xcc>
 14c:	00 00       	nop

  _delay_ms(1000);
  reset();
 14e:	8b b9       	out	0x0b, r24	; 11
  light_led(up);
 150:	58 98       	cbi	0x0b, 0	; 11
  light_led(right_down);
 152:	5a 98       	cbi	0x0b, 2	; 11
  light_led(down);
 154:	5b 98       	cbi	0x0b, 3	; 11
  light_led(left_down);
 156:	5c 98       	cbi	0x0b, 4	; 11
  light_led(left_up);
 158:	5d 98       	cbi	0x0b, 5	; 11
  light_led(middle);
 15a:	5e 98       	cbi	0x0b, 6	; 11
 15c:	2f ef       	ldi	r18, 0xFF	; 255
 15e:	33 ed       	ldi	r19, 0xD3	; 211
 160:	90 e3       	ldi	r25, 0x30	; 48
 162:	21 50       	subi	r18, 0x01	; 1
 164:	30 40       	sbci	r19, 0x00	; 0
 166:	90 40       	sbci	r25, 0x00	; 0
 168:	e1 f7       	brne	.-8      	; 0x162 <main+0xe2>
 16a:	00 c0       	rjmp	.+0      	; 0x16c <main+0xec>
 16c:	00 00       	nop

  _delay_ms(1000);
  reset();
 16e:	8b b9       	out	0x0b, r24	; 11
  light_led(up);
 170:	58 98       	cbi	0x0b, 0	; 11
  light_led(right_down);
 172:	5a 98       	cbi	0x0b, 2	; 11
  light_led(right_up);
 174:	59 98       	cbi	0x0b, 1	; 11
 176:	2f ef       	ldi	r18, 0xFF	; 255
 178:	33 ed       	ldi	r19, 0xD3	; 211
 17a:	90 e3       	ldi	r25, 0x30	; 48
 17c:	21 50       	subi	r18, 0x01	; 1
 17e:	30 40       	sbci	r19, 0x00	; 0
 180:	90 40       	sbci	r25, 0x00	; 0
 182:	e1 f7       	brne	.-8      	; 0x17c <main+0xfc>
 184:	00 c0       	rjmp	.+0      	; 0x186 <main+0x106>
 186:	00 00       	nop

  _delay_ms(1000);
  reset();
 188:	8b b9       	out	0x0b, r24	; 11
  light_led(up);
 18a:	58 98       	cbi	0x0b, 0	; 11
  light_led(right_down);
 18c:	5a 98       	cbi	0x0b, 2	; 11
  light_led(right_up);
 18e:	59 98       	cbi	0x0b, 1	; 11
  light_led(down);
 190:	5b 98       	cbi	0x0b, 3	; 11
  light_led(left_down);
 192:	5c 98       	cbi	0x0b, 4	; 11
  light_led(left_up);
 194:	5d 98       	cbi	0x0b, 5	; 11
  light_led(middle);
 196:	5e 98       	cbi	0x0b, 6	; 11
 198:	2f ef       	ldi	r18, 0xFF	; 255
 19a:	33 ed       	ldi	r19, 0xD3	; 211
 19c:	90 e3       	ldi	r25, 0x30	; 48
 19e:	21 50       	subi	r18, 0x01	; 1
 1a0:	30 40       	sbci	r19, 0x00	; 0
 1a2:	90 40       	sbci	r25, 0x00	; 0
 1a4:	e1 f7       	brne	.-8      	; 0x19e <main+0x11e>
 1a6:	00 c0       	rjmp	.+0      	; 0x1a8 <main+0x128>
 1a8:	00 00       	nop

  _delay_ms(1000);
  reset();
 1aa:	8b b9       	out	0x0b, r24	; 11
  light_led(up);
 1ac:	58 98       	cbi	0x0b, 0	; 11
  light_led(right_down);
 1ae:	5a 98       	cbi	0x0b, 2	; 11
  light_led(right_up);
 1b0:	59 98       	cbi	0x0b, 1	; 11
  light_led(down);
 1b2:	5b 98       	cbi	0x0b, 3	; 11
  light_led(left_up);
 1b4:	5d 98       	cbi	0x0b, 5	; 11
  light_led(middle);
 1b6:	5e 98       	cbi	0x0b, 6	; 11
 1b8:	80 e0       	ldi	r24, 0x00	; 0
 1ba:	90 e0       	ldi	r25, 0x00	; 0
 1bc:	08 95       	ret

000001be <_exit>:
 1be:	f8 94       	cli

000001c0 <__stop_program>:
 1c0:	ff cf       	rjmp	.-2      	; 0x1c0 <__stop_program>
